Log file open, 12/19/21 22:48:00
LogWindows: Failed to load 'aqProf.dll' (GetLastError=126)
LogWindows: File 'aqProf.dll' does not exist
LogWindows: Failed to load 'VtuneApi.dll' (GetLastError=126)
LogWindows: File 'VtuneApi.dll' does not exist
LogWindows: Failed to load 'VtuneApi32e.dll' (GetLastError=126)
LogWindows: File 'VtuneApi32e.dll' does not exist
LogConsoleResponse: Display: Failed to find resolution value strings in scalability ini. Falling back to default.
LogConsoleResponse: Display: Failed to find resolution value strings in scalability ini. Falling back to default.
LogInit: Display: Running engine for game: Abstraction
LogPlatformFile: Not using cached read wrapper
LogTaskGraph: Started task graph with 5 named threads and 47 total threads with 3 sets of task threads.
LogStats: Stats thread started at 0.313411
LogICUInternationalization: ICU TimeZone Detection - Raw Offset: -7:00, Platform Override: ''
LogInit: Display: Loading text-based GConfig....
LogPluginManager: Mounting plugin MeshPainting
LogPluginManager: Mounting plugin XGEController
LogPluginManager: Mounting plugin Paper2D
LogPluginManager: Mounting plugin LiveLink
LogPluginManager: Mounting plugin AISupport
LogPluginManager: Mounting plugin EnvironmentQueryEditor
LogPluginManager: Mounting plugin CameraShakePreviewer
LogPluginManager: Mounting plugin GameplayCameras
LogPluginManager: Mounting plugin OodleData
LogPluginManager: Mounting plugin OodleNetwork
LogPluginManager: Mounting plugin LightPropagationVolume
LogPluginManager: Mounting plugin DatasmithContent
LogPluginManager: Mounting plugin VariantManagerContent
LogPluginManager: Mounting plugin AssetManagerEditor
LogPluginManager: Mounting plugin CryptoKeys
LogPluginManager: Mounting plugin CurveEditorTools
LogPluginManager: Mounting plugin DataValidation
LogPluginManager: Mounting plugin GameplayTagsEditor
LogPluginManager: Mounting plugin GeometryMode
LogPluginManager: Mounting plugin MacGraphicsSwitching
LogPluginManager: Mounting plugin MaterialAnalyzer
LogPluginManager: Mounting plugin MobileLauncherProfileWizard
LogPluginManager: Mounting plugin PluginBrowser
LogPluginManager: Mounting plugin SpeedTreeImporter
LogPluginManager: Mounting plugin Niagara
LogPluginManager: Mounting plugin FacialAnimation
LogPluginManager: Mounting plugin AnimationSharing
LogPluginManager: Mounting plugin CLionSourceCodeAccess
LogPluginManager: Mounting plugin CodeLiteSourceCodeAccess
LogPluginManager: Mounting plugin NullSourceCodeAccess
LogPluginManager: Mounting plugin KDevelopSourceCodeAccess
LogPluginManager: Mounting plugin PerforceSourceControl
LogPluginManager: Mounting plugin PixWinPlugin
LogPluginManager: Mounting plugin PlasticSourceControl
LogPluginManager: Mounting plugin GitSourceControl
LogPluginManager: Mounting plugin PluginUtils
LogPluginManager: Mounting plugin RiderSourceCodeAccess
LogPluginManager: Mounting plugin TextureFormatOodle
LogPluginManager: Mounting plugin SubversionSourceControl
LogPluginManager: Mounting plugin UObjectPlugin
LogPluginManager: Mounting plugin PropertyAccessNode
LogPluginManager: Mounting plugin VisualStudioCodeSourceCodeAccess
LogPluginManager: Mounting plugin XCodeSourceCodeAccess
LogPluginManager: Mounting plugin LuminPlatformFeatures
LogPluginManager: Mounting plugin VisualStudioSourceCodeAccess
LogPluginManager: Mounting plugin MagicLeap
LogPluginManager: Mounting plugin MagicLeapLightEstimation
LogPluginManager: Mounting plugin MagicLeapMedia
LogPluginManager: Mounting plugin MagicLeapPassableWorld
LogPluginManager: Mounting plugin MLSDK
LogPluginManager: Mounting plugin AlembicImporter
LogPluginManager: Mounting plugin BackChannel
LogPluginManager: Mounting plugin AutomationUtils
LogPluginManager: Mounting plugin ChaosCloth
LogPluginManager: Mounting plugin ChaosClothEditor
LogPluginManager: Mounting plugin ChaosEditor
LogPluginManager: Mounting plugin ChaosNiagara
LogPluginManager: Mounting plugin ChaosSolverPlugin
LogPluginManager: Mounting plugin CharacterAI
LogPluginManager: Mounting plugin GeometryCache
LogPluginManager: Mounting plugin AndroidMedia
LogPluginManager: Mounting plugin GeometryCollectionPlugin
LogPluginManager: Mounting plugin AvfMedia
LogPluginManager: Mounting plugin ImgMedia
LogPluginManager: Mounting plugin MediaCompositing
LogPluginManager: Mounting plugin TcpMessaging
LogPluginManager: Mounting plugin UdpMessaging
LogPluginManager: Mounting plugin ActorSequence
LogPluginManager: Mounting plugin LevelSequenceEditor
LogPluginManager: Mounting plugin TemplateSequence
LogPluginManager: Mounting plugin MediaPlayerEditor
LogPluginManager: Mounting plugin OnlineSubsystem
LogPluginManager: Mounting plugin WebMMedia
LogPluginManager: Mounting plugin WmfMedia
LogPluginManager: Mounting plugin OnlineSubsystemNull
LogPluginManager: Mounting plugin OnlineSubsystemUtils
LogPluginManager: Mounting plugin GeometryProcessing
LogPluginManager: Mounting plugin MotoSynth
LogPluginManager: Mounting plugin PlatformCrypto
LogPluginManager: Mounting plugin ProxyLODPlugin
LogPluginManager: Mounting plugin OpenImageDenoise
LogPluginManager: Mounting plugin PythonScriptPlugin
LogPluginManager: Mounting plugin PlanarCut
LogPluginManager: Mounting plugin LauncherChunkInstaller
LogPluginManager: Mounting plugin SkeletalReduction
LogPluginManager: Mounting plugin ActorLayerUtilities
LogPluginManager: Mounting plugin AndroidMoviePlayer
LogPluginManager: Mounting plugin AndroidDeviceProfileSelector
LogPluginManager: Mounting plugin AndroidPermission
LogPluginManager: Mounting plugin AppleMoviePlayer
LogPluginManager: Mounting plugin AppleImageUtils
LogPluginManager: Mounting plugin AssetTags
LogPluginManager: Mounting plugin ArchVisCharacter
LogPluginManager: Mounting plugin AudioSynesthesia
LogPluginManager: Mounting plugin AudioCapture
LogPluginManager: Mounting plugin MatineeToLevelSequence
LogPluginManager: Mounting plugin CableComponent
LogPluginManager: Mounting plugin ChunkDownloader
LogPluginManager: Mounting plugin CustomMeshComponent
LogPluginManager: Mounting plugin EditableMesh
LogPluginManager: Mounting plugin ExampleDeviceProfileSelector
LogPluginManager: Mounting plugin GoogleCloudMessaging
LogPluginManager: Mounting plugin GooglePAD
LogPluginManager: Mounting plugin ScreenshotTools
LogPluginManager: Mounting plugin IOSDeviceProfileSelector
LogPluginManager: Mounting plugin LinuxDeviceProfileSelector
LogPluginManager: Mounting plugin MobilePatchingUtils
LogPluginManager: Mounting plugin OpenXR
LogPluginManager: Mounting plugin OpenXREyeTracker
LogPluginManager: Mounting plugin OpenXRHandTracking
LogPluginManager: Mounting plugin PhysXVehicles
LogPluginManager: Mounting plugin LocationServicesBPLibrary
LogPluginManager: Mounting plugin Takes
LogPluginManager: Mounting plugin PostSplashScreen
LogPluginManager: Mounting plugin ProceduralMeshComponent
LogPluginManager: Mounting plugin PropertyAccessEditor
LogPluginManager: Mounting plugin RuntimePhysXCooking
LogPluginManager: Mounting plugin SoundFields
LogPluginManager: Mounting plugin SignificanceManager
LogPluginManager: Mounting plugin Synthesis
LogPluginManager: Mounting plugin WebMMoviePlayer
LogPluginManager: Mounting plugin WindowsMoviePlayer
LogPluginManager: Mounting plugin ContentBrowserAssetDataSource
LogPluginManager: Mounting plugin ContentBrowserFileDataSource
LogPluginManager: Mounting plugin ContentBrowserClassDataSource
LogPluginManager: Mounting plugin OnlineSubsystemGooglePlay
LogPluginManager: Mounting plugin OnlineSubsystemIOS
LogPluginManager: Mounting plugin OculusVR
LogPluginManager: Mounting plugin SteamVR
PixWinPlugin: PIX capture plugin failed to initialize! Check that the process is launched from PIX.
LogInit: Using libcurl 7.55.1-DEV
LogInit:  - built for x86_64-pc-win32
LogInit:  - supports SSL with OpenSSL/1.1.1
LogInit:  - supports HTTP deflate (compression) using libz 1.2.8
LogInit:  - other features:
LogInit:      CURL_VERSION_SSL
LogInit:      CURL_VERSION_LIBZ
LogInit:      CURL_VERSION_IPV6
LogInit:      CURL_VERSION_ASYNCHDNS
LogInit:      CURL_VERSION_LARGEFILE
LogInit:      CURL_VERSION_IDN
LogInit:  CurlRequestOptions (configurable via config and command line):
LogInit:  - bVerifyPeer = true  - Libcurl will verify peer certificate
LogInit:  - bUseHttpProxy = false  - Libcurl will NOT use HTTP proxy
LogInit:  - bDontReuseConnections = false  - Libcurl will reuse connections
LogInit:  - MaxHostConnections = 16  - Libcurl will limit the number of connections to a host
LogInit:  - LocalHostAddr = Default
LogInit:  - BufferSize = 65536
LogOnline: OSS: Creating online subsystem instance for: NULL
LogInit: WinSock: version 1.1 (2.2), MaxSocks=32767, MaxUdp=65467
LogOnline: OSS: TryLoadSubsystemAndSetDefault: Loaded subsystem for module [NULL]
LogOculusPluginWrapper: OculusPlugin initialized successfully
LogHMD: Failed initializing OVRPlugin 1.59.0
LogInit: Build: ++UE4+Release-4.27-CL-18319896
LogInit: Engine Version: 4.27.2-18319896+++UE4+Release-4.27
LogInit: Compatible Engine Version: 4.27.0-17155196+++UE4+Release-4.27
LogInit: Net CL: 17155196
LogInit: OS: Windows 10 (Release 2009) (), CPU: AMD Ryzen 7 5800H with Radeon Graphics         , GPU: AMD Radeon(TM) Graphics
LogInit: Compiled (64-bit): Nov 30 2021 07:12:08
LogInit: Compiled with Visual C++: 19.24.28315.00
LogInit: Build Configuration: Development
LogInit: Branch Name: ++UE4+Release-4.27
LogInit: Command Line: 
LogInit: Base Directory: C:/Program Files/Epic Games/UE_4.27/Engine/Binaries/Win64/
LogInit: Allocator: TBB
LogInit: Installed Engine Build: 1
LogDevObjectVersion: Number of dev versions registered: 29
LogDevObjectVersion:   Dev-Blueprints (B0D832E4-1F89-4F0D-ACCF-7EB736FD4AA2): 10
LogDevObjectVersion:   Dev-Build (E1C64328-A22C-4D53-A36C-8E866417BD8C): 0
LogDevObjectVersion:   Dev-Core (375EC13C-06E4-48FB-B500-84F0262A717E): 4
LogDevObjectVersion:   Dev-Editor (E4B068ED-F494-42E9-A231-DA0B2E46BB41): 40
LogDevObjectVersion:   Dev-Framework (CFFC743F-43B0-4480-9391-14DF171D2073): 37
LogDevObjectVersion:   Dev-Mobile (B02B49B5-BB20-44E9-A304-32B752E40360): 3
LogDevObjectVersion:   Dev-Networking (A4E4105C-59A1-49B5-A7C5-40C4547EDFEE): 0
LogDevObjectVersion:   Dev-Online (39C831C9-5AE6-47DC-9A44-9C173E1C8E7C): 0
LogDevObjectVersion:   Dev-Physics (78F01B33-EBEA-4F98-B9B4-84EACCB95AA2): 14
LogDevObjectVersion:   Dev-Platform (6631380F-2D4D-43E0-8009-CF276956A95A): 0
LogDevObjectVersion:   Dev-Rendering (12F88B9F-8875-4AFC-A67C-D90C383ABD29): 45
LogDevObjectVersion:   Dev-Sequencer (7B5AE74C-D270-4C10-A958-57980B212A5A): 13
LogDevObjectVersion:   Dev-VR (D7296918-1DD6-4BDD-9DE2-64A83CC13884): 3
LogDevObjectVersion:   Dev-LoadTimes (C2A15278-BFE7-4AFE-6C17-90FF531DF755): 1
LogDevObjectVersion:   Private-Geometry (6EACA3D4-40EC-4CC1-B786-8BED09428FC5): 3
LogDevObjectVersion:   Dev-AnimPhys (29E575DD-E0A3-4627-9D10-D276232CDCEA): 17
LogDevObjectVersion:   Dev-Anim (AF43A65D-7FD3-4947-9873-3E8ED9C1BB05): 15
LogDevObjectVersion:   Dev-ReflectionCapture (6B266CEC-1EC7-4B8F-A30B-E4D90942FC07): 1
LogDevObjectVersion:   Dev-Automation (0DF73D61-A23F-47EA-B727-89E90C41499A): 1
LogDevObjectVersion:   FortniteMain (601D1886-AC64-4F84-AA16-D3DE0DEAC7D6): 47
LogDevObjectVersion:   FortniteRelease (E7086368-6B23-4C58-8439-1B7016265E91): 1
LogDevObjectVersion:   Dev-Enterprise (9DFFBCD6-494F-0158-E221-12823C92A888): 10
LogDevObjectVersion:   Dev-Niagara (F2AED0AC-9AFE-416F-8664-AA7FFA26D6FC): 1
LogDevObjectVersion:   Dev-Destruction (174F1F0B-B4C6-45A5-B13F-2EE8D0FB917D): 10
LogDevObjectVersion:   Dev-Physics-Ext (35F94A83-E258-406C-A318-09F59610247C): 41
LogDevObjectVersion:   Dev-PhysicsMaterial-Chaos (B68FC16E-8B1B-42E2-B453-215C058844FE): 1
LogDevObjectVersion:   Dev-CineCamera (B2E18506-4273-CFC2-A54E-F4BB758BBA07): 1
LogDevObjectVersion:   Dev-VirtualProduction (64F58936-FD1B-42BA-BA96-7289D5D0FA4E): 1
LogDevObjectVersion:   Dev-MediaFramework (6F0ED827-A609-4895-9C91-998D90180EA4): 2
LogInit: Presizing for max 25165824 objects, including 0 objects not considered by GC, pre-allocating 0 bytes for permanent pool.
LogConfig: Applying CVar settings from Section [/Script/Engine.StreamingSettings] File [C:/Users/willi/OneDrive/Documents/Unreal Projects/Abstraction/Abstraction/Saved/Config/Windows/Engine.ini]
LogConfig: Setting CVar [[s.MinBulkDataSizeForAsyncLoading:131072]]
LogConfig: Setting CVar [[s.AsyncLoadingThreadEnabled:0]]
LogConfig: Setting CVar [[s.EventDrivenLoaderEnabled:1]]
LogConfig: Setting CVar [[s.WarnIfTimeLimitExceeded:0]]
LogConfig: Setting CVar [[s.TimeLimitExceededMultiplier:1.5]]
LogConfig: Setting CVar [[s.TimeLimitExceededMinTime:0.005]]
LogConfig: Setting CVar [[s.UseBackgroundLevelStreaming:1]]
LogConfig: Setting CVar [[s.PriorityAsyncLoadingExtraTime:15.0]]
LogConfig: Setting CVar [[s.LevelStreamingActorsUpdateTimeLimit:5.0]]
LogConfig: Setting CVar [[s.PriorityLevelStreamingActorsUpdateExtraTime:5.0]]
LogConfig: Setting CVar [[s.LevelStreamingComponentsRegistrationGranularity:10]]
LogConfig: Setting CVar [[s.UnregisterComponentsTimeLimit:1.0]]
LogConfig: Setting CVar [[s.LevelStreamingComponentsUnregistrationGranularity:5]]
LogConfig: Setting CVar [[s.FlushStreamingOnExit:1]]
LogInit: Object subsystem initialized
LogConfig: Setting CVar [[con.DebugEarlyDefault:1]]
LogConfig: Setting CVar [[r.setres:1280x720]]
[2021.12.20-05.48.00:851][  0]LogConfig: Setting CVar [[r.VSync:0]]
[2021.12.20-05.48.00:851][  0]LogConfig: Setting CVar [[r.RHICmdBypass:0]]
[2021.12.20-05.48.00:851][  0]LogConfig: Applying CVar settings from Section [/Script/Engine.RendererSettings] File [C:/Users/willi/OneDrive/Documents/Unreal Projects/Abstraction/Abstraction/Saved/Config/Windows/Engine.ini]
[2021.12.20-05.48.00:851][  0]LogConfig: Setting CVar [[r.GPUCrashDebugging:0]]
[2021.12.20-05.48.00:851][  0]LogConfig: Applying CVar settings from Section [/Script/Engine.RendererOverrideSettings] File [C:/Users/willi/OneDrive/Documents/Unreal Projects/Abstraction/Abstraction/Saved/Config/Windows/Engine.ini]
[2021.12.20-05.48.00:851][  0]LogConfig: Applying CVar settings from Section [/Script/Engine.StreamingSettings] File [C:/Users/willi/OneDrive/Documents/Unreal Projects/Abstraction/Abstraction/Saved/Config/Windows/Engine.ini]
[2021.12.20-05.48.00:851][  0]LogConfig: Setting CVar [[s.MinBulkDataSizeForAsyncLoading:131072]]
[2021.12.20-05.48.00:851][  0]LogConfig: Setting CVar [[s.AsyncLoadingThreadEnabled:0]]
[2021.12.20-05.48.00:851][  0]LogConfig: Setting CVar [[s.EventDrivenLoaderEnabled:1]]
[2021.12.20-05.48.00:851][  0]LogConfig: Setting CVar [[s.WarnIfTimeLimitExceeded:0]]
[2021.12.20-05.48.00:851][  0]LogConfig: Setting CVar [[s.TimeLimitExceededMultiplier:1.5]]
[2021.12.20-05.48.00:851][  0]LogConfig: Setting CVar [[s.TimeLimitExceededMinTime:0.005]]
[2021.12.20-05.48.00:851][  0]LogConfig: Setting CVar [[s.UseBackgroundLevelStreaming:1]]
[2021.12.20-05.48.00:851][  0]LogConfig: Setting CVar [[s.PriorityAsyncLoadingExtraTime:15.0]]
[2021.12.20-05.48.00:851][  0]LogConfig: Setting CVar [[s.LevelStreamingActorsUpdateTimeLimit:5.0]]
[2021.12.20-05.48.00:851][  0]LogConfig: Setting CVar [[s.PriorityLevelStreamingActorsUpdateExtraTime:5.0]]
[2021.12.20-05.48.00:851][  0]LogConfig: Setting CVar [[s.LevelStreamingComponentsRegistrationGranularity:10]]
[2021.12.20-05.48.00:851][  0]LogConfig: Setting CVar [[s.UnregisterComponentsTimeLimit:1.0]]
[2021.12.20-05.48.00:851][  0]LogConfig: Setting CVar [[s.LevelStreamingComponentsUnregistrationGranularity:5]]
[2021.12.20-05.48.00:851][  0]LogConfig: Setting CVar [[s.FlushStreamingOnExit:1]]
[2021.12.20-05.48.00:851][  0]LogConfig: Applying CVar settings from Section [/Script/Engine.GarbageCollectionSettings] File [C:/Users/willi/OneDrive/Documents/Unreal Projects/Abstraction/Abstraction/Saved/Config/Windows/Engine.ini]
[2021.12.20-05.48.00:851][  0]LogConfig: Setting CVar [[gc.MaxObjectsNotConsideredByGC:1]]
[2021.12.20-05.48.00:851][  0]LogConfig: Setting CVar [[gc.SizeOfPermanentObjectPool:0]]
[2021.12.20-05.48.00:851][  0]LogConfig: Setting CVar [[gc.FlushStreamingOnGC:0]]
[2021.12.20-05.48.00:851][  0]LogConfig: Setting CVar [[gc.NumRetriesBeforeForcingGC:10]]
[2021.12.20-05.48.00:851][  0]LogConfig: Setting CVar [[gc.AllowParallelGC:1]]
[2021.12.20-05.48.00:851][  0]LogConfig: Setting CVar [[gc.TimeBetweenPurgingPendingKillObjects:61.1]]
[2021.12.20-05.48.00:852][  0]LogConfig: Setting CVar [[gc.MaxObjectsInEditor:25165824]]
[2021.12.20-05.48.00:852][  0]LogConfig: Setting CVar [[gc.IncrementalBeginDestroyEnabled:1]]
[2021.12.20-05.48.00:852][  0]LogConfig: Setting CVar [[gc.CreateGCClusters:1]]
[2021.12.20-05.48.00:852][  0]LogConfig: Setting CVar [[gc.MinGCClusterSize:5]]
[2021.12.20-05.48.00:852][  0]LogConfig: Setting CVar [[gc.ActorClusteringEnabled:0]]
[2021.12.20-05.48.00:852][  0]LogConfig: Setting CVar [[gc.BlueprintClusteringEnabled:0]]
[2021.12.20-05.48.00:852][  0]LogConfig: Setting CVar [[gc.UseDisregardForGCOnDedicatedServers:0]]
[2021.12.20-05.48.00:852][  0]LogConfig: Setting CVar [[gc.MultithreadedDestructionEnabled:1]]
[2021.12.20-05.48.00:852][  0]LogConfig: Applying CVar settings from Section [/Script/Engine.NetworkSettings] File [C:/Users/willi/OneDrive/Documents/Unreal Projects/Abstraction/Abstraction/Saved/Config/Windows/Engine.ini]
[2021.12.20-05.48.00:852][  0]LogConfig: Applying CVar settings from Section [/Script/UnrealEd.CookerSettings] File [C:/Users/willi/OneDrive/Documents/Unreal Projects/Abstraction/Abstraction/Saved/Config/Windows/Engine.ini]
[2021.12.20-05.48.00:856][  0]LogConfig: Applying CVar settings from Section [ViewDistanceQuality@3] File [C:/Users/willi/OneDrive/Documents/Unreal Projects/Abstraction/Abstraction/Saved/Config/Windows/Scalability.ini]
[2021.12.20-05.48.00:856][  0]LogConfig: Setting CVar [[r.SkeletalMeshLODBias:0]]
[2021.12.20-05.48.00:856][  0]LogConfig: Setting CVar [[r.ViewDistanceScale:1.0]]
[2021.12.20-05.48.00:856][  0]LogConfig: Applying CVar settings from Section [AntiAliasingQuality@3] File [C:/Users/willi/OneDrive/Documents/Unreal Projects/Abstraction/Abstraction/Saved/Config/Windows/Scalability.ini]
[2021.12.20-05.48.00:856][  0]LogConfig: Setting CVar [[r.PostProcessAAQuality:4]]
[2021.12.20-05.48.00:856][  0]LogConfig: Applying CVar settings from Section [ShadowQuality@3] File [C:/Users/willi/OneDrive/Documents/Unreal Projects/Abstraction/Abstraction/Saved/Config/Windows/Scalability.ini]
[2021.12.20-05.48.00:856][  0]LogConfig: Setting CVar [[r.LightFunctionQuality:1]]
[2021.12.20-05.48.00:856][  0]LogConfig: Setting CVar [[r.ShadowQuality:5]]
[2021.12.20-05.48.00:856][  0]LogConfig: Setting CVar [[r.Shadow.CSM.MaxCascades:10]]
[2021.12.20-05.48.00:856][  0]LogConfig: Setting CVar [[r.Shadow.MaxResolution:2048]]
[2021.12.20-05.48.00:856][  0]LogConfig: Setting CVar [[r.Shadow.MaxCSMResolution:2048]]
[2021.12.20-05.48.00:856][  0]LogConfig: Setting CVar [[r.Shadow.RadiusThreshold:0.01]]
[2021.12.20-05.48.00:856][  0]LogConfig: Setting CVar [[r.Shadow.DistanceScale:1.0]]
[2021.12.20-05.48.00:856][  0]LogConfig: Setting CVar [[r.Shadow.CSM.TransitionScale:1.0]]
[2021.12.20-05.48.00:856][  0]LogConfig: Setting CVar [[r.Shadow.PreShadowResolutionFactor:1.0]]
[2021.12.20-05.48.00:857][  0]LogConfig: Setting CVar [[r.DistanceFieldShadowing:1]]
[2021.12.20-05.48.00:857][  0]LogConfig: Setting CVar [[r.DistanceFieldAO:1]]
[2021.12.20-05.48.00:857][  0]LogConfig: Setting CVar [[r.AOQuality:2]]
[2021.12.20-05.48.00:857][  0]LogConfig: Setting CVar [[r.VolumetricFog:1]]
[2021.12.20-05.48.00:857][  0]LogConfig: Setting CVar [[r.VolumetricFog.GridPixelSize:8]]
[2021.12.20-05.48.00:857][  0]LogConfig: Setting CVar [[r.VolumetricFog.GridSizeZ:128]]
[2021.12.20-05.48.00:857][  0]LogConfig: Setting CVar [[r.VolumetricFog.HistoryMissSupersampleCount:4]]
[2021.12.20-05.48.00:857][  0]LogConfig: Setting CVar [[r.LightMaxDrawDistanceScale:1]]
[2021.12.20-05.48.00:857][  0]LogConfig: Setting CVar [[r.CapsuleShadows:1]]
[2021.12.20-05.48.00:857][  0]LogConfig: Applying CVar settings from Section [PostProcessQuality@3] File [C:/Users/willi/OneDrive/Documents/Unreal Projects/Abstraction/Abstraction/Saved/Config/Windows/Scalability.ini]
[2021.12.20-05.48.00:857][  0]LogConfig: Setting CVar [[r.MotionBlurQuality:4]]
[2021.12.20-05.48.00:857][  0]LogConfig: Setting CVar [[r.AmbientOcclusionMipLevelFactor:0.4]]
[2021.12.20-05.48.00:857][  0]LogConfig: Setting CVar [[r.AmbientOcclusionMaxQuality:100]]
[2021.12.20-05.48.00:857][  0]LogConfig: Setting CVar [[r.AmbientOcclusionLevels:-1]]
[2021.12.20-05.48.00:857][  0]LogConfig: Setting CVar [[r.AmbientOcclusionRadiusScale:1.0]]
[2021.12.20-05.48.00:857][  0]LogConfig: Setting CVar [[r.DepthOfFieldQuality:2]]
[2021.12.20-05.48.00:857][  0]LogConfig: Setting CVar [[r.RenderTargetPoolMin:400]]
[2021.12.20-05.48.00:857][  0]LogConfig: Setting CVar [[r.LensFlareQuality:2]]
[2021.12.20-05.48.00:857][  0]LogConfig: Setting CVar [[r.SceneColorFringeQuality:1]]
[2021.12.20-05.48.00:857][  0]LogConfig: Setting CVar [[r.EyeAdaptationQuality:2]]
[2021.12.20-05.48.00:857][  0]LogConfig: Setting CVar [[r.BloomQuality:5]]
[2021.12.20-05.48.00:857][  0]LogConfig: Setting CVar [[r.FastBlurThreshold:100]]
[2021.12.20-05.48.00:857][  0]LogConfig: Setting CVar [[r.Upscale.Quality:3]]
[2021.12.20-05.48.00:857][  0]LogConfig: Setting CVar [[r.Tonemapper.GrainQuantization:1]]
[2021.12.20-05.48.00:857][  0]LogConfig: Setting CVar [[r.LightShaftQuality:1]]
[2021.12.20-05.48.00:857][  0]LogConfig: Setting CVar [[r.Filter.SizeScale:1]]
[2021.12.20-05.48.00:857][  0]LogConfig: Setting CVar [[r.Tonemapper.Quality:5]]
[2021.12.20-05.48.00:857][  0]LogConfig: Setting CVar [[r.DOF.Gather.AccumulatorQuality:1        ; higher gathering accumulator quality]]
[2021.12.20-05.48.00:857][  0]LogConfig: Setting CVar [[r.DOF.Gather.PostfilterMethod:1          ; Median3x3 postfilering method]]
[2021.12.20-05.48.00:857][  0]LogConfig: Setting CVar [[r.DOF.Gather.EnableBokehSettings:0       ; no bokeh simulation when gathering]]
[2021.12.20-05.48.00:857][  0]LogConfig: Setting CVar [[r.DOF.Gather.RingCount:4                 ; medium number of samples when gathering]]
[2021.12.20-05.48.00:857][  0]LogConfig: Setting CVar [[r.DOF.Scatter.ForegroundCompositing:1    ; additive foreground scattering]]
[2021.12.20-05.48.00:857][  0]LogConfig: Setting CVar [[r.DOF.Scatter.BackgroundCompositing:2    ; additive background scattering]]
[2021.12.20-05.48.00:857][  0]LogConfig: Setting CVar [[r.DOF.Scatter.EnableBokehSettings:1      ; bokeh simulation when scattering]]
[2021.12.20-05.48.00:857][  0]LogConfig: Setting CVar [[r.DOF.Scatter.MaxSpriteRatio:0.1         ; only a maximum of 10% of scattered bokeh]]
[2021.12.20-05.48.00:857][  0]LogConfig: Setting CVar [[r.DOF.Recombine.Quality:1                ; cheap slight out of focus]]
[2021.12.20-05.48.00:857][  0]LogConfig: Setting CVar [[r.DOF.Recombine.EnableBokehSettings:0    ; no bokeh simulation on slight out of focus]]
[2021.12.20-05.48.00:857][  0]LogConfig: Setting CVar [[r.DOF.TemporalAAQuality:1                ; more stable temporal accumulation]]
[2021.12.20-05.48.00:857][  0]LogConfig: Setting CVar [[r.DOF.Kernel.MaxForegroundRadius:0.025]]
[2021.12.20-05.48.00:857][  0]LogConfig: Setting CVar [[r.DOF.Kernel.MaxBackgroundRadius:0.025]]
[2021.12.20-05.48.00:857][  0]LogConfig: Applying CVar settings from Section [TextureQuality@3] File [C:/Users/willi/OneDrive/Documents/Unreal Projects/Abstraction/Abstraction/Saved/Config/Windows/Scalability.ini]
[2021.12.20-05.48.00:857][  0]LogConfig: Setting CVar [[r.Streaming.MipBias:0]]
[2021.12.20-05.48.00:857][  0]LogConfig: Setting CVar [[r.Streaming.AmortizeCPUToGPUCopy:0]]
[2021.12.20-05.48.00:857][  0]LogConfig: Setting CVar [[r.Streaming.MaxNumTexturesToStreamPerFrame:0]]
[2021.12.20-05.48.00:857][  0]LogConfig: Setting CVar [[r.Streaming.Boost:1]]
[2021.12.20-05.48.00:857][  0]LogConfig: Setting CVar [[r.MaxAnisotropy:8]]
[2021.12.20-05.48.00:857][  0]LogConfig: Setting CVar [[r.VT.MaxAnisotropy:8]]
[2021.12.20-05.48.00:857][  0]LogConfig: Setting CVar [[r.Streaming.LimitPoolSizeToVRAM:0]]
[2021.12.20-05.48.00:857][  0]LogConfig: Setting CVar [[r.Streaming.PoolSize:1000]]
[2021.12.20-05.48.00:857][  0]LogConfig: Setting CVar [[r.Streaming.MaxEffectiveScreenSize:0]]
[2021.12.20-05.48.00:857][  0]LogConfig: Applying CVar settings from Section [EffectsQuality@3] File [C:/Users/willi/OneDrive/Documents/Unreal Projects/Abstraction/Abstraction/Saved/Config/Windows/Scalability.ini]
[2021.12.20-05.48.00:857][  0]LogConfig: Setting CVar [[r.TranslucencyLightingVolumeDim:64]]
[2021.12.20-05.48.00:857][  0]LogConfig: Setting CVar [[r.RefractionQuality:2]]
[2021.12.20-05.48.00:857][  0]LogConfig: Setting CVar [[r.SSR.Quality:3]]
[2021.12.20-05.48.00:857][  0]LogConfig: Setting CVar [[r.SSR.HalfResSceneColor:0]]
[2021.12.20-05.48.00:857][  0]LogConfig: Setting CVar [[r.SceneColorFormat:4]]
[2021.12.20-05.48.00:857][  0]LogConfig: Setting CVar [[r.DetailMode:2]]
[2021.12.20-05.48.00:857][  0]LogConfig: Setting CVar [[r.TranslucencyVolumeBlur:1]]
[2021.12.20-05.48.00:857][  0]LogConfig: Setting CVar [[r.MaterialQualityLevel:1 ; High quality]]
[2021.12.20-05.48.00:857][  0]LogConfig: Setting CVar [[r.AnisotropicMaterials:1]]
[2021.12.20-05.48.00:857][  0]LogConfig: Setting CVar [[r.SSS.Scale:1]]
[2021.12.20-05.48.00:857][  0]LogConfig: Setting CVar [[r.SSS.SampleSet:2]]
[2021.12.20-05.48.00:857][  0]LogConfig: Setting CVar [[r.SSS.Quality:1]]
[2021.12.20-05.48.00:857][  0]LogConfig: Setting CVar [[r.SSS.HalfRes:0]]
[2021.12.20-05.48.00:857][  0]LogConfig: Setting CVar [[r.SSGI.Quality:3]]
[2021.12.20-05.48.00:857][  0]LogConfig: Setting CVar [[r.EmitterSpawnRateScale:1.0]]
[2021.12.20-05.48.00:857][  0]LogConfig: Setting CVar [[r.ParticleLightQuality:2]]
[2021.12.20-05.48.00:857][  0]LogConfig: Setting CVar [[r.SkyAtmosphere.AerialPerspectiveLUT.FastApplyOnOpaque:1 ; Always have FastSkyLUT 1 in this case to avoid wrong sky]]
[2021.12.20-05.48.00:857][  0]LogConfig: Setting CVar [[r.SkyAtmosphere.AerialPerspectiveLUT.SampleCountMaxPerSlice:4]]
[2021.12.20-05.48.00:857][  0]LogConfig: Setting CVar [[r.SkyAtmosphere.AerialPerspectiveLUT.DepthResolution:16.0]]
[2021.12.20-05.48.00:857][  0]LogConfig: Setting CVar [[r.SkyAtmosphere.FastSkyLUT:1]]
[2021.12.20-05.48.00:857][  0]LogConfig: Setting CVar [[r.SkyAtmosphere.FastSkyLUT.SampleCountMin:4.0]]
[2021.12.20-05.48.00:858][  0]LogConfig: Setting CVar [[r.SkyAtmosphere.FastSkyLUT.SampleCountMax:128.0]]
[2021.12.20-05.48.00:858][  0]LogConfig: Setting CVar [[r.SkyAtmosphere.SampleCountMin:4.0]]
[2021.12.20-05.48.00:858][  0]LogConfig: Setting CVar [[r.SkyAtmosphere.SampleCountMax:128.0]]
[2021.12.20-05.48.00:858][  0]LogConfig: Setting CVar [[r.SkyAtmosphere.TransmittanceLUT.UseSmallFormat:0]]
[2021.12.20-05.48.00:858][  0]LogConfig: Setting CVar [[r.SkyAtmosphere.TransmittanceLUT.SampleCount:10.0]]
[2021.12.20-05.48.00:858][  0]LogConfig: Setting CVar [[r.SkyAtmosphere.MultiScatteringLUT.SampleCount:15.0]]
[2021.12.20-05.48.00:858][  0]LogConfig: Setting CVar [[r.SkyLight.RealTimeReflectionCapture:1]]
[2021.12.20-05.48.00:858][  0]LogConfig: Applying CVar settings from Section [FoliageQuality@3] File [C:/Users/willi/OneDrive/Documents/Unreal Projects/Abstraction/Abstraction/Saved/Config/Windows/Scalability.ini]
[2021.12.20-05.48.00:858][  0]LogConfig: Setting CVar [[foliage.DensityScale:1.0]]
[2021.12.20-05.48.00:858][  0]LogConfig: Setting CVar [[grass.DensityScale:1.0]]
[2021.12.20-05.48.00:858][  0]LogConfig: Applying CVar settings from Section [ShadingQuality@3] File [C:/Users/willi/OneDrive/Documents/Unreal Projects/Abstraction/Abstraction/Saved/Config/Windows/Scalability.ini]
[2021.12.20-05.48.00:858][  0]LogConfig: Setting CVar [[r.HairStrands.SkyLighting.IntegrationType:2]]
[2021.12.20-05.48.00:858][  0]LogConfig: Setting CVar [[r.HairStrands.SkyAO.SampleCount:4]]
[2021.12.20-05.48.00:858][  0]LogConfig: Setting CVar [[r.HairStrands.Visibility.MSAA.SamplePerPixel:4]]
[2021.12.20-05.48.00:858][  0]LogInit: Selected Device Profile: [Windows]
[2021.12.20-05.48.00:858][  0]LogInit: Applying CVar settings loaded from the selected device profile: [Windows]
[2021.12.20-05.48.00:858][  0]LogHAL: Display: Platform has ~ 16 GB [16540934144 / 17179869184 / 16], which maps to Larger [LargestMinGB=32, LargerMinGB=12, DefaultMinGB=8, SmallerMinGB=6, SmallestMinGB=0)
[2021.12.20-05.48.00:858][  0]LogInit: Going up to parent DeviceProfile []
[2021.12.20-05.48.00:858][  0]LogConfig: Applying CVar settings from Section [ViewDistanceQuality@3] File [C:/Users/willi/OneDrive/Documents/Unreal Projects/Abstraction/Abstraction/Saved/Config/Windows/Scalability.ini]
[2021.12.20-05.48.00:858][  0]LogConfig: Setting CVar [[r.SkeletalMeshLODBias:0]]
[2021.12.20-05.48.00:858][  0]LogConfig: Setting CVar [[r.ViewDistanceScale:1.0]]
[2021.12.20-05.48.00:858][  0]LogConfig: Applying CVar settings from Section [AntiAliasingQuality@3] File [C:/Users/willi/OneDrive/Documents/Unreal Projects/Abstraction/Abstraction/Saved/Config/Windows/Scalability.ini]
[2021.12.20-05.48.00:858][  0]LogConfig: Setting CVar [[r.PostProcessAAQuality:4]]
[2021.12.20-05.48.00:858][  0]LogConfig: Applying CVar settings from Section [ShadowQuality@3] File [C:/Users/willi/OneDrive/Documents/Unreal Projects/Abstraction/Abstraction/Saved/Config/Windows/Scalability.ini]
[2021.12.20-05.48.00:858][  0]LogConfig: Setting CVar [[r.LightFunctionQuality:1]]
[2021.12.20-05.48.00:858][  0]LogConfig: Setting CVar [[r.ShadowQuality:5]]
[2021.12.20-05.48.00:858][  0]LogConfig: Setting CVar [[r.Shadow.CSM.MaxCascades:10]]
[2021.12.20-05.48.00:858][  0]LogConfig: Setting CVar [[r.Shadow.MaxResolution:2048]]
[2021.12.20-05.48.00:858][  0]LogConfig: Setting CVar [[r.Shadow.MaxCSMResolution:2048]]
[2021.12.20-05.48.00:858][  0]LogConfig: Setting CVar [[r.Shadow.RadiusThreshold:0.01]]
[2021.12.20-05.48.00:858][  0]LogConfig: Setting CVar [[r.Shadow.DistanceScale:1.0]]
[2021.12.20-05.48.00:858][  0]LogConfig: Setting CVar [[r.Shadow.CSM.TransitionScale:1.0]]
[2021.12.20-05.48.00:858][  0]LogConfig: Setting CVar [[r.Shadow.PreShadowResolutionFactor:1.0]]
[2021.12.20-05.48.00:858][  0]LogConfig: Setting CVar [[r.DistanceFieldShadowing:1]]
[2021.12.20-05.48.00:858][  0]LogConfig: Setting CVar [[r.DistanceFieldAO:1]]
[2021.12.20-05.48.00:858][  0]LogConfig: Setting CVar [[r.AOQuality:2]]
[2021.12.20-05.48.00:858][  0]LogConfig: Setting CVar [[r.VolumetricFog:1]]
[2021.12.20-05.48.00:858][  0]LogConfig: Setting CVar [[r.VolumetricFog.GridPixelSize:8]]
[2021.12.20-05.48.00:858][  0]LogConfig: Setting CVar [[r.VolumetricFog.GridSizeZ:128]]
[2021.12.20-05.48.00:858][  0]LogConfig: Setting CVar [[r.VolumetricFog.HistoryMissSupersampleCount:4]]
[2021.12.20-05.48.00:858][  0]LogConfig: Setting CVar [[r.LightMaxDrawDistanceScale:1]]
[2021.12.20-05.48.00:858][  0]LogConfig: Setting CVar [[r.CapsuleShadows:1]]
[2021.12.20-05.48.00:858][  0]LogConfig: Applying CVar settings from Section [PostProcessQuality@3] File [C:/Users/willi/OneDrive/Documents/Unreal Projects/Abstraction/Abstraction/Saved/Config/Windows/Scalability.ini]
[2021.12.20-05.48.00:858][  0]LogConfig: Setting CVar [[r.MotionBlurQuality:4]]
[2021.12.20-05.48.00:858][  0]LogConfig: Setting CVar [[r.AmbientOcclusionMipLevelFactor:0.4]]
[2021.12.20-05.48.00:858][  0]LogConfig: Setting CVar [[r.AmbientOcclusionMaxQuality:100]]
[2021.12.20-05.48.00:858][  0]LogConfig: Setting CVar [[r.AmbientOcclusionLevels:-1]]
[2021.12.20-05.48.00:858][  0]LogConfig: Setting CVar [[r.AmbientOcclusionRadiusScale:1.0]]
[2021.12.20-05.48.00:858][  0]LogConfig: Setting CVar [[r.DepthOfFieldQuality:2]]
[2021.12.20-05.48.00:858][  0]LogConfig: Setting CVar [[r.RenderTargetPoolMin:400]]
[2021.12.20-05.48.00:858][  0]LogConfig: Setting CVar [[r.LensFlareQuality:2]]
[2021.12.20-05.48.00:858][  0]LogConfig: Setting CVar [[r.SceneColorFringeQuality:1]]
[2021.12.20-05.48.00:858][  0]LogConfig: Setting CVar [[r.EyeAdaptationQuality:2]]
[2021.12.20-05.48.00:858][  0]LogConfig: Setting CVar [[r.BloomQuality:5]]
[2021.12.20-05.48.00:858][  0]LogConfig: Setting CVar [[r.FastBlurThreshold:100]]
[2021.12.20-05.48.00:858][  0]LogConfig: Setting CVar [[r.Upscale.Quality:3]]
[2021.12.20-05.48.00:858][  0]LogConfig: Setting CVar [[r.Tonemapper.GrainQuantization:1]]
[2021.12.20-05.48.00:858][  0]LogConfig: Setting CVar [[r.LightShaftQuality:1]]
[2021.12.20-05.48.00:858][  0]LogConfig: Setting CVar [[r.Filter.SizeScale:1]]
[2021.12.20-05.48.00:858][  0]LogConfig: Setting CVar [[r.Tonemapper.Quality:5]]
[2021.12.20-05.48.00:858][  0]LogConfig: Setting CVar [[r.DOF.Gather.AccumulatorQuality:1        ; higher gathering accumulator quality]]
[2021.12.20-05.48.00:858][  0]LogConfig: Setting CVar [[r.DOF.Gather.PostfilterMethod:1          ; Median3x3 postfilering method]]
[2021.12.20-05.48.00:858][  0]LogConfig: Setting CVar [[r.DOF.Gather.EnableBokehSettings:0       ; no bokeh simulation when gathering]]
[2021.12.20-05.48.00:858][  0]LogConfig: Setting CVar [[r.DOF.Gather.RingCount:4                 ; medium number of samples when gathering]]
[2021.12.20-05.48.00:858][  0]LogConfig: Setting CVar [[r.DOF.Scatter.ForegroundCompositing:1    ; additive foreground scattering]]
[2021.12.20-05.48.00:858][  0]LogConfig: Setting CVar [[r.DOF.Scatter.BackgroundCompositing:2    ; additive background scattering]]
[2021.12.20-05.48.00:859][  0]LogConfig: Setting CVar [[r.DOF.Scatter.EnableBokehSettings:1      ; bokeh simulation when scattering]]
[2021.12.20-05.48.00:859][  0]LogConfig: Setting CVar [[r.DOF.Scatter.MaxSpriteRatio:0.1         ; only a maximum of 10% of scattered bokeh]]
[2021.12.20-05.48.00:859][  0]LogConfig: Setting CVar [[r.DOF.Recombine.Quality:1                ; cheap slight out of focus]]
[2021.12.20-05.48.00:859][  0]LogConfig: Setting CVar [[r.DOF.Recombine.EnableBokehSettings:0    ; no bokeh simulation on slight out of focus]]
[2021.12.20-05.48.00:859][  0]LogConfig: Setting CVar [[r.DOF.TemporalAAQuality:1                ; more stable temporal accumulation]]
[2021.12.20-05.48.00:859][  0]LogConfig: Setting CVar [[r.DOF.Kernel.MaxForegroundRadius:0.025]]
[2021.12.20-05.48.00:859][  0]LogConfig: Setting CVar [[r.DOF.Kernel.MaxBackgroundRadius:0.025]]
[2021.12.20-05.48.00:859][  0]LogConfig: Applying CVar settings from Section [TextureQuality@3] File [C:/Users/willi/OneDrive/Documents/Unreal Projects/Abstraction/Abstraction/Saved/Config/Windows/Scalability.ini]
[2021.12.20-05.48.00:859][  0]LogConfig: Setting CVar [[r.Streaming.MipBias:0]]
[2021.12.20-05.48.00:859][  0]LogConfig: Setting CVar [[r.Streaming.AmortizeCPUToGPUCopy:0]]
[2021.12.20-05.48.00:859][  0]LogConfig: Setting CVar [[r.Streaming.MaxNumTexturesToStreamPerFrame:0]]
[2021.12.20-05.48.00:859][  0]LogConfig: Setting CVar [[r.Streaming.Boost:1]]
[2021.12.20-05.48.00:859][  0]LogConfig: Setting CVar [[r.MaxAnisotropy:8]]
[2021.12.20-05.48.00:859][  0]LogConfig: Setting CVar [[r.VT.MaxAnisotropy:8]]
[2021.12.20-05.48.00:859][  0]LogConfig: Setting CVar [[r.Streaming.LimitPoolSizeToVRAM:0]]
[2021.12.20-05.48.00:859][  0]LogConfig: Setting CVar [[r.Streaming.PoolSize:1000]]
[2021.12.20-05.48.00:859][  0]LogConfig: Setting CVar [[r.Streaming.MaxEffectiveScreenSize:0]]
[2021.12.20-05.48.00:859][  0]LogConfig: Applying CVar settings from Section [EffectsQuality@3] File [C:/Users/willi/OneDrive/Documents/Unreal Projects/Abstraction/Abstraction/Saved/Config/Windows/Scalability.ini]
[2021.12.20-05.48.00:859][  0]LogConfig: Setting CVar [[r.TranslucencyLightingVolumeDim:64]]
[2021.12.20-05.48.00:859][  0]LogConfig: Setting CVar [[r.RefractionQuality:2]]
[2021.12.20-05.48.00:859][  0]LogConfig: Setting CVar [[r.SSR.Quality:3]]
[2021.12.20-05.48.00:859][  0]LogConfig: Setting CVar [[r.SSR.HalfResSceneColor:0]]
[2021.12.20-05.48.00:859][  0]LogConfig: Setting CVar [[r.SceneColorFormat:4]]
[2021.12.20-05.48.00:859][  0]LogConfig: Setting CVar [[r.DetailMode:2]]
[2021.12.20-05.48.00:859][  0]LogConfig: Setting CVar [[r.TranslucencyVolumeBlur:1]]
[2021.12.20-05.48.00:859][  0]LogConfig: Setting CVar [[r.MaterialQualityLevel:1 ; High quality]]
[2021.12.20-05.48.00:859][  0]LogConfig: Setting CVar [[r.AnisotropicMaterials:1]]
[2021.12.20-05.48.00:859][  0]LogConfig: Setting CVar [[r.SSS.Scale:1]]
[2021.12.20-05.48.00:859][  0]LogConfig: Setting CVar [[r.SSS.SampleSet:2]]
[2021.12.20-05.48.00:859][  0]LogConfig: Setting CVar [[r.SSS.Quality:1]]
[2021.12.20-05.48.00:859][  0]LogConfig: Setting CVar [[r.SSS.HalfRes:0]]
[2021.12.20-05.48.00:859][  0]LogConfig: Setting CVar [[r.SSGI.Quality:3]]
[2021.12.20-05.48.00:859][  0]LogConfig: Setting CVar [[r.EmitterSpawnRateScale:1.0]]
[2021.12.20-05.48.00:859][  0]LogConfig: Setting CVar [[r.ParticleLightQuality:2]]
[2021.12.20-05.48.00:859][  0]LogConfig: Setting CVar [[r.SkyAtmosphere.AerialPerspectiveLUT.FastApplyOnOpaque:1 ; Always have FastSkyLUT 1 in this case to avoid wrong sky]]
[2021.12.20-05.48.00:859][  0]LogConfig: Setting CVar [[r.SkyAtmosphere.AerialPerspectiveLUT.SampleCountMaxPerSlice:4]]
[2021.12.20-05.48.00:859][  0]LogConfig: Setting CVar [[r.SkyAtmosphere.AerialPerspectiveLUT.DepthResolution:16.0]]
[2021.12.20-05.48.00:859][  0]LogConfig: Setting CVar [[r.SkyAtmosphere.FastSkyLUT:1]]
[2021.12.20-05.48.00:859][  0]LogConfig: Setting CVar [[r.SkyAtmosphere.FastSkyLUT.SampleCountMin:4.0]]
[2021.12.20-05.48.00:859][  0]LogConfig: Setting CVar [[r.SkyAtmosphere.FastSkyLUT.SampleCountMax:128.0]]
[2021.12.20-05.48.00:859][  0]LogConfig: Setting CVar [[r.SkyAtmosphere.SampleCountMin:4.0]]
[2021.12.20-05.48.00:859][  0]LogConfig: Setting CVar [[r.SkyAtmosphere.SampleCountMax:128.0]]
[2021.12.20-05.48.00:859][  0]LogConfig: Setting CVar [[r.SkyAtmosphere.TransmittanceLUT.UseSmallFormat:0]]
[2021.12.20-05.48.00:859][  0]LogConfig: Setting CVar [[r.SkyAtmosphere.TransmittanceLUT.SampleCount:10.0]]
[2021.12.20-05.48.00:859][  0]LogConfig: Setting CVar [[r.SkyAtmosphere.MultiScatteringLUT.SampleCount:15.0]]
[2021.12.20-05.48.00:859][  0]LogConfig: Setting CVar [[r.SkyLight.RealTimeReflectionCapture:1]]
[2021.12.20-05.48.00:859][  0]LogConfig: Applying CVar settings from Section [FoliageQuality@3] File [C:/Users/willi/OneDrive/Documents/Unreal Projects/Abstraction/Abstraction/Saved/Config/Windows/Scalability.ini]
[2021.12.20-05.48.00:859][  0]LogConfig: Setting CVar [[foliage.DensityScale:1.0]]
[2021.12.20-05.48.00:859][  0]LogConfig: Setting CVar [[grass.DensityScale:1.0]]
[2021.12.20-05.48.00:859][  0]LogConfig: Applying CVar settings from Section [ShadingQuality@3] File [C:/Users/willi/OneDrive/Documents/Unreal Projects/Abstraction/Abstraction/Saved/Config/Windows/Scalability.ini]
[2021.12.20-05.48.00:859][  0]LogConfig: Setting CVar [[r.HairStrands.SkyLighting.IntegrationType:2]]
[2021.12.20-05.48.00:859][  0]LogConfig: Setting CVar [[r.HairStrands.SkyAO.SampleCount:4]]
[2021.12.20-05.48.00:859][  0]LogConfig: Setting CVar [[r.HairStrands.Visibility.MSAA.SamplePerPixel:4]]
[2021.12.20-05.48.00:859][  0]LogConfig: Applying CVar settings from Section [Startup] File [../../../Engine/Config/ConsoleVariables.ini]
[2021.12.20-05.48.00:860][  0]LogConfig: Setting CVar [[net.UseAdaptiveNetUpdateFrequency:0]]
[2021.12.20-05.48.00:860][  0]LogConfig: Setting CVar [[p.chaos.AllowCreatePhysxBodies:1]]
[2021.12.20-05.48.00:860][  0]LogConfig: Setting CVar [[fx.SkipVectorVMBackendOptimizations:1]]
[2021.12.20-05.48.00:860][  0]LogConfig: Applying CVar settings from Section [ConsoleVariables] File [C:/Users/willi/OneDrive/Documents/Unreal Projects/Abstraction/Abstraction/Saved/Config/Windows/Engine.ini]
[2021.12.20-05.48.00:860][  0]LogConfig: Applying CVar settings from Section [ConsoleVariables] File [C:/Users/willi/OneDrive/Documents/Unreal Projects/Abstraction/Abstraction/Saved/Config/Windows/Editor.ini]
[2021.12.20-05.48.00:861][  0]LogInit: Computer: LAPTOP-0U3AVAT7
[2021.12.20-05.48.00:861][  0]LogInit: User: willi
[2021.12.20-05.48.00:861][  0]LogInit: CPU Page size=4096, Cores=8
[2021.12.20-05.48.00:861][  0]LogInit: High frequency timer resolution =10.000000 MHz
[2021.12.20-05.48.00:861][  0]LogMemory: Memory total: Physical=15.4GB (16GB approx)
[2021.12.20-05.48.00:861][  0]LogMemory: Platform Memory Stats for Windows
[2021.12.20-05.48.00:861][  0]LogMemory: Process Physical Memory: 146.20 MB used, 146.20 MB peak
[2021.12.20-05.48.00:861][  0]LogMemory: Process Virtual Memory: 129.49 MB used, 129.49 MB peak
[2021.12.20-05.48.00:861][  0]LogMemory: Physical Memory: 10706.55 MB used,  5068.11 MB free, 15774.66 MB total
[2021.12.20-05.48.00:861][  0]LogMemory: Virtual Memory: 134214064.00 MB used,  3662.57 MB free, 134217728.00 MB total
[2021.12.20-05.48.00:867][  0]LogWindows: WindowsPlatformFeatures enabled
[2021.12.20-05.48.00:912][  0]LogInit: Physics initialised using underlying interface: PhysX
[2021.12.20-05.48.00:913][  0]LogInit: Using OS detected language (en-US).
[2021.12.20-05.48.00:913][  0]LogInit: Using OS detected locale (en-US).
[2021.12.20-05.48.00:916][  0]LogTextLocalizationManager: No specific localization for 'en-US' exists, so the 'en' localization will be used.
[2021.12.20-05.48.01:151][  0]LogInit: Setting process to per monitor DPI aware
[2021.12.20-05.48.01:164][  0]LogWindowsTextInputMethodSystem: Display: IME system deactivated.
[2021.12.20-05.48.01:178][  0]LogSlate: New Slate User Created.  User Index 0, Is Virtual User: 0
[2021.12.20-05.48.01:178][  0]LogSlate: Slate User Registered.  User Index 0, Is Virtual User: 0
[2021.12.20-05.48.01:357][  0]LogD3D11RHI: Loaded GFSDK_Aftermath_Lib.x64.dll
[2021.12.20-05.48.01:420][  0]LogHMD: Failed to initialize OpenVR with code 110
[2021.12.20-05.48.01:420][  0]LogD3D11RHI: D3D11 min allowed feature level: 11_0
[2021.12.20-05.48.01:420][  0]LogD3D11RHI: D3D11 max allowed feature level: 11_0
[2021.12.20-05.48.01:420][  0]LogD3D11RHI: D3D11 adapters:
[2021.12.20-05.48.01:539][  0]LogD3D11RHI:    0. 'NVIDIA GeForce RTX 3050 Ti Laptop GPU' (Feature Level 11_0)
[2021.12.20-05.48.01:539][  0]LogD3D11RHI:       3990/0/7887 MB DedicatedVideo/DedicatedSystem/SharedSystem, Outputs:1, VendorId:0x10de
[2021.12.20-05.48.01:577][  0]LogD3D11RHI:    1. 'AMD Radeon(TM) Graphics' (Feature Level 11_0)
[2021.12.20-05.48.01:577][  0]LogD3D11RHI:       496/0/7887 MB DedicatedVideo/DedicatedSystem/SharedSystem, Outputs:0, VendorId:0x1002
[2021.12.20-05.48.01:580][  0]LogD3D11RHI:    2. 'Microsoft Basic Render Driver' (Feature Level 11_0)
[2021.12.20-05.48.01:580][  0]LogD3D11RHI:       0/0/7887 MB DedicatedVideo/DedicatedSystem/SharedSystem, Outputs:0, VendorId:0x1414
[2021.12.20-05.48.01:580][  0]LogD3D11RHI: Chosen D3D11 Adapter:
[2021.12.20-05.48.01:580][  0]LogD3D11RHI:     Description : NVIDIA GeForce RTX 3050 Ti Laptop GPU
[2021.12.20-05.48.01:580][  0]LogD3D11RHI:     VendorId    : 10de
[2021.12.20-05.48.01:580][  0]LogD3D11RHI:     DeviceId    : 25a0
[2021.12.20-05.48.01:580][  0]LogD3D11RHI:     SubSysId    : 125c1043
[2021.12.20-05.48.01:580][  0]LogD3D11RHI:     Revision    : 00a1
[2021.12.20-05.48.01:580][  0]LogD3D11RHI:     DedicatedVideoMemory : 4183818240 bytes
[2021.12.20-05.48.01:580][  0]LogD3D11RHI:     DedicatedSystemMemory : 0 bytes
[2021.12.20-05.48.01:580][  0]LogD3D11RHI:     SharedSystemMemory : 8270467072 bytes
[2021.12.20-05.48.01:580][  0]LogD3D11RHI:     AdapterLuid : 0 60499
[2021.12.20-05.48.01:593][  0]LogD3D11RHI: Creating new Direct3DDevice
[2021.12.20-05.48.01:593][  0]LogD3D11RHI:     GPU DeviceId: 0x25a0 (for the marketing name, search the web for "GPU Device Id")
[2021.12.20-05.48.01:593][  0]LogWindows: EnumDisplayDevices:
[2021.12.20-05.48.01:593][  0]LogWindows:    0. 'AMD Radeon(TM) Graphics' (P:1 D:1)
[2021.12.20-05.48.01:594][  0]LogWindows:    1. 'AMD Radeon(TM) Graphics' (P:0 D:0)
[2021.12.20-05.48.01:594][  0]LogWindows:    2. 'AMD Radeon(TM) Graphics' (P:0 D:0)
[2021.12.20-05.48.01:594][  0]LogWindows:    3. 'AMD Radeon(TM) Graphics' (P:0 D:0)
[2021.12.20-05.48.01:595][  0]LogWindows:    4. 'NVIDIA GeForce RTX 3050 Ti Laptop GPU' (P:0 D:0)
[2021.12.20-05.48.01:595][  0]LogWindows:    5. 'NVIDIA GeForce RTX 3050 Ti Laptop GPU' (P:0 D:0)
[2021.12.20-05.48.01:595][  0]LogWindows:    6. 'NVIDIA GeForce RTX 3050 Ti Laptop GPU' (P:0 D:0)
[2021.12.20-05.48.01:595][  0]LogWindows:    7. 'NVIDIA GeForce RTX 3050 Ti Laptop GPU' (P:0 D:0)
[2021.12.20-05.48.01:595][  0]LogWindows: DebugString: PrimaryIsNotTheChoosenAdapter PrimaryIsNotTheChoosenAdapter PrimaryIsNotTheChoosenAdapter PrimaryIsNotTheChoosenAdapter FoundDriverCount:4 
[2021.12.20-05.48.01:595][  0]LogD3D11RHI:     Adapter Name: NVIDIA GeForce RTX 3050 Ti Laptop GPU
[2021.12.20-05.48.01:596][  0]LogD3D11RHI:   Driver Version: 496.76 (internal:30.0.14.9676, unified:496.76)
[2021.12.20-05.48.01:596][  0]LogD3D11RHI:      Driver Date: 11-9-2021
[2021.12.20-05.48.01:596][  0]LogRHI: Texture pool is 2793 MB (70% of 3990 MB)
[2021.12.20-05.48.01:596][  0]LogD3D11RHI: Creating D3DDevice using adapter:
[2021.12.20-05.48.01:596][  0]LogD3D11RHI:     Description : NVIDIA GeForce RTX 3050 Ti Laptop GPU
[2021.12.20-05.48.01:596][  0]LogD3D11RHI:     VendorId    : 10de
[2021.12.20-05.48.01:596][  0]LogD3D11RHI:     DeviceId    : 25a0
[2021.12.20-05.48.01:596][  0]LogD3D11RHI:     SubSysId    : 125c1043
[2021.12.20-05.48.01:596][  0]LogD3D11RHI:     Revision    : 00a1
[2021.12.20-05.48.01:596][  0]LogD3D11RHI:     DedicatedVideoMemory : 4183818240 bytes
[2021.12.20-05.48.01:596][  0]LogD3D11RHI:     DedicatedSystemMemory : 0 bytes
[2021.12.20-05.48.01:596][  0]LogD3D11RHI:     SharedSystemMemory : 8270467072 bytes
[2021.12.20-05.48.01:596][  0]LogD3D11RHI:     AdapterLuid : 0 60499
[2021.12.20-05.48.01:666][  0]LogD3D11RHI: RHI has support for 64 bit atomics
[2021.12.20-05.48.01:666][  0]LogD3D11RHI: Async texture creation enabled
[2021.12.20-05.48.01:666][  0]LogD3D11RHI: Array index from any shader is supported
[2021.12.20-05.48.01:708][  0]LogD3D11RHI: GPU Timing Frequency: 1000.000000 (Debug: 2 1)
[2021.12.20-05.48.01:739][  0]LogRHI: GeForceNow SDK initialized: 1
[2021.12.20-05.48.02:119][  0]LogTargetPlatformManager: Display: Loaded TargetPlatform 'AllDesktop'
[2021.12.20-05.48.02:150][  0]LogTargetPlatformManager: Display: Loaded TargetPlatform 'Android'
[2021.12.20-05.48.02:150][  0]LogTargetPlatformManager: Display: Loaded TargetPlatform 'Android_ASTC'
[2021.12.20-05.48.02:150][  0]LogTargetPlatformManager: Display: Loaded TargetPlatform 'Android_DXT'
[2021.12.20-05.48.02:150][  0]LogTargetPlatformManager: Display: Loaded TargetPlatform 'Android_ETC2'
[2021.12.20-05.48.02:150][  0]LogTargetPlatformManager: Display: Loaded TargetPlatform 'AndroidClient'
[2021.12.20-05.48.02:150][  0]LogTargetPlatformManager: Display: Loaded TargetPlatform 'Android_ASTCClient'
[2021.12.20-05.48.02:150][  0]LogTargetPlatformManager: Display: Loaded TargetPlatform 'Android_DXTClient'
[2021.12.20-05.48.02:150][  0]LogTargetPlatformManager: Display: Loaded TargetPlatform 'Android_ETC2Client'
[2021.12.20-05.48.02:150][  0]LogTargetPlatformManager: Display: Loaded TargetPlatform 'Android_Multi'
[2021.12.20-05.48.02:150][  0]LogTargetPlatformManager: Display: Loaded TargetPlatform 'Android_MultiClient'
[2021.12.20-05.48.02:178][  0]LogTargetPlatformManager: Display: Loaded TargetPlatform 'IOSClient'
[2021.12.20-05.48.02:178][  0]LogTargetPlatformManager: Display: Loaded TargetPlatform 'IOS'
[2021.12.20-05.48.02:195][  0]LogTargetPlatformManager: Display: Loaded TargetPlatform 'Linux'
[2021.12.20-05.48.02:202][  0]LogTargetPlatformManager: Display: Loaded TargetPlatform 'LinuxNoEditor'
[2021.12.20-05.48.02:209][  0]LogTargetPlatformManager: Display: Loaded TargetPlatform 'LinuxClient'
[2021.12.20-05.48.02:216][  0]LogTargetPlatformManager: Display: Loaded TargetPlatform 'LinuxServer'
[2021.12.20-05.48.02:232][  0]LogTargetPlatformManager: Display: Loaded TargetPlatform 'LinuxAArch64NoEditor'
[2021.12.20-05.48.02:238][  0]LogTargetPlatformManager: Display: Loaded TargetPlatform 'LinuxAArch64Client'
[2021.12.20-05.48.02:244][  0]LogTargetPlatformManager: Display: Loaded TargetPlatform 'LinuxAArch64Server'
[2021.12.20-05.48.02:286][  0]LogTargetPlatformManager: Display: Loaded TargetPlatform 'Lumin'
[2021.12.20-05.48.02:286][  0]LogTargetPlatformManager: Display: Loaded TargetPlatform 'LuminClient'
[2021.12.20-05.48.02:301][  0]LogTargetPlatformManager: Display: Loaded TargetPlatform 'MacNoEditor'
[2021.12.20-05.48.02:308][  0]LogTargetPlatformManager: Display: Loaded TargetPlatform 'Mac'
[2021.12.20-05.48.02:314][  0]LogTargetPlatformManager: Display: Loaded TargetPlatform 'MacClient'
[2021.12.20-05.48.02:320][  0]LogTargetPlatformManager: Display: Loaded TargetPlatform 'MacServer'
[2021.12.20-05.48.02:336][  0]LogTargetPlatformManager: Display: Loaded TargetPlatform 'TVOSClient'
[2021.12.20-05.48.02:336][  0]LogTargetPlatformManager: Display: Loaded TargetPlatform 'TVOS'
[2021.12.20-05.48.02:351][  0]LogTargetPlatformManager: Display: Loaded TargetPlatform 'WindowsNoEditor'
[2021.12.20-05.48.02:357][  0]LogTargetPlatformManager: Display: Loaded TargetPlatform 'Windows'
[2021.12.20-05.48.02:364][  0]LogTargetPlatformManager: Display: Loaded TargetPlatform 'WindowsClient'
[2021.12.20-05.48.02:371][  0]LogTargetPlatformManager: Display: Loaded TargetPlatform 'WindowsServer'
[2021.12.20-05.48.02:371][  0]LogTargetPlatformManager: Display: Building Assets For Windows
[2021.12.20-05.48.02:381][  0]LogAudioDebug: Display: Lib vorbis DLL was dynamically loaded.
[2021.12.20-05.48.02:426][  0]LogTextureFormatOodle: Display: Oodle Texture 2.9.0 init RDO Off
[2021.12.20-05.48.02:466][  0]LogRendererCore: Ray tracing is disabled. Reason: r.RayTracing=0.
[2021.12.20-05.48.02:466][  0]LogShaderCompilers: Guid format shader working directory is -43 characters bigger than the processId version (../../../../../../Users/willi/OneDrive/Documents/Unreal Projects/Abstraction/Abstraction/Intermediate/Shaders/WorkingDirectory/18408/).
[2021.12.20-05.48.02:466][  0]LogShaderCompilers: Cleaned the shader compiler working directory 'C:/Users/willi/AppData/Local/Temp/UnrealShaderWorkingDir/3481899C466EAACD514A5990C539DC59/'.
[2021.12.20-05.48.02:467][  0]LogShaderCompilers: Display: Using XGE Controller for Shader Compilation.
[2021.12.20-05.48.03:620][  0]LogDerivedDataCache: Display: Max Cache Size: 512 MB
[2021.12.20-05.48.03:683][  0]LogDerivedDataCache: Loaded boot cache 0.06s 94MB C:/Users/willi/AppData/Local/UnrealEngine/4.27/DerivedDataCache/Boot.ddc.
[2021.12.20-05.48.03:683][  0]LogDerivedDataCache: Display: Loaded Boot cache: C:/Users/willi/AppData/Local/UnrealEngine/4.27/DerivedDataCache/Boot.ddc
[2021.12.20-05.48.03:683][  0]LogDerivedDataCache: FDerivedDataBackendGraph:  Pak pak cache file ../../../../../../Users/willi/OneDrive/Documents/Unreal Projects/Abstraction/Abstraction/DerivedDataCache/DDC.ddp not found, will not use a pak cache.
[2021.12.20-05.48.03:683][  0]LogDerivedDataCache: Unable to find inner node Pak for hierarchical cache Hierarchy.
[2021.12.20-05.48.03:683][  0]LogDerivedDataCache: FDerivedDataBackendGraph:  CompressedPak pak cache file ../../../../../../Users/willi/OneDrive/Documents/Unreal Projects/Abstraction/Abstraction/DerivedDataCache/Compressed.ddp not found, will not use a pak cache.
[2021.12.20-05.48.03:683][  0]LogDerivedDataCache: Unable to find inner node CompressedPak for hierarchical cache Hierarchy.
[2021.12.20-05.48.03:713][  0]LogDerivedDataCache: Display: Pak cache opened for reading ../../../Engine/DerivedDataCache/Compressed.ddp.
[2021.12.20-05.48.03:714][  0]LogDerivedDataCache: FDerivedDataBackendGraph:  EnterprisePak pak cache file ../../../Enterprise/DerivedDataCache/Compressed.ddp not found, will not use a pak cache.
[2021.12.20-05.48.03:714][  0]LogDerivedDataCache: Unable to find inner node EnterprisePak for hierarchical cache Hierarchy.
[2021.12.20-05.48.03:730][  0]LogDerivedDataCache: Speed tests for C:/Users/willi/AppData/Local/UnrealEngine/Common/DerivedDataCache took 0.02 seconds
[2021.12.20-05.48.03:730][  0]LogDerivedDataCache: Display: Performance to C:/Users/willi/AppData/Local/UnrealEngine/Common/DerivedDataCache: Latency=0.03ms. RandomReadSpeed=141.82MBs, RandomWriteSpeed=99.28MBs. Assigned SpeedClass 'Local'
[2021.12.20-05.48.03:731][  0]LogDerivedDataCache: Using Local data cache path C:/Users/willi/AppData/Local/UnrealEngine/Common/DerivedDataCache: Writable
[2021.12.20-05.48.03:731][  0]LogDerivedDataCache: Shared data cache path not found in *engine.ini, will not use an Shared cache.
[2021.12.20-05.48.03:731][  0]LogDerivedDataCache: Unable to find inner node Shared for hierarchical cache Hierarchy.
[2021.12.20-05.48.03:809][  0]LogSlate: Using FreeType 2.10.0
[2021.12.20-05.48.03:810][  0]LogSlate: SlateFontServices - WITH_FREETYPE: 1, WITH_HARFBUZZ: 1
[2021.12.20-05.48.03:844][  0]LogAssetRegistry: FAssetRegistry took 0.0043 seconds to start up
[2021.12.20-05.48.04:208][  0]LogInit: Selected Device Profile: [Windows]
[2021.12.20-05.48.04:208][  0]LogInit: Active device profile: [0000022233681100][0000022232046240 49] Windows
[2021.12.20-05.48.04:208][  0]LogInit: Profiles: [0000022233681100][0000022232046240 49] Windows, [000002223367A700][000002222FC6C500 49] WindowsNoEditor, [0000022233682200][000002222FC707C0 49] WindowsServer, [0000022233679900][000002223204AA40 49] WindowsClient, [0000022233681700][000002222FC74CC0 49] IOS, [000002223367A900][000002222FC7CF80 49] iPadAir, [0000022233683C00][000002222FC81240 49] iPadAir2, [0000022233629400][000002222FC95780 49] IPadPro, [0000022233629500][000002222FC857C0 49] iPadAir3, [000002223367BA00][000002222FC8DA80 49] iPadAir4, [000002223362A300][000002222FC881C0 49] iPadMini2, [000002223367B100][000002222FC90480 49] iPadMini3, [000002223362AF00][000002222FC98740 49] iPadMini4, [0000022233679D00][000002223099AA00 49] iPadMini5, [0000022233649000][0000022231DE4EC0 49] iPhone6, [0000022233649100][000002222FC78F00 49] iPodTouch6, [0000022233683900][00000222309D1440 49] iPhone7, [0000022233682900][0000022231DE1480 49] iPodTouch7, [0000022233629000][00000222309C9740 49] iPhone5S, [0000022233682F00][0000022231DDDA00 49] iPhone6Plus, [000002223362B600][00000222309CC140 49] iPhone6S, [0000022233680C00][0000022230A42400 49] iPhone6SPlus, [0000022233681D00][00000222334446C0 49] iPhone7Plus, [0000022233648800][0000022233448980 49] iPhoneSE, [0000022233680400][000002223344CC40 49] iPhone8, [0000022233648900][0000022231DD8EC0 49] iPhone8Plus, [000002223364AE00][0000022233451140 49] iPhoneX, [0000022233629D00][0000022233459400 49] iPhoneXS, [000002223364A700][000002223345D6C0 49] iPhoneXSMax, [0000022233629C00][0000022229C5B980 49] iPhoneXR, [000002223364A800][0000022229C5E0C0 49] iPhone11, [0000022233628F00][0000022229C9E380 49] iPhone11Pro, [0000022233648B00][0000022229CA6640 49] iPhone11ProMax, [0000022233628C00][0000022229CAA900 49] iPhoneSE2, [0000022233648E00][0000022229CAEBC0 49] iPhone12Mini, [0000022233683800][0000022229CB2E80 49] iPhone12, [000002223364B100][0000022233455100 49] iPhone12Pro, [0000022233683700][0000022233365380 49] iPhone12ProMax, [0000022233649E00][0000022233371640 49] iPadPro105, [0000022233681400][000002223337F900 49] iPadPro129, [000002223364BE00][0000022233383BC0 49] iPadPro97, [0000022233682800][0000022233386300 49] iPadPro2_129, [000002223364A000][000002223338A5C0 49] iPad5, [0000022233682300][000002223338E880 49] iPad6, [000002223364BB00][0000022233392B40 49] iPad7, [0000022233681E00][0000022233396E00 49] iPad8, [0000022233648A00][00000222333D50C0 49] iPadPro11, [0000022233683E00][000002223336D340 49] iPadPro2_11, [0000022233649800][00000222334215C0 49] iPadPro3_129, [0000022233682700][0000022231F2B880 49] iPadPro4_129, [0000022233648200][00000222346F1B40 49] AppleTV, [0000022233683F00][00000222346F4280 49] AppleTV4K, [000002223364A400][0000022234568540 49] TVOS, [0000022233680100][0000022234598800 49] Mac, [0000022233649D00][00000222345A0AC0 49] MacClient, [0000022233682A00][00000222345A4D80 49] MacNoEditor, [000002223364BA00][0000022229C63040 49] MacServer, [0000022233682000][0000022229C67300 49] Linux, [0000022233649600][0000022231F27580 49] LinuxAArch64, [0000022233680800][00000222346F9840 49] LinuxNoEditor, [0000022233648C00][0000022229C8DB00 49] LinuxAArch64NoEditor, [0000022233683B00][0000022229C90240 49] LinuxClient, [000002223364B400][0000022229C94500 49] LinuxAArch64Client, [0000022233683A00][0000022229CA27C0 49] LinuxServer, [0000022233648700][0000022231DE8A80 49] LinuxAArch64Server, [0000022233682D00][00000222309D4D40 49] Android, [000002223364AA00][0000022229C99000 49] Android_Low, [0000022233681F00][000002223328B2C0 49] Android_Mid, [0000022233649F00][000002223459D540 49] Android_High, [0000022233681900][000002223328F7C0 49] Android_Default, [000002223364BC00][0000022233297A80 49] Android_Adreno4xx, [0000022233683600][000002223329A1C0 49] Android_Adreno5xx_Low, [000002223364B200][000002223329E480 49] Android_Adreno5xx, [0000022233681000][00000222332A2740 49] Android_Adreno6xx, [000002223364A500][00000222332A6A00 49] Android_Adreno6xx_Vulkan, [0000022233680A00][00000222332AACC0 49] Android_Mali_T6xx, [000002223364A900][00000222332AEF80 49] Android_Mali_T7xx, [0000022233683D00][00000222332B3240 49] Android_Mali_T8xx, [000002223364AD00][00000222332B7500 49] Android_Mali_G71, [000002223362B100][0000022233293780 49] Android_Mali_G72, [000002223367AF00][00000222332BBA00 49] Android_Mali_G72_Vulkan, [000002223362AB00][00000222332C2140 49] Android_Mali_G76, [0000022233678500][00000222332C6400 49] Android_Mali_G76_Vulkan, [000002223362A600][00000222332CA6C0 49] Android_Mali_G77, [000002223367BE00][00000222332CE980 49] Android_Mali_G77_Vulkan, [000002223362A400][00000222332D2C40 49] Android_Mali_G78, [0000022233678D00][00000222332D6F00 49] Android_Mali_G78_Vulkan, [000002223362B500][00000222332DB1C0 49] Android_Mali_G710, [000002223367AB00][00000222332DF480 49] Android_Mali_G710_Vulkan, [000002223362BE00][00000222332E3740 49] Android_Vulkan_SM5, [0000022233679A00][00000222332BF9C0 49] Android_PowerVR_G6xxx, [0000022233628500][00000222332E60C0 49] Android_PowerVR_GT7xxx, [0000022233678200][0000022231E86380 49] Android_PowerVR_GE8xxx, [000002223362BB00][0000022231E8A640 49] Android_PowerVR_GM9xxx, [000002223367A100][0000022231E8E900 49] Android_PowerVR_GM9xxx_Vulkan, [0000022233629F00][0000022231E92BC0 49] Android_TegraK1, [0000022233678A00][0000022231E96E80 49] Android_Unknown_Vulkan, [000002223362B900][0000022231E9B140 49] Lumin, [0000022233679200][0000022231E9F400 49] Lumin_Desktop, [0000022233629E00][0000022231EA36C0 49] HoloLens, 
[2021.12.20-05.48.04:397][  0]LogMeshReduction: Using QuadricMeshReduction for automatic static mesh reduction
[2021.12.20-05.48.04:397][  0]LogMeshReduction: Using SimplygonMeshReduction for automatic skeletal mesh reduction
[2021.12.20-05.48.04:397][  0]LogMeshReduction: Using ProxyLODMeshReduction for automatic mesh merging
[2021.12.20-05.48.04:397][  0]LogMeshReduction: No distributed automatic mesh merging module available
[2021.12.20-05.48.04:397][  0]LogMeshMerging: No distributed automatic mesh merging module available
[2021.12.20-05.48.04:417][  0]LogNetVersion: Abstraction 1.0.0, NetCL: 17155196, EngineNetVer: 17, GameNetVer: 0 (Checksum: 179617256)
[2021.12.20-05.48.04:957][  0]LogTexture: Default maximum texture size for cubemaps generated from long-lat sources has been changed from 512 to unlimited. In order to preserve old behaiour for '/Engine/MapTemplates/Sky/DaylightAmbientCubemap.DaylightAmbientCubemap', its maximum texture size has been explicitly set to 512.
[2021.12.20-05.48.05:031][  0]LogHMD: PokeAHoleMaterial loaded successfully
[2021.12.20-05.48.05:039][  0]LogUObjectArray: 17178 objects as part of root set at end of initial load.
[2021.12.20-05.48.05:039][  0]LogUObjectAllocator: 4302048 out of 0 bytes used by permanent object pool.
[2021.12.20-05.48.05:039][  0]LogUObjectArray: CloseDisregardForGC: 0/0 objects in disregard for GC pool
[2021.12.20-05.48.05:387][  0]LogNiagaraDebuggerClient: Niagara Debugger Client Initialized | Session: 7A7D9E184351B108F353598DC4F318FF | Instance: 6B82575445359FDB61AD08BF7BE8163B (LAPTOP-0U3AVAT7-18408).
[2021.12.20-05.48.05:580][  0]LogTcpMessaging: Initializing TcpMessaging bridge
[2021.12.20-05.48.05:586][  0]LogUdpMessaging: Initializing bridge on interface 0.0.0.0:0 to multicast group 230.0.0.1:6666.
[2021.12.20-05.48.05:606][  0]LogPython: Using Python 3.7.7
[2021.12.20-05.48.06:396][  0]LogTemp: Error: Abstract Component created
[2021.12.20-05.48.06:653][  0]SourceControl: Source control is disabled
[2021.12.20-05.48.06:653][  0]SourceControl: Source control is disabled
[2021.12.20-05.48.06:658][  0]SourceControl: Source control is disabled
[2021.12.20-05.48.06:662][  0]SourceControl: Source control is disabled
[2021.12.20-05.48.06:671][  0]SourceControl: Source control is disabled
[2021.12.20-05.48.06:680][  0]LogUProjectInfo: Found projects:
[2021.12.20-05.48.06:910][  0]LogOpenImageDenoise: OIDN starting up
[2021.12.20-05.48.06:928][  0]LogAndroidPermission: UAndroidPermissionCallbackProxy::GetInstance
[2021.12.20-05.48.06:959][  0]LogAudioCaptureCore: Display: No Audio Capture implementations found. Audio input will be silent.
[2021.12.20-05.48.06:959][  0]LogAudioCaptureCore: Display: No Audio Capture implementations found. Audio input will be silent.
[2021.12.20-05.48.07:139][  0]LogCollectionManager: Loaded 0 collections in 0.002369 seconds
[2021.12.20-05.48.07:171][  0]LogFileCache: Scanning file cache for directory 'C:/Users/willi/OneDrive/Documents/Unreal Projects/Abstraction/Abstraction/Saved/Collections/' took 0.00s
[2021.12.20-05.48.07:171][  0]LogFileCache: Scanning file cache for directory 'C:/Users/willi/OneDrive/Documents/Unreal Projects/Abstraction/Abstraction/Content/Developers/willi/Collections/' took 0.00s
[2021.12.20-05.48.07:171][  0]LogFileCache: Scanning file cache for directory 'C:/Users/willi/OneDrive/Documents/Unreal Projects/Abstraction/Abstraction/Content/Collections/' took 0.00s
[2021.12.20-05.48.07:171][  0]LogOcInput: OculusInput pre-init called
[2021.12.20-05.48.07:518][  0]LogEngine: Initializing Engine...
[2021.12.20-05.48.07:523][  0]LogHMD: Failed to enumerate extensions. Please check that you have a valid OpenXR runtime installed.
[2021.12.20-05.48.07:523][  0]LogHMD: Failed to initialize OpenVR with code 110
[2021.12.20-05.48.07:523][  0]LogMagicLeap: Warning: VR disabled because ZI is not enabled.  To enable, in the editor, Edit -> Project Settings -> Plugins -> Magic Leap Plugin -> Enable Zero Iteration
[2021.12.20-05.48.07:524][  0]LogStats: UGameplayTagsManager::InitializeManager -  0.000 s
[2021.12.20-05.48.07:679][  0]LogInit: Initializing FReadOnlyCVARCache
[2021.12.20-05.48.07:699][  0]LogAIModule: Creating AISystem for world Untitled
[2021.12.20-05.48.07:705][  0]LogAudio: Display: Initializing Audio Device Manager...
[2021.12.20-05.48.07:711][  0]LogAudio: Display: Loading Default Audio Settings Objects...
[2021.12.20-05.48.07:712][  0]LogAudio: Display: No default SoundConcurrencyObject specified (or failed to load).
[2021.12.20-05.48.07:713][  0]LogAudio: Display: Audio Device Manager Initialized
[2021.12.20-05.48.07:713][  0]LogAudio: Display: Creating Audio Device:                 Id: 1, Scope: Shared, Realtime: True
[2021.12.20-05.48.07:713][  0]LogAudioMixer: Display: Audio Mixer Platform Settings:
[2021.12.20-05.48.07:713][  0]LogAudioMixer: Display: 	Sample Rate:						  48000
[2021.12.20-05.48.07:713][  0]LogAudioMixer: Display: 	Callback Buffer Frame Size Requested: 1024
[2021.12.20-05.48.07:713][  0]LogAudioMixer: Display: 	Callback Buffer Frame Size To Use:	  1024
[2021.12.20-05.48.07:713][  0]LogAudioMixer: Display: 	Number of buffers to queue:			  2
[2021.12.20-05.48.07:713][  0]LogAudioMixer: Display: 	Max Channels (voices):				  32
[2021.12.20-05.48.07:713][  0]LogAudioMixer: Display: 	Number of Async Source Workers:		  0
[2021.12.20-05.48.07:713][  0]LogAudio: Display: AudioDevice MaxSources: 32
[2021.12.20-05.48.07:713][  0]LogAudio: Display: Audio Spatialization Plugin: None (built-in).
[2021.12.20-05.48.07:714][  0]LogAudio: Display: Audio Reverb Plugin: None (built-in).
[2021.12.20-05.48.07:714][  0]LogAudio: Display: Audio Occlusion Plugin: None (built-in).
[2021.12.20-05.48.07:714][  0]LogAudioMixer: Display: Initializing audio mixer.
[2021.12.20-05.48.07:731][  0]LogAudioMixer: Display: 0: FrontLeft
[2021.12.20-05.48.07:731][  0]LogAudioMixer: Display: 1: FrontRight
[2021.12.20-05.48.07:933][  0]LogAudioMixer: Display: Using Audio Device Speakers (Realtek(R) Audio)
[2021.12.20-05.48.07:938][  0]LogAudioMixer: Display: Initializing Sound Submixes...
[2021.12.20-05.48.07:941][  0]LogAudioMixer: Display: Creating Master Submix 'MasterSubmixDefault'
[2021.12.20-05.48.07:941][  0]LogAudioMixer: Display: Creating Master Submix 'MasterReverbSubmixDefault'
[2021.12.20-05.48.07:942][  0]LogAudioMixer: Display: Creating Master Submix 'MasterEQSubmixDefault'
[2021.12.20-05.48.07:942][  0]LogAudioMixer: FMixerPlatformXAudio2::StartAudioStream() called
[2021.12.20-05.48.07:942][  0]LogAudioMixer: Display: Output buffers initialized: Frames=1024, Channels=2, Samples=2048
[2021.12.20-05.48.07:944][  0]LogAudioMixer: Display: Starting AudioMixerPlatformInterface::RunInternal()
[2021.12.20-05.48.07:944][  0]LogAudioMixer: Display: FMixerPlatformXAudio2::SubmitBuffer() called for the first time
[2021.12.20-05.48.07:944][  0]LogInit: FAudioDevice initialized.
[2021.12.20-05.48.07:945][  0]LogAudio: Display: Audio Device (ID: 1) registered with world 'Untitled'.
[2021.12.20-05.48.07:945][  0]LogNetVersion: Set ProjectVersion to 1.0.0.0. Version Checksum will be recalculated on next use.
[2021.12.20-05.48.08:018][  0]LogDerivedDataCache: Saved boot cache 0.07s 94MB C:/Users/willi/AppData/Local/UnrealEngine/4.27/DerivedDataCache/Boot.ddc.
[2021.12.20-05.48.08:018][  0]LogInit: Texture streaming: Enabled
[2021.12.20-05.48.08:039][  0]LogAnalytics: Display: [UEEditor.Rocket.Release] APIServer = https://datarouter.ol.epicgames.com/. AppVersion = 4.27.2-18319896+++UE4+Release-4.27
[2021.12.20-05.48.08:044][  0]LogEngineSessionManager: EngineSessionManager initialized
[2021.12.20-05.48.08:044][  0]LogEditorSessionSummary: Verbose: Initializing EditorSessionSummaryWriter for editor session tracking
[2021.12.20-05.48.08:046][  0]LogEditorSessionSummary: EditorSessionSummaryWriter initialized
[2021.12.20-05.48.08:088][  0]LogInit: Transaction tracking system initialized
[2021.12.20-05.48.08:120][  0]BlueprintLog: New page: Editor Load
[2021.12.20-05.48.08:201][  0]LocalizationService: Localization service is disabled
[2021.12.20-05.48.08:235][  0]TimingProfiler: Initialize
[2021.12.20-05.48.08:235][  0]TimingProfiler: OnSessionChanged
[2021.12.20-05.48.08:235][  0]LoadingProfiler: Initialize
[2021.12.20-05.48.08:235][  0]LoadingProfiler: OnSessionChanged
[2021.12.20-05.48.08:235][  0]NetworkingProfiler: Initialize
[2021.12.20-05.48.08:235][  0]NetworkingProfiler: OnSessionChanged
[2021.12.20-05.48.08:235][  0]MemoryProfiler: Initialize
[2021.12.20-05.48.08:235][  0]MemoryProfiler: OnSessionChanged
[2021.12.20-05.48.08:442][  0]LogCook: Display: CookSettings for Memory: MemoryMaxUsedVirtual 0MiB, MemoryMaxUsedPhysical 16384MiB, MemoryMinFreeVirtual 0MiB, MemoryMinFreePhysical 1024MiB
[2021.12.20-05.48.08:442][  0]LogCook: Display: Mobile HDR setting 1
[2021.12.20-05.48.08:593][  0]LogFileCache: Scanning file cache for directory 'C:/Users/willi/OneDrive/Documents/Unreal Projects/Abstraction/Abstraction/Content/' took 0.01s
[2021.12.20-05.48.09:004][  0]LogInit: Display: Engine is initialized. Leaving FEngineLoop::Init()
[2021.12.20-05.48.09:008][  0]SourceControl: Source control is disabled
[2021.12.20-05.48.09:160][  0]LogSlate: Took 0.000262 seconds to synchronously load lazily loaded font '../../../Engine/Content/Slate/Fonts/Roboto-Regular.ttf' (155K)
[2021.12.20-05.48.24:678][  0]LogSlate: Window 'Restore Packages' being destroyed
[2021.12.20-05.48.29:897][  0]LogSlate: Window 'Unable to Check Out From Source Control!' being destroyed
[2021.12.20-05.48.29:905][  0]Message dialog closed, result: Ok, title: Unable to Check Out From Source Control!, text: The following assets could not be successfully checked out from source control:
/Game/StarterContent/Maps/Minimal_Default
[2021.12.20-05.48.29:917][  0]LogUnrealEdMisc: Loading editor; pre map load, took 30.503
[2021.12.20-05.48.29:918][  0]Cmd: MAP LOAD FILE="../../../../../../Users/willi/OneDrive/Documents/Unreal Projects/Abstraction/Abstraction/Content/StarterContent/Maps/Minimal_Default.umap" TEMPLATE=0 SHOWPROGRESS=1 FEATURELEVEL=3
[2021.12.20-05.48.29:923][  0]LightingResults: New page: Lighting Build
[2021.12.20-05.48.29:927][  0]LogWorld: UWorld::CleanupWorld for Untitled, bSessionEnded=true, bCleanupResources=true
[2021.12.20-05.48.29:927][  0]LogSlate: InvalidateAllWidgets triggered.  All widgets were invalidated
[2021.12.20-05.48.29:927][  0]MapCheck: New page: Map Check
[2021.12.20-05.48.29:927][  0]LightingResults: New page: Lighting Build
[2021.12.20-05.48.29:937][  0]LogAudio: Display: Audio Device unregistered from world 'None'.
[2021.12.20-05.48.29:943][  0]LogUObjectHash: Compacting FUObjectHashTables data took   2.17ms
[2021.12.20-05.48.30:087][  0]LogTemp: Error: Abstract Component created
[2021.12.20-05.48.30:241][  0]LogAudio: Display: Audio Device (ID: 1) registered with world 'Minimal_Default'.
[2021.12.20-05.48.30:243][  0]LogAIModule: Creating AISystem for world Minimal_Default
[2021.12.20-05.48.30:265][  0]LogEditorServer: Finished looking for orphan Actors (0.000 secs)
[2021.12.20-05.48.30:277][  0]LogUObjectHash: Compacting FUObjectHashTables data took   1.66ms
[2021.12.20-05.48.30:278][  0]Cmd: MAP CHECKDEP NOCLEARLOG
[2021.12.20-05.48.30:278][  0]MapCheck: Map check complete: 0 Error(s), 0 Warning(s), took 0.253ms to complete.
[2021.12.20-05.48.30:278][  0]LogFileHelpers: Loading map 'Minimal_Default' took 0.361
[2021.12.20-05.48.30:282][  0]LogUnrealEdMisc: Total Editor Startup Time, took 30.869
[2021.12.20-05.48.30:383][  0]LogSlate: Updating window title bar state: overlay mode, drag disabled, window buttons hidden, title bar hidden
[2021.12.20-05.48.30:391][  0]LogSlate: Updating window title bar state: overlay mode, drag disabled, window buttons hidden, title bar hidden
[2021.12.20-05.48.30:399][  0]LogSlate: Updating window title bar state: overlay mode, drag disabled, window buttons hidden, title bar hidden
[2021.12.20-05.48.30:407][  0]LogSlate: Updating window title bar state: overlay mode, drag disabled, window buttons hidden, title bar hidden
[2021.12.20-05.48.30:439][  0]LogNativeClassHierarchy: Verbose: Native class hierarchy populated in 0.0149 seconds. Added 3824 classes and 931 folders.
[2021.12.20-05.48.30:443][  0]LogNativeClassHierarchy: Verbose: Native class hierarchy updated for 'WidgetCarousel' in 0.0004 seconds. Added 0 classes and 0 folders.
[2021.12.20-05.48.30:472][  0]LogPakFile: PakFile PrimaryIndexSize=187
[2021.12.20-05.48.30:472][  0]LogPakFile: PakFile PathHashIndexSize=101
[2021.12.20-05.48.30:472][  0]LogPakFile: PakFile FullDirectoryIndexSize=148
[2021.12.20-05.48.30:472][  0]LogShaderLibrary: Display: ShaderCodeLibraryPakFileMountedCallback: PakFile 'C:/Program Files/Epic Games/UE_4.27/FeaturePacks/FP_FirstPerson.upack' (chunk index -1, root 'root:/') mounted
[2021.12.20-05.48.30:472][  0]LogShaderLibrary: Display: ShaderCodeLibraryPakFileMountedCallback: pending pak file info (ChunkID:-1 Root:root:/ File:C:/Program Files/Epic Games/UE_4.27/FeaturePacks/FP_FirstPerson.upack)
[2021.12.20-05.48.30:472][  0]LogPakFile: OnPakFileMounted2Time == 0.000307
[2021.12.20-05.48.30:485][  0]LogPakFile: PakFile PrimaryIndexSize=189
[2021.12.20-05.48.30:485][  0]LogPakFile: PakFile PathHashIndexSize=101
[2021.12.20-05.48.30:485][  0]LogPakFile: PakFile FullDirectoryIndexSize=152
[2021.12.20-05.48.30:485][  0]LogShaderLibrary: Display: ShaderCodeLibraryPakFileMountedCallback: PakFile 'C:/Program Files/Epic Games/UE_4.27/FeaturePacks/FP_FirstPersonBP.upack' (chunk index -1, root 'root:/') mounted
[2021.12.20-05.48.30:485][  0]LogShaderLibrary: Display: ShaderCodeLibraryPakFileMountedCallback: pending pak file info (ChunkID:-1 Root:root:/ File:C:/Program Files/Epic Games/UE_4.27/FeaturePacks/FP_FirstPersonBP.upack)
[2021.12.20-05.48.30:485][  0]LogPakFile: OnPakFileMounted2Time == 0.000073
[2021.12.20-05.48.30:495][  0]LogPakFile: PakFile PrimaryIndexSize=191
[2021.12.20-05.48.30:495][  0]LogPakFile: PakFile PathHashIndexSize=101
[2021.12.20-05.48.30:495][  0]LogPakFile: PakFile FullDirectoryIndexSize=160
[2021.12.20-05.48.30:495][  0]LogShaderLibrary: Display: ShaderCodeLibraryPakFileMountedCallback: PakFile 'C:/Program Files/Epic Games/UE_4.27/FeaturePacks/MobileStarterContent.upack' (chunk index -1, root 'root:/') mounted
[2021.12.20-05.48.30:495][  0]LogShaderLibrary: Display: ShaderCodeLibraryPakFileMountedCallback: pending pak file info (ChunkID:-1 Root:root:/ File:C:/Program Files/Epic Games/UE_4.27/FeaturePacks/MobileStarterContent.upack)
[2021.12.20-05.48.30:495][  0]LogPakFile: OnPakFileMounted2Time == 0.000069
[2021.12.20-05.48.30:506][  0]LogPakFile: PakFile PrimaryIndexSize=185
[2021.12.20-05.48.30:506][  0]LogPakFile: PakFile PathHashIndexSize=101
[2021.12.20-05.48.30:506][  0]LogPakFile: PakFile FullDirectoryIndexSize=148
[2021.12.20-05.48.30:506][  0]LogShaderLibrary: Display: ShaderCodeLibraryPakFileMountedCallback: PakFile 'C:/Program Files/Epic Games/UE_4.27/FeaturePacks/StarterContent.upack' (chunk index -1, root 'root:/') mounted
[2021.12.20-05.48.30:506][  0]LogShaderLibrary: Display: ShaderCodeLibraryPakFileMountedCallback: pending pak file info (ChunkID:-1 Root:root:/ File:C:/Program Files/Epic Games/UE_4.27/FeaturePacks/StarterContent.upack)
[2021.12.20-05.48.30:506][  0]LogPakFile: OnPakFileMounted2Time == 0.000064
[2021.12.20-05.48.30:519][  0]LogPakFile: PakFile PrimaryIndexSize=190
[2021.12.20-05.48.30:519][  0]LogPakFile: PakFile PathHashIndexSize=101
[2021.12.20-05.48.30:519][  0]LogPakFile: PakFile FullDirectoryIndexSize=154
[2021.12.20-05.48.30:519][  0]LogShaderLibrary: Display: ShaderCodeLibraryPakFileMountedCallback: PakFile 'C:/Program Files/Epic Games/UE_4.27/FeaturePacks/TP_2DSideScroller.upack' (chunk index -1, root 'root:/') mounted
[2021.12.20-05.48.30:519][  0]LogShaderLibrary: Display: ShaderCodeLibraryPakFileMountedCallback: pending pak file info (ChunkID:-1 Root:root:/ File:C:/Program Files/Epic Games/UE_4.27/FeaturePacks/TP_2DSideScroller.upack)
[2021.12.20-05.48.30:519][  0]LogPakFile: OnPakFileMounted2Time == 0.000069
[2021.12.20-05.48.30:528][  0]LogPakFile: PakFile PrimaryIndexSize=192
[2021.12.20-05.48.30:528][  0]LogPakFile: PakFile PathHashIndexSize=101
[2021.12.20-05.48.30:528][  0]LogPakFile: PakFile FullDirectoryIndexSize=158
[2021.12.20-05.48.30:528][  0]LogShaderLibrary: Display: ShaderCodeLibraryPakFileMountedCallback: PakFile 'C:/Program Files/Epic Games/UE_4.27/FeaturePacks/TP_2DSideScrollerBP.upack' (chunk index -1, root 'root:/') mounted
[2021.12.20-05.48.30:528][  0]LogShaderLibrary: Display: ShaderCodeLibraryPakFileMountedCallback: pending pak file info (ChunkID:-1 Root:root:/ File:C:/Program Files/Epic Games/UE_4.27/FeaturePacks/TP_2DSideScrollerBP.upack)
[2021.12.20-05.48.30:528][  0]LogPakFile: OnPakFileMounted2Time == 0.000063
[2021.12.20-05.48.30:539][  0]LogPakFile: PakFile PrimaryIndexSize=182
[2021.12.20-05.48.30:539][  0]LogPakFile: PakFile PathHashIndexSize=101
[2021.12.20-05.48.30:539][  0]LogPakFile: PakFile FullDirectoryIndexSize=138
[2021.12.20-05.48.30:539][  0]LogShaderLibrary: Display: ShaderCodeLibraryPakFileMountedCallback: PakFile 'C:/Program Files/Epic Games/UE_4.27/FeaturePacks/TP_Flying.upack' (chunk index -1, root 'root:/') mounted
[2021.12.20-05.48.30:539][  0]LogShaderLibrary: Display: ShaderCodeLibraryPakFileMountedCallback: pending pak file info (ChunkID:-1 Root:root:/ File:C:/Program Files/Epic Games/UE_4.27/FeaturePacks/TP_Flying.upack)
[2021.12.20-05.48.30:539][  0]LogPakFile: OnPakFileMounted2Time == 0.000053
[2021.12.20-05.48.30:552][  0]LogPakFile: PakFile PrimaryIndexSize=184
[2021.12.20-05.48.30:552][  0]LogPakFile: PakFile PathHashIndexSize=101
[2021.12.20-05.48.30:552][  0]LogPakFile: PakFile FullDirectoryIndexSize=142
[2021.12.20-05.48.30:552][  0]LogShaderLibrary: Display: ShaderCodeLibraryPakFileMountedCallback: PakFile 'C:/Program Files/Epic Games/UE_4.27/FeaturePacks/TP_FlyingBP.upack' (chunk index -1, root 'root:/') mounted
[2021.12.20-05.48.30:552][  0]LogShaderLibrary: Display: ShaderCodeLibraryPakFileMountedCallback: pending pak file info (ChunkID:-1 Root:root:/ File:C:/Program Files/Epic Games/UE_4.27/FeaturePacks/TP_FlyingBP.upack)
[2021.12.20-05.48.30:552][  0]LogPakFile: OnPakFileMounted2Time == 0.000059
[2021.12.20-05.48.30:562][  0]LogPakFile: PakFile PrimaryIndexSize=188
[2021.12.20-05.48.30:562][  0]LogPakFile: PakFile PathHashIndexSize=101
[2021.12.20-05.48.30:562][  0]LogPakFile: PakFile FullDirectoryIndexSize=150
[2021.12.20-05.48.30:562][  0]LogShaderLibrary: Display: ShaderCodeLibraryPakFileMountedCallback: PakFile 'C:/Program Files/Epic Games/UE_4.27/FeaturePacks/TP_HandheldARBP.upack' (chunk index -1, root 'root:/') mounted
[2021.12.20-05.48.30:562][  0]LogShaderLibrary: Display: ShaderCodeLibraryPakFileMountedCallback: pending pak file info (ChunkID:-1 Root:root:/ File:C:/Program Files/Epic Games/UE_4.27/FeaturePacks/TP_HandheldARBP.upack)
[2021.12.20-05.48.30:562][  0]LogPakFile: OnPakFileMounted2Time == 0.000059
[2021.12.20-05.48.30:573][  0]LogPakFile: PakFile PrimaryIndexSize=182
[2021.12.20-05.48.30:573][  0]LogPakFile: PakFile PathHashIndexSize=101
[2021.12.20-05.48.30:573][  0]LogPakFile: PakFile FullDirectoryIndexSize=138
[2021.12.20-05.48.30:573][  0]LogShaderLibrary: Display: ShaderCodeLibraryPakFileMountedCallback: PakFile 'C:/Program Files/Epic Games/UE_4.27/FeaturePacks/TP_Puzzle.upack' (chunk index -1, root 'root:/') mounted
[2021.12.20-05.48.30:573][  0]LogShaderLibrary: Display: ShaderCodeLibraryPakFileMountedCallback: pending pak file info (ChunkID:-1 Root:root:/ File:C:/Program Files/Epic Games/UE_4.27/FeaturePacks/TP_Puzzle.upack)
[2021.12.20-05.48.30:573][  0]LogPakFile: OnPakFileMounted2Time == 0.000054
[2021.12.20-05.48.30:582][  0]LogPakFile: PakFile PrimaryIndexSize=184
[2021.12.20-05.48.30:582][  0]LogPakFile: PakFile PathHashIndexSize=101
[2021.12.20-05.48.30:582][  0]LogPakFile: PakFile FullDirectoryIndexSize=142
[2021.12.20-05.48.30:582][  0]LogShaderLibrary: Display: ShaderCodeLibraryPakFileMountedCallback: PakFile 'C:/Program Files/Epic Games/UE_4.27/FeaturePacks/TP_PuzzleBP.upack' (chunk index -1, root 'root:/') mounted
[2021.12.20-05.48.30:582][  0]LogShaderLibrary: Display: ShaderCodeLibraryPakFileMountedCallback: pending pak file info (ChunkID:-1 Root:root:/ File:C:/Program Files/Epic Games/UE_4.27/FeaturePacks/TP_PuzzleBP.upack)
[2021.12.20-05.48.30:582][  0]LogPakFile: OnPakFileMounted2Time == 0.000057
[2021.12.20-05.48.30:592][  0]LogPakFile: PakFile PrimaryIndexSize=183
[2021.12.20-05.48.30:592][  0]LogPakFile: PakFile PathHashIndexSize=101
[2021.12.20-05.48.30:592][  0]LogPakFile: PakFile FullDirectoryIndexSize=140
[2021.12.20-05.48.30:593][  0]LogShaderLibrary: Display: ShaderCodeLibraryPakFileMountedCallback: PakFile 'C:/Program Files/Epic Games/UE_4.27/FeaturePacks/TP_Rolling.upack' (chunk index -1, root 'root:/') mounted
[2021.12.20-05.48.30:593][  0]LogShaderLibrary: Display: ShaderCodeLibraryPakFileMountedCallback: pending pak file info (ChunkID:-1 Root:root:/ File:C:/Program Files/Epic Games/UE_4.27/FeaturePacks/TP_Rolling.upack)
[2021.12.20-05.48.30:593][  0]LogPakFile: OnPakFileMounted2Time == 0.000058
[2021.12.20-05.48.30:601][  0]LogPakFile: PakFile PrimaryIndexSize=185
[2021.12.20-05.48.30:601][  0]LogPakFile: PakFile PathHashIndexSize=101
[2021.12.20-05.48.30:601][  0]LogPakFile: PakFile FullDirectoryIndexSize=144
[2021.12.20-05.48.30:601][  0]LogShaderLibrary: Display: ShaderCodeLibraryPakFileMountedCallback: PakFile 'C:/Program Files/Epic Games/UE_4.27/FeaturePacks/TP_RollingBP.upack' (chunk index -1, root 'root:/') mounted
[2021.12.20-05.48.30:601][  0]LogShaderLibrary: Display: ShaderCodeLibraryPakFileMountedCallback: pending pak file info (ChunkID:-1 Root:root:/ File:C:/Program Files/Epic Games/UE_4.27/FeaturePacks/TP_RollingBP.upack)
[2021.12.20-05.48.30:601][  0]LogPakFile: OnPakFileMounted2Time == 0.000057
[2021.12.20-05.48.30:610][  0]LogPakFile: PakFile PrimaryIndexSize=188
[2021.12.20-05.48.30:610][  0]LogPakFile: PakFile PathHashIndexSize=101
[2021.12.20-05.48.30:610][  0]LogPakFile: PakFile FullDirectoryIndexSize=150
[2021.12.20-05.48.30:610][  0]LogShaderLibrary: Display: ShaderCodeLibraryPakFileMountedCallback: PakFile 'C:/Program Files/Epic Games/UE_4.27/FeaturePacks/TP_SideScroller.upack' (chunk index -1, root 'root:/') mounted
[2021.12.20-05.48.30:610][  0]LogShaderLibrary: Display: ShaderCodeLibraryPakFileMountedCallback: pending pak file info (ChunkID:-1 Root:root:/ File:C:/Program Files/Epic Games/UE_4.27/FeaturePacks/TP_SideScroller.upack)
[2021.12.20-05.48.30:610][  0]LogPakFile: OnPakFileMounted2Time == 0.000065
[2021.12.20-05.48.30:619][  0]LogPakFile: PakFile PrimaryIndexSize=190
[2021.12.20-05.48.30:619][  0]LogPakFile: PakFile PathHashIndexSize=101
[2021.12.20-05.48.30:619][  0]LogPakFile: PakFile FullDirectoryIndexSize=154
[2021.12.20-05.48.30:619][  0]LogShaderLibrary: Display: ShaderCodeLibraryPakFileMountedCallback: PakFile 'C:/Program Files/Epic Games/UE_4.27/FeaturePacks/TP_SideScrollerBP.upack' (chunk index -1, root 'root:/') mounted
[2021.12.20-05.48.30:619][  0]LogShaderLibrary: Display: ShaderCodeLibraryPakFileMountedCallback: pending pak file info (ChunkID:-1 Root:root:/ File:C:/Program Files/Epic Games/UE_4.27/FeaturePacks/TP_SideScrollerBP.upack)
[2021.12.20-05.48.30:619][  0]LogPakFile: OnPakFileMounted2Time == 0.000059
[2021.12.20-05.48.30:629][  0]LogPakFile: PakFile PrimaryIndexSize=187
[2021.12.20-05.48.30:629][  0]LogPakFile: PakFile PathHashIndexSize=101
[2021.12.20-05.48.30:629][  0]LogPakFile: PakFile FullDirectoryIndexSize=148
[2021.12.20-05.48.30:629][  0]LogShaderLibrary: Display: ShaderCodeLibraryPakFileMountedCallback: PakFile 'C:/Program Files/Epic Games/UE_4.27/FeaturePacks/TP_ThirdPerson.upack' (chunk index -1, root 'root:/') mounted
[2021.12.20-05.48.30:629][  0]LogShaderLibrary: Display: ShaderCodeLibraryPakFileMountedCallback: pending pak file info (ChunkID:-1 Root:root:/ File:C:/Program Files/Epic Games/UE_4.27/FeaturePacks/TP_ThirdPerson.upack)
[2021.12.20-05.48.30:629][  0]LogPakFile: OnPakFileMounted2Time == 0.000058
[2021.12.20-05.48.30:638][  0]LogPakFile: PakFile PrimaryIndexSize=189
[2021.12.20-05.48.30:638][  0]LogPakFile: PakFile PathHashIndexSize=101
[2021.12.20-05.48.30:638][  0]LogPakFile: PakFile FullDirectoryIndexSize=152
[2021.12.20-05.48.30:638][  0]LogShaderLibrary: Display: ShaderCodeLibraryPakFileMountedCallback: PakFile 'C:/Program Files/Epic Games/UE_4.27/FeaturePacks/TP_ThirdPersonBP.upack' (chunk index -1, root 'root:/') mounted
[2021.12.20-05.48.30:638][  0]LogShaderLibrary: Display: ShaderCodeLibraryPakFileMountedCallback: pending pak file info (ChunkID:-1 Root:root:/ File:C:/Program Files/Epic Games/UE_4.27/FeaturePacks/TP_ThirdPersonBP.upack)
[2021.12.20-05.48.30:638][  0]LogPakFile: OnPakFileMounted2Time == 0.000056
[2021.12.20-05.48.30:648][  0]LogPakFile: PakFile PrimaryIndexSize=183
[2021.12.20-05.48.30:648][  0]LogPakFile: PakFile PathHashIndexSize=101
[2021.12.20-05.48.30:648][  0]LogPakFile: PakFile FullDirectoryIndexSize=140
[2021.12.20-05.48.30:648][  0]LogShaderLibrary: Display: ShaderCodeLibraryPakFileMountedCallback: PakFile 'C:/Program Files/Epic Games/UE_4.27/FeaturePacks/TP_TopDown.upack' (chunk index -1, root 'root:/') mounted
[2021.12.20-05.48.30:648][  0]LogShaderLibrary: Display: ShaderCodeLibraryPakFileMountedCallback: pending pak file info (ChunkID:-1 Root:root:/ File:C:/Program Files/Epic Games/UE_4.27/FeaturePacks/TP_TopDown.upack)
[2021.12.20-05.48.30:648][  0]LogPakFile: OnPakFileMounted2Time == 0.000067
[2021.12.20-05.48.30:657][  0]LogPakFile: PakFile PrimaryIndexSize=185
[2021.12.20-05.48.30:657][  0]LogPakFile: PakFile PathHashIndexSize=101
[2021.12.20-05.48.30:657][  0]LogPakFile: PakFile FullDirectoryIndexSize=144
[2021.12.20-05.48.30:657][  0]LogShaderLibrary: Display: ShaderCodeLibraryPakFileMountedCallback: PakFile 'C:/Program Files/Epic Games/UE_4.27/FeaturePacks/TP_TopDownBP.upack' (chunk index -1, root 'root:/') mounted
[2021.12.20-05.48.30:657][  0]LogShaderLibrary: Display: ShaderCodeLibraryPakFileMountedCallback: pending pak file info (ChunkID:-1 Root:root:/ File:C:/Program Files/Epic Games/UE_4.27/FeaturePacks/TP_TopDownBP.upack)
[2021.12.20-05.48.30:657][  0]LogPakFile: OnPakFileMounted2Time == 0.000056
[2021.12.20-05.48.30:672][  0]LogPakFile: PakFile PrimaryIndexSize=185
[2021.12.20-05.48.30:672][  0]LogPakFile: PakFile PathHashIndexSize=101
[2021.12.20-05.48.30:672][  0]LogPakFile: PakFile FullDirectoryIndexSize=144
[2021.12.20-05.48.30:672][  0]LogShaderLibrary: Display: ShaderCodeLibraryPakFileMountedCallback: PakFile 'C:/Program Files/Epic Games/UE_4.27/FeaturePacks/TP_TwinStick.upack' (chunk index -1, root 'root:/') mounted
[2021.12.20-05.48.30:672][  0]LogShaderLibrary: Display: ShaderCodeLibraryPakFileMountedCallback: pending pak file info (ChunkID:-1 Root:root:/ File:C:/Program Files/Epic Games/UE_4.27/FeaturePacks/TP_TwinStick.upack)
[2021.12.20-05.48.30:672][  0]LogPakFile: OnPakFileMounted2Time == 0.000054
[2021.12.20-05.48.30:682][  0]LogPakFile: PakFile PrimaryIndexSize=187
[2021.12.20-05.48.30:682][  0]LogPakFile: PakFile PathHashIndexSize=101
[2021.12.20-05.48.30:682][  0]LogPakFile: PakFile FullDirectoryIndexSize=148
[2021.12.20-05.48.30:682][  0]LogShaderLibrary: Display: ShaderCodeLibraryPakFileMountedCallback: PakFile 'C:/Program Files/Epic Games/UE_4.27/FeaturePacks/TP_TwinStickBP.upack' (chunk index -1, root 'root:/') mounted
[2021.12.20-05.48.30:682][  0]LogShaderLibrary: Display: ShaderCodeLibraryPakFileMountedCallback: pending pak file info (ChunkID:-1 Root:root:/ File:C:/Program Files/Epic Games/UE_4.27/FeaturePacks/TP_TwinStickBP.upack)
[2021.12.20-05.48.30:682][  0]LogPakFile: OnPakFileMounted2Time == 0.000067
[2021.12.20-05.48.30:691][  0]LogPakFile: PakFile PrimaryIndexSize=183
[2021.12.20-05.48.30:691][  0]LogPakFile: PakFile PathHashIndexSize=101
[2021.12.20-05.48.30:691][  0]LogPakFile: PakFile FullDirectoryIndexSize=140
[2021.12.20-05.48.30:691][  0]LogShaderLibrary: Display: ShaderCodeLibraryPakFileMountedCallback: PakFile 'C:/Program Files/Epic Games/UE_4.27/FeaturePacks/TP_Vehicle.upack' (chunk index -1, root 'root:/') mounted
[2021.12.20-05.48.30:691][  0]LogShaderLibrary: Display: ShaderCodeLibraryPakFileMountedCallback: pending pak file info (ChunkID:-1 Root:root:/ File:C:/Program Files/Epic Games/UE_4.27/FeaturePacks/TP_Vehicle.upack)
[2021.12.20-05.48.30:691][  0]LogPakFile: OnPakFileMounted2Time == 0.000055
[2021.12.20-05.48.30:701][  0]LogPakFile: PakFile PrimaryIndexSize=186
[2021.12.20-05.48.30:701][  0]LogPakFile: PakFile PathHashIndexSize=101
[2021.12.20-05.48.30:701][  0]LogPakFile: PakFile FullDirectoryIndexSize=146
[2021.12.20-05.48.30:701][  0]LogShaderLibrary: Display: ShaderCodeLibraryPakFileMountedCallback: PakFile 'C:/Program Files/Epic Games/UE_4.27/FeaturePacks/TP_VehicleAdv.upack' (chunk index -1, root 'root:/') mounted
[2021.12.20-05.48.30:701][  0]LogShaderLibrary: Display: ShaderCodeLibraryPakFileMountedCallback: pending pak file info (ChunkID:-1 Root:root:/ File:C:/Program Files/Epic Games/UE_4.27/FeaturePacks/TP_VehicleAdv.upack)
[2021.12.20-05.48.30:701][  0]LogPakFile: OnPakFileMounted2Time == 0.000055
[2021.12.20-05.48.30:711][  0]LogPakFile: PakFile PrimaryIndexSize=188
[2021.12.20-05.48.30:711][  0]LogPakFile: PakFile PathHashIndexSize=101
[2021.12.20-05.48.30:711][  0]LogPakFile: PakFile FullDirectoryIndexSize=150
[2021.12.20-05.48.30:711][  0]LogShaderLibrary: Display: ShaderCodeLibraryPakFileMountedCallback: PakFile 'C:/Program Files/Epic Games/UE_4.27/FeaturePacks/TP_VehicleAdvBP.upack' (chunk index -1, root 'root:/') mounted
[2021.12.20-05.48.30:711][  0]LogShaderLibrary: Display: ShaderCodeLibraryPakFileMountedCallback: pending pak file info (ChunkID:-1 Root:root:/ File:C:/Program Files/Epic Games/UE_4.27/FeaturePacks/TP_VehicleAdvBP.upack)
[2021.12.20-05.48.30:711][  0]LogPakFile: OnPakFileMounted2Time == 0.000061
[2021.12.20-05.48.30:720][  0]LogPakFile: PakFile PrimaryIndexSize=185
[2021.12.20-05.48.30:720][  0]LogPakFile: PakFile PathHashIndexSize=101
[2021.12.20-05.48.30:720][  0]LogPakFile: PakFile FullDirectoryIndexSize=144
[2021.12.20-05.48.30:721][  0]LogShaderLibrary: Display: ShaderCodeLibraryPakFileMountedCallback: PakFile 'C:/Program Files/Epic Games/UE_4.27/FeaturePacks/TP_VehicleBP.upack' (chunk index -1, root 'root:/') mounted
[2021.12.20-05.48.30:721][  0]LogShaderLibrary: Display: ShaderCodeLibraryPakFileMountedCallback: pending pak file info (ChunkID:-1 Root:root:/ File:C:/Program Files/Epic Games/UE_4.27/FeaturePacks/TP_VehicleBP.upack)
[2021.12.20-05.48.30:721][  0]LogPakFile: OnPakFileMounted2Time == 0.000064
[2021.12.20-05.48.30:730][  0]LogPakFile: PakFile PrimaryIndexSize=192
[2021.12.20-05.48.30:730][  0]LogPakFile: PakFile PathHashIndexSize=101
[2021.12.20-05.48.30:730][  0]LogPakFile: PakFile FullDirectoryIndexSize=158
[2021.12.20-05.48.30:730][  0]LogShaderLibrary: Display: ShaderCodeLibraryPakFileMountedCallback: PakFile 'C:/Program Files/Epic Games/UE_4.27/FeaturePacks/TP_VirtualRealityBP.upack' (chunk index -1, root 'root:/') mounted
[2021.12.20-05.48.30:730][  0]LogShaderLibrary: Display: ShaderCodeLibraryPakFileMountedCallback: pending pak file info (ChunkID:-1 Root:root:/ File:C:/Program Files/Epic Games/UE_4.27/FeaturePacks/TP_VirtualRealityBP.upack)
[2021.12.20-05.48.30:730][  0]LogPakFile: OnPakFileMounted2Time == 0.000051
[2021.12.20-05.48.31:378][  0]LogNativeClassHierarchy: Verbose: Native class hierarchy updated for 'AddContentDialog' in 0.0005 seconds. Added 0 classes and 0 folders.
[2021.12.20-05.48.31:379][  0]LogNativeClassHierarchy: Verbose: Native class hierarchy updated for 'SceneOutliner' in 0.0003 seconds. Added 2 classes and 0 folders.
[2021.12.20-05.48.31:431][  0]LogSlate: Took 0.011824 seconds to synchronously load lazily loaded font '../../../Engine/Content/Editor/Slate/Fonts/FontAwesome.ttf' (139K)
[2021.12.20-05.48.31:432][  0]LogSlate: Took 0.000158 seconds to synchronously load lazily loaded font '../../../Engine/Content/Slate/Fonts/Roboto-Bold.ttf' (160K)
[2021.12.20-05.48.31:634][  0]LogRenderer: Reallocating scene render targets to support 1208x568 Format 10 NumSamples 1 (Frame:1).
[2021.12.20-05.48.31:700][  0]LogSlate: Took 0.009505 seconds to synchronously load lazily loaded font '../../../Engine/Content/Slate/Fonts/Roboto-Light.ttf' (167K)
[2021.12.20-05.48.31:781][  0]LogNativeClassHierarchy: Verbose: Native class hierarchy updated for 'HierarchicalLODOutliner' in 0.0004 seconds. Added 0 classes and 0 folders.
[2021.12.20-05.48.31:782][  0]LogLoad: (Engine Initialization) Total time: 32.37 seconds
[2021.12.20-05.48.31:782][  0]LogLoad: (Engine Initialization) Total Blueprint compile time: 0.00 seconds
[2021.12.20-05.48.31:837][  0]LogAssetRegistry: Asset discovery search completed in 27.9947 seconds
[2021.12.20-05.48.31:845][  0]LogCollectionManager: Fixed up redirectors for 0 collections in 0.000005 seconds (updated 0 objects)
[2021.12.20-05.48.31:846][  0]LogContentStreaming: Texture pool size now 1000 MB
[2021.12.20-05.51.25:408][215]LogUObjectHash: Compacting FUObjectHashTables data took   1.53ms
[2021.12.20-05.54.57:051][272]LogUObjectHash: Compacting FUObjectHashTables data took   1.12ms
