Log file open, 12/23/21 22:06:03
LogWindows: Failed to load 'aqProf.dll' (GetLastError=126)
LogWindows: File 'aqProf.dll' does not exist
LogWindows: Failed to load 'VtuneApi.dll' (GetLastError=126)
LogWindows: File 'VtuneApi.dll' does not exist
LogWindows: Failed to load 'VtuneApi32e.dll' (GetLastError=126)
LogWindows: File 'VtuneApi32e.dll' does not exist
LogConsoleResponse: Display: Failed to find resolution value strings in scalability ini. Falling back to default.
LogConsoleResponse: Display: Failed to find resolution value strings in scalability ini. Falling back to default.
LogInit: Display: Running engine for game: Abstraction
LogPlatformFile: Not using cached read wrapper
LogTaskGraph: Started task graph with 5 named threads and 47 total threads with 3 sets of task threads.
LogStats: Stats thread started at 6.010711
LogICUInternationalization: ICU TimeZone Detection - Raw Offset: -7:00, Platform Override: ''
LogInit: Display: Loading text-based GConfig....
LogPluginManager: Mounting plugin MeshPainting
LogPluginManager: Mounting plugin XGEController
LogPluginManager: Mounting plugin Paper2D
LogPluginManager: Mounting plugin LiveLink
LogPluginManager: Mounting plugin EnvironmentQueryEditor
LogPluginManager: Mounting plugin AISupport
LogPluginManager: Mounting plugin LightPropagationVolume
LogPluginManager: Mounting plugin CameraShakePreviewer
LogPluginManager: Mounting plugin GameplayCameras
LogPluginManager: Mounting plugin OodleData
LogPluginManager: Mounting plugin OodleNetwork
LogPluginManager: Mounting plugin DatasmithContent
LogPluginManager: Mounting plugin AssetManagerEditor
LogPluginManager: Mounting plugin VariantManagerContent
LogPluginManager: Mounting plugin AnimationSharing
LogPluginManager: Mounting plugin CryptoKeys
LogPluginManager: Mounting plugin CLionSourceCodeAccess
LogPluginManager: Mounting plugin CodeLiteSourceCodeAccess
LogPluginManager: Mounting plugin CurveEditorTools
LogPluginManager: Mounting plugin DataValidation
LogPluginManager: Mounting plugin GitSourceControl
LogPluginManager: Mounting plugin NullSourceCodeAccess
LogPluginManager: Mounting plugin PerforceSourceControl
LogPluginManager: Mounting plugin PixWinPlugin
LogPluginManager: Mounting plugin FacialAnimation
LogPluginManager: Mounting plugin PlasticSourceControl
LogPluginManager: Mounting plugin GameplayTagsEditor
LogPluginManager: Mounting plugin PluginUtils
LogPluginManager: Mounting plugin GeometryMode
LogPluginManager: Mounting plugin PropertyAccessNode
LogPluginManager: Mounting plugin MacGraphicsSwitching
LogPluginManager: Mounting plugin RiderSourceCodeAccess
LogPluginManager: Mounting plugin MaterialAnalyzer
LogPluginManager: Mounting plugin SubversionSourceControl
LogPluginManager: Mounting plugin TextureFormatOodle
LogPluginManager: Mounting plugin MobileLauncherProfileWizard
LogPluginManager: Mounting plugin UObjectPlugin
LogPluginManager: Mounting plugin PluginBrowser
LogPluginManager: Mounting plugin VisualStudioCodeSourceCodeAccess
LogPluginManager: Mounting plugin AlembicImporter
LogPluginManager: Mounting plugin VisualStudioSourceCodeAccess
LogPluginManager: Mounting plugin AutomationUtils
LogPluginManager: Mounting plugin BackChannel
LogPluginManager: Mounting plugin XCodeSourceCodeAccess
LogPluginManager: Mounting plugin ChaosCloth
LogPluginManager: Mounting plugin ChaosEditor
LogPluginManager: Mounting plugin ChaosClothEditor
LogPluginManager: Mounting plugin ChaosSolverPlugin
LogPluginManager: Mounting plugin ChaosNiagara
LogPluginManager: Mounting plugin CharacterAI
LogPluginManager: Mounting plugin GeometryCache
LogPluginManager: Mounting plugin GeometryCollectionPlugin
LogPluginManager: Mounting plugin GeometryProcessing
LogPluginManager: Mounting plugin SpeedTreeImporter
LogPluginManager: Mounting plugin MotoSynth
LogPluginManager: Mounting plugin OpenImageDenoise
LogPluginManager: Mounting plugin PlatformCrypto
LogPluginManager: Mounting plugin PlanarCut
LogPluginManager: Mounting plugin ProxyLODPlugin
LogPluginManager: Mounting plugin PythonScriptPlugin
LogPluginManager: Mounting plugin LuminPlatformFeatures
LogPluginManager: Mounting plugin MagicLeap
LogPluginManager: Mounting plugin MagicLeapLightEstimation
LogPluginManager: Mounting plugin MagicLeapPassableWorld
LogPluginManager: Mounting plugin MagicLeapMedia
LogPluginManager: Mounting plugin MLSDK
LogPluginManager: Mounting plugin TcpMessaging
LogPluginManager: Mounting plugin UdpMessaging
LogPluginManager: Mounting plugin AndroidMedia
LogPluginManager: Mounting plugin AvfMedia
LogPluginManager: Mounting plugin ImgMedia
LogPluginManager: Mounting plugin MediaCompositing
LogPluginManager: Mounting plugin MediaPlayerEditor
LogPluginManager: Mounting plugin WebMMedia
LogPluginManager: Mounting plugin ActorSequence
LogPluginManager: Mounting plugin WmfMedia
LogPluginManager: Mounting plugin LevelSequenceEditor
LogPluginManager: Mounting plugin MatineeToLevelSequence
LogPluginManager: Mounting plugin TemplateSequence
LogPluginManager: Mounting plugin OnlineSubsystem
LogPluginManager: Mounting plugin OnlineSubsystemNull
LogPluginManager: Mounting plugin LauncherChunkInstaller
LogPluginManager: Mounting plugin OnlineSubsystemUtils
LogPluginManager: Mounting plugin ActorLayerUtilities
LogPluginManager: Mounting plugin AndroidDeviceProfileSelector
LogPluginManager: Mounting plugin AndroidPermission
LogPluginManager: Mounting plugin AppleImageUtils
LogPluginManager: Mounting plugin AppleMoviePlayer
LogPluginManager: Mounting plugin AssetTags
LogPluginManager: Mounting plugin ArchVisCharacter
LogPluginManager: Mounting plugin AudioCapture
LogPluginManager: Mounting plugin AndroidMoviePlayer
LogPluginManager: Mounting plugin AudioSynesthesia
LogPluginManager: Mounting plugin CableComponent
LogPluginManager: Mounting plugin SkeletalReduction
LogPluginManager: Mounting plugin CustomMeshComponent
LogPluginManager: Mounting plugin EditableMesh
LogPluginManager: Mounting plugin ExampleDeviceProfileSelector
LogPluginManager: Mounting plugin GoogleCloudMessaging
LogPluginManager: Mounting plugin GooglePAD
LogPluginManager: Mounting plugin KDevelopSourceCodeAccess
LogPluginManager: Mounting plugin ChunkDownloader
LogPluginManager: Mounting plugin Niagara
LogPluginManager: Mounting plugin LinuxDeviceProfileSelector
LogPluginManager: Mounting plugin LocationServicesBPLibrary
LogPluginManager: Mounting plugin MobilePatchingUtils
LogPluginManager: Mounting plugin OpenXREyeTracker
LogPluginManager: Mounting plugin OpenXRHandTracking
LogPluginManager: Mounting plugin IOSDeviceProfileSelector
LogPluginManager: Mounting plugin ScreenshotTools
LogPluginManager: Mounting plugin PhysXVehicles
LogPluginManager: Mounting plugin PostSplashScreen
LogPluginManager: Mounting plugin OpenXR
LogPluginManager: Mounting plugin ProceduralMeshComponent
LogPluginManager: Mounting plugin SignificanceManager
LogPluginManager: Mounting plugin RuntimePhysXCooking
LogPluginManager: Mounting plugin SoundFields
LogPluginManager: Mounting plugin Synthesis
LogPluginManager: Mounting plugin WebMMoviePlayer
LogPluginManager: Mounting plugin WindowsMoviePlayer
LogPluginManager: Mounting plugin PropertyAccessEditor
LogPluginManager: Mounting plugin Takes
LogPluginManager: Mounting plugin ContentBrowserAssetDataSource
LogPluginManager: Mounting plugin ContentBrowserClassDataSource
LogPluginManager: Mounting plugin ContentBrowserFileDataSource
LogPluginManager: Mounting plugin OnlineSubsystemGooglePlay
LogPluginManager: Mounting plugin OnlineSubsystemIOS
LogPluginManager: Mounting plugin OculusVR
LogPluginManager: Mounting plugin SteamVR
PixWinPlugin: PIX capture plugin failed to initialize! Check that the process is launched from PIX.
LogInit: Using libcurl 7.55.1-DEV
LogInit:  - built for x86_64-pc-win32
LogInit:  - supports SSL with OpenSSL/1.1.1
LogInit:  - supports HTTP deflate (compression) using libz 1.2.8
LogInit:  - other features:
LogInit:      CURL_VERSION_SSL
LogInit:      CURL_VERSION_LIBZ
LogInit:      CURL_VERSION_IPV6
LogInit:      CURL_VERSION_ASYNCHDNS
LogInit:      CURL_VERSION_LARGEFILE
LogInit:      CURL_VERSION_IDN
LogInit:  CurlRequestOptions (configurable via config and command line):
LogInit:  - bVerifyPeer = true  - Libcurl will verify peer certificate
LogInit:  - bUseHttpProxy = false  - Libcurl will NOT use HTTP proxy
LogInit:  - bDontReuseConnections = false  - Libcurl will reuse connections
LogInit:  - MaxHostConnections = 16  - Libcurl will limit the number of connections to a host
LogInit:  - LocalHostAddr = Default
LogInit:  - BufferSize = 65536
LogOnline: OSS: Creating online subsystem instance for: NULL
LogInit: WinSock: version 1.1 (2.2), MaxSocks=32767, MaxUdp=65467
LogOnline: OSS: TryLoadSubsystemAndSetDefault: Loaded subsystem for module [NULL]
LogOculusPluginWrapper: OculusPlugin initialized successfully
LogHMD: Failed initializing OVRPlugin 1.59.0
LogInit: Build: ++UE4+Release-4.27-CL-18319896
LogInit: Engine Version: 4.27.2-18319896+++UE4+Release-4.27
LogInit: Compatible Engine Version: 4.27.0-17155196+++UE4+Release-4.27
LogInit: Net CL: 17155196
LogInit: OS: Windows 10 (Release 2009) (), CPU: AMD Ryzen 7 5800H with Radeon Graphics         , GPU: AMD Radeon(TM) Graphics
LogInit: Compiled (64-bit): Nov 30 2021 07:12:08
LogInit: Compiled with Visual C++: 19.24.28315.00
LogInit: Build Configuration: Development
LogInit: Branch Name: ++UE4+Release-4.27
LogInit: Command Line:  -skipcompile
LogInit: Base Directory: C:/Program Files/Epic Games/UE_4.27/Engine/Binaries/Win64/
LogInit: Allocator: TBB
LogInit: Installed Engine Build: 1
LogDevObjectVersion: Number of dev versions registered: 29
LogDevObjectVersion:   Dev-Blueprints (B0D832E4-1F89-4F0D-ACCF-7EB736FD4AA2): 10
LogDevObjectVersion:   Dev-Build (E1C64328-A22C-4D53-A36C-8E866417BD8C): 0
LogDevObjectVersion:   Dev-Core (375EC13C-06E4-48FB-B500-84F0262A717E): 4
LogDevObjectVersion:   Dev-Editor (E4B068ED-F494-42E9-A231-DA0B2E46BB41): 40
LogDevObjectVersion:   Dev-Framework (CFFC743F-43B0-4480-9391-14DF171D2073): 37
LogDevObjectVersion:   Dev-Mobile (B02B49B5-BB20-44E9-A304-32B752E40360): 3
LogDevObjectVersion:   Dev-Networking (A4E4105C-59A1-49B5-A7C5-40C4547EDFEE): 0
LogDevObjectVersion:   Dev-Online (39C831C9-5AE6-47DC-9A44-9C173E1C8E7C): 0
LogDevObjectVersion:   Dev-Physics (78F01B33-EBEA-4F98-B9B4-84EACCB95AA2): 14
LogDevObjectVersion:   Dev-Platform (6631380F-2D4D-43E0-8009-CF276956A95A): 0
LogDevObjectVersion:   Dev-Rendering (12F88B9F-8875-4AFC-A67C-D90C383ABD29): 45
LogDevObjectVersion:   Dev-Sequencer (7B5AE74C-D270-4C10-A958-57980B212A5A): 13
LogDevObjectVersion:   Dev-VR (D7296918-1DD6-4BDD-9DE2-64A83CC13884): 3
LogDevObjectVersion:   Dev-LoadTimes (C2A15278-BFE7-4AFE-6C17-90FF531DF755): 1
LogDevObjectVersion:   Private-Geometry (6EACA3D4-40EC-4CC1-B786-8BED09428FC5): 3
LogDevObjectVersion:   Dev-AnimPhys (29E575DD-E0A3-4627-9D10-D276232CDCEA): 17
LogDevObjectVersion:   Dev-Anim (AF43A65D-7FD3-4947-9873-3E8ED9C1BB05): 15
LogDevObjectVersion:   Dev-ReflectionCapture (6B266CEC-1EC7-4B8F-A30B-E4D90942FC07): 1
LogDevObjectVersion:   Dev-Automation (0DF73D61-A23F-47EA-B727-89E90C41499A): 1
LogDevObjectVersion:   FortniteMain (601D1886-AC64-4F84-AA16-D3DE0DEAC7D6): 47
LogDevObjectVersion:   FortniteRelease (E7086368-6B23-4C58-8439-1B7016265E91): 1
LogDevObjectVersion:   Dev-Enterprise (9DFFBCD6-494F-0158-E221-12823C92A888): 10
LogDevObjectVersion:   Dev-Niagara (F2AED0AC-9AFE-416F-8664-AA7FFA26D6FC): 1
LogDevObjectVersion:   Dev-Destruction (174F1F0B-B4C6-45A5-B13F-2EE8D0FB917D): 10
LogDevObjectVersion:   Dev-Physics-Ext (35F94A83-E258-406C-A318-09F59610247C): 41
LogDevObjectVersion:   Dev-PhysicsMaterial-Chaos (B68FC16E-8B1B-42E2-B453-215C058844FE): 1
LogDevObjectVersion:   Dev-CineCamera (B2E18506-4273-CFC2-A54E-F4BB758BBA07): 1
LogDevObjectVersion:   Dev-VirtualProduction (64F58936-FD1B-42BA-BA96-7289D5D0FA4E): 1
LogDevObjectVersion:   Dev-MediaFramework (6F0ED827-A609-4895-9C91-998D90180EA4): 2
LogInit: Presizing for max 25165824 objects, including 0 objects not considered by GC, pre-allocating 0 bytes for permanent pool.
LogConfig: Applying CVar settings from Section [/Script/Engine.StreamingSettings] File [C:/Users/willi/OneDrive/Documents/Unreal Projects/Abstraction/Abstraction/Saved/Config/Windows/Engine.ini]
LogConfig: Setting CVar [[s.MinBulkDataSizeForAsyncLoading:131072]]
LogConfig: Setting CVar [[s.AsyncLoadingThreadEnabled:0]]
LogConfig: Setting CVar [[s.EventDrivenLoaderEnabled:1]]
LogConfig: Setting CVar [[s.WarnIfTimeLimitExceeded:0]]
LogConfig: Setting CVar [[s.TimeLimitExceededMultiplier:1.5]]
LogConfig: Setting CVar [[s.TimeLimitExceededMinTime:0.005]]
LogConfig: Setting CVar [[s.UseBackgroundLevelStreaming:1]]
LogConfig: Setting CVar [[s.PriorityAsyncLoadingExtraTime:15.0]]
LogConfig: Setting CVar [[s.LevelStreamingActorsUpdateTimeLimit:5.0]]
LogConfig: Setting CVar [[s.PriorityLevelStreamingActorsUpdateExtraTime:5.0]]
LogConfig: Setting CVar [[s.LevelStreamingComponentsRegistrationGranularity:10]]
LogConfig: Setting CVar [[s.UnregisterComponentsTimeLimit:1.0]]
LogConfig: Setting CVar [[s.LevelStreamingComponentsUnregistrationGranularity:5]]
LogConfig: Setting CVar [[s.FlushStreamingOnExit:1]]
LogInit: Object subsystem initialized
LogConfig: Setting CVar [[con.DebugEarlyDefault:1]]
LogConfig: Setting CVar [[r.setres:1280x720]]
[2021.12.24-05.06.36:346][  0]LogConfig: Setting CVar [[r.VSync:0]]
[2021.12.24-05.06.36:346][  0]LogConfig: Setting CVar [[r.RHICmdBypass:0]]
[2021.12.24-05.06.36:346][  0]LogConfig: Applying CVar settings from Section [/Script/Engine.RendererSettings] File [C:/Users/willi/OneDrive/Documents/Unreal Projects/Abstraction/Abstraction/Saved/Config/Windows/Engine.ini]
[2021.12.24-05.06.36:346][  0]LogConfig: Setting CVar [[r.GPUCrashDebugging:0]]
[2021.12.24-05.06.36:346][  0]LogConfig: Applying CVar settings from Section [/Script/Engine.RendererOverrideSettings] File [C:/Users/willi/OneDrive/Documents/Unreal Projects/Abstraction/Abstraction/Saved/Config/Windows/Engine.ini]
[2021.12.24-05.06.36:346][  0]LogConfig: Applying CVar settings from Section [/Script/Engine.StreamingSettings] File [C:/Users/willi/OneDrive/Documents/Unreal Projects/Abstraction/Abstraction/Saved/Config/Windows/Engine.ini]
[2021.12.24-05.06.36:346][  0]LogConfig: Setting CVar [[s.MinBulkDataSizeForAsyncLoading:131072]]
[2021.12.24-05.06.36:346][  0]LogConfig: Setting CVar [[s.AsyncLoadingThreadEnabled:0]]
[2021.12.24-05.06.36:346][  0]LogConfig: Setting CVar [[s.EventDrivenLoaderEnabled:1]]
[2021.12.24-05.06.36:347][  0]LogConfig: Setting CVar [[s.WarnIfTimeLimitExceeded:0]]
[2021.12.24-05.06.36:347][  0]LogConfig: Setting CVar [[s.TimeLimitExceededMultiplier:1.5]]
[2021.12.24-05.06.36:347][  0]LogConfig: Setting CVar [[s.TimeLimitExceededMinTime:0.005]]
[2021.12.24-05.06.36:347][  0]LogConfig: Setting CVar [[s.UseBackgroundLevelStreaming:1]]
[2021.12.24-05.06.36:347][  0]LogConfig: Setting CVar [[s.PriorityAsyncLoadingExtraTime:15.0]]
[2021.12.24-05.06.36:347][  0]LogConfig: Setting CVar [[s.LevelStreamingActorsUpdateTimeLimit:5.0]]
[2021.12.24-05.06.36:347][  0]LogConfig: Setting CVar [[s.PriorityLevelStreamingActorsUpdateExtraTime:5.0]]
[2021.12.24-05.06.36:347][  0]LogConfig: Setting CVar [[s.LevelStreamingComponentsRegistrationGranularity:10]]
[2021.12.24-05.06.36:348][  0]LogConfig: Setting CVar [[s.UnregisterComponentsTimeLimit:1.0]]
[2021.12.24-05.06.36:348][  0]LogConfig: Setting CVar [[s.LevelStreamingComponentsUnregistrationGranularity:5]]
[2021.12.24-05.06.36:348][  0]LogConfig: Setting CVar [[s.FlushStreamingOnExit:1]]
[2021.12.24-05.06.36:348][  0]LogConfig: Applying CVar settings from Section [/Script/Engine.GarbageCollectionSettings] File [C:/Users/willi/OneDrive/Documents/Unreal Projects/Abstraction/Abstraction/Saved/Config/Windows/Engine.ini]
[2021.12.24-05.06.36:348][  0]LogConfig: Setting CVar [[gc.MaxObjectsNotConsideredByGC:1]]
[2021.12.24-05.06.36:348][  0]LogConfig: Setting CVar [[gc.SizeOfPermanentObjectPool:0]]
[2021.12.24-05.06.36:349][  0]LogConfig: Setting CVar [[gc.FlushStreamingOnGC:0]]
[2021.12.24-05.06.36:349][  0]LogConfig: Setting CVar [[gc.NumRetriesBeforeForcingGC:10]]
[2021.12.24-05.06.36:349][  0]LogConfig: Setting CVar [[gc.AllowParallelGC:1]]
[2021.12.24-05.06.36:349][  0]LogConfig: Setting CVar [[gc.TimeBetweenPurgingPendingKillObjects:61.1]]
[2021.12.24-05.06.36:349][  0]LogConfig: Setting CVar [[gc.MaxObjectsInEditor:25165824]]
[2021.12.24-05.06.36:349][  0]LogConfig: Setting CVar [[gc.IncrementalBeginDestroyEnabled:1]]
[2021.12.24-05.06.36:349][  0]LogConfig: Setting CVar [[gc.CreateGCClusters:1]]
[2021.12.24-05.06.36:349][  0]LogConfig: Setting CVar [[gc.MinGCClusterSize:5]]
[2021.12.24-05.06.36:350][  0]LogConfig: Setting CVar [[gc.ActorClusteringEnabled:0]]
[2021.12.24-05.06.36:350][  0]LogConfig: Setting CVar [[gc.BlueprintClusteringEnabled:0]]
[2021.12.24-05.06.36:350][  0]LogConfig: Setting CVar [[gc.UseDisregardForGCOnDedicatedServers:0]]
[2021.12.24-05.06.36:350][  0]LogConfig: Setting CVar [[gc.MultithreadedDestructionEnabled:1]]
[2021.12.24-05.06.36:350][  0]LogConfig: Applying CVar settings from Section [/Script/Engine.NetworkSettings] File [C:/Users/willi/OneDrive/Documents/Unreal Projects/Abstraction/Abstraction/Saved/Config/Windows/Engine.ini]
[2021.12.24-05.06.36:350][  0]LogConfig: Applying CVar settings from Section [/Script/UnrealEd.CookerSettings] File [C:/Users/willi/OneDrive/Documents/Unreal Projects/Abstraction/Abstraction/Saved/Config/Windows/Engine.ini]
[2021.12.24-05.06.37:542][  0]LogConfig: Applying CVar settings from Section [ViewDistanceQuality@3] File [C:/Users/willi/OneDrive/Documents/Unreal Projects/Abstraction/Abstraction/Saved/Config/Windows/Scalability.ini]
[2021.12.24-05.06.37:542][  0]LogConfig: Setting CVar [[r.SkeletalMeshLODBias:0]]
[2021.12.24-05.06.37:542][  0]LogConfig: Setting CVar [[r.ViewDistanceScale:1.0]]
[2021.12.24-05.06.37:542][  0]LogConfig: Applying CVar settings from Section [AntiAliasingQuality@3] File [C:/Users/willi/OneDrive/Documents/Unreal Projects/Abstraction/Abstraction/Saved/Config/Windows/Scalability.ini]
[2021.12.24-05.06.37:543][  0]LogConfig: Setting CVar [[r.PostProcessAAQuality:4]]
[2021.12.24-05.06.37:543][  0]LogConfig: Applying CVar settings from Section [ShadowQuality@3] File [C:/Users/willi/OneDrive/Documents/Unreal Projects/Abstraction/Abstraction/Saved/Config/Windows/Scalability.ini]
[2021.12.24-05.06.37:543][  0]LogConfig: Setting CVar [[r.LightFunctionQuality:1]]
[2021.12.24-05.06.37:543][  0]LogConfig: Setting CVar [[r.ShadowQuality:5]]
[2021.12.24-05.06.37:543][  0]LogConfig: Setting CVar [[r.Shadow.CSM.MaxCascades:10]]
[2021.12.24-05.06.37:543][  0]LogConfig: Setting CVar [[r.Shadow.MaxResolution:2048]]
[2021.12.24-05.06.37:543][  0]LogConfig: Setting CVar [[r.Shadow.MaxCSMResolution:2048]]
[2021.12.24-05.06.37:543][  0]LogConfig: Setting CVar [[r.Shadow.RadiusThreshold:0.01]]
[2021.12.24-05.06.37:543][  0]LogConfig: Setting CVar [[r.Shadow.DistanceScale:1.0]]
[2021.12.24-05.06.37:543][  0]LogConfig: Setting CVar [[r.Shadow.CSM.TransitionScale:1.0]]
[2021.12.24-05.06.37:543][  0]LogConfig: Setting CVar [[r.Shadow.PreShadowResolutionFactor:1.0]]
[2021.12.24-05.06.37:543][  0]LogConfig: Setting CVar [[r.DistanceFieldShadowing:1]]
[2021.12.24-05.06.37:543][  0]LogConfig: Setting CVar [[r.DistanceFieldAO:1]]
[2021.12.24-05.06.37:544][  0]LogConfig: Setting CVar [[r.AOQuality:2]]
[2021.12.24-05.06.37:544][  0]LogConfig: Setting CVar [[r.VolumetricFog:1]]
[2021.12.24-05.06.37:544][  0]LogConfig: Setting CVar [[r.VolumetricFog.GridPixelSize:8]]
[2021.12.24-05.06.37:544][  0]LogConfig: Setting CVar [[r.VolumetricFog.GridSizeZ:128]]
[2021.12.24-05.06.37:544][  0]LogConfig: Setting CVar [[r.VolumetricFog.HistoryMissSupersampleCount:4]]
[2021.12.24-05.06.37:544][  0]LogConfig: Setting CVar [[r.LightMaxDrawDistanceScale:1]]
[2021.12.24-05.06.37:544][  0]LogConfig: Setting CVar [[r.CapsuleShadows:1]]
[2021.12.24-05.06.37:544][  0]LogConfig: Applying CVar settings from Section [PostProcessQuality@3] File [C:/Users/willi/OneDrive/Documents/Unreal Projects/Abstraction/Abstraction/Saved/Config/Windows/Scalability.ini]
[2021.12.24-05.06.37:544][  0]LogConfig: Setting CVar [[r.MotionBlurQuality:4]]
[2021.12.24-05.06.37:544][  0]LogConfig: Setting CVar [[r.AmbientOcclusionMipLevelFactor:0.4]]
[2021.12.24-05.06.37:544][  0]LogConfig: Setting CVar [[r.AmbientOcclusionMaxQuality:100]]
[2021.12.24-05.06.37:545][  0]LogConfig: Setting CVar [[r.AmbientOcclusionLevels:-1]]
[2021.12.24-05.06.37:545][  0]LogConfig: Setting CVar [[r.AmbientOcclusionRadiusScale:1.0]]
[2021.12.24-05.06.37:545][  0]LogConfig: Setting CVar [[r.DepthOfFieldQuality:2]]
[2021.12.24-05.06.37:545][  0]LogConfig: Setting CVar [[r.RenderTargetPoolMin:400]]
[2021.12.24-05.06.37:545][  0]LogConfig: Setting CVar [[r.LensFlareQuality:2]]
[2021.12.24-05.06.37:545][  0]LogConfig: Setting CVar [[r.SceneColorFringeQuality:1]]
[2021.12.24-05.06.37:545][  0]LogConfig: Setting CVar [[r.EyeAdaptationQuality:2]]
[2021.12.24-05.06.37:545][  0]LogConfig: Setting CVar [[r.BloomQuality:5]]
[2021.12.24-05.06.37:545][  0]LogConfig: Setting CVar [[r.FastBlurThreshold:100]]
[2021.12.24-05.06.37:545][  0]LogConfig: Setting CVar [[r.Upscale.Quality:3]]
[2021.12.24-05.06.37:545][  0]LogConfig: Setting CVar [[r.Tonemapper.GrainQuantization:1]]
[2021.12.24-05.06.37:546][  0]LogConfig: Setting CVar [[r.LightShaftQuality:1]]
[2021.12.24-05.06.37:546][  0]LogConfig: Setting CVar [[r.Filter.SizeScale:1]]
[2021.12.24-05.06.37:546][  0]LogConfig: Setting CVar [[r.Tonemapper.Quality:5]]
[2021.12.24-05.06.37:546][  0]LogConfig: Setting CVar [[r.DOF.Gather.AccumulatorQuality:1        ; higher gathering accumulator quality]]
[2021.12.24-05.06.37:546][  0]LogConfig: Setting CVar [[r.DOF.Gather.PostfilterMethod:1          ; Median3x3 postfilering method]]
[2021.12.24-05.06.37:546][  0]LogConfig: Setting CVar [[r.DOF.Gather.EnableBokehSettings:0       ; no bokeh simulation when gathering]]
[2021.12.24-05.06.37:546][  0]LogConfig: Setting CVar [[r.DOF.Gather.RingCount:4                 ; medium number of samples when gathering]]
[2021.12.24-05.06.37:546][  0]LogConfig: Setting CVar [[r.DOF.Scatter.ForegroundCompositing:1    ; additive foreground scattering]]
[2021.12.24-05.06.37:546][  0]LogConfig: Setting CVar [[r.DOF.Scatter.BackgroundCompositing:2    ; additive background scattering]]
[2021.12.24-05.06.37:546][  0]LogConfig: Setting CVar [[r.DOF.Scatter.EnableBokehSettings:1      ; bokeh simulation when scattering]]
[2021.12.24-05.06.37:546][  0]LogConfig: Setting CVar [[r.DOF.Scatter.MaxSpriteRatio:0.1         ; only a maximum of 10% of scattered bokeh]]
[2021.12.24-05.06.37:546][  0]LogConfig: Setting CVar [[r.DOF.Recombine.Quality:1                ; cheap slight out of focus]]
[2021.12.24-05.06.37:546][  0]LogConfig: Setting CVar [[r.DOF.Recombine.EnableBokehSettings:0    ; no bokeh simulation on slight out of focus]]
[2021.12.24-05.06.37:546][  0]LogConfig: Setting CVar [[r.DOF.TemporalAAQuality:1                ; more stable temporal accumulation]]
[2021.12.24-05.06.37:547][  0]LogConfig: Setting CVar [[r.DOF.Kernel.MaxForegroundRadius:0.025]]
[2021.12.24-05.06.37:547][  0]LogConfig: Setting CVar [[r.DOF.Kernel.MaxBackgroundRadius:0.025]]
[2021.12.24-05.06.37:547][  0]LogConfig: Applying CVar settings from Section [TextureQuality@3] File [C:/Users/willi/OneDrive/Documents/Unreal Projects/Abstraction/Abstraction/Saved/Config/Windows/Scalability.ini]
[2021.12.24-05.06.37:547][  0]LogConfig: Setting CVar [[r.Streaming.MipBias:0]]
[2021.12.24-05.06.37:547][  0]LogConfig: Setting CVar [[r.Streaming.AmortizeCPUToGPUCopy:0]]
[2021.12.24-05.06.37:547][  0]LogConfig: Setting CVar [[r.Streaming.MaxNumTexturesToStreamPerFrame:0]]
[2021.12.24-05.06.37:547][  0]LogConfig: Setting CVar [[r.Streaming.Boost:1]]
[2021.12.24-05.06.37:547][  0]LogConfig: Setting CVar [[r.MaxAnisotropy:8]]
[2021.12.24-05.06.37:548][  0]LogConfig: Setting CVar [[r.VT.MaxAnisotropy:8]]
[2021.12.24-05.06.37:548][  0]LogConfig: Setting CVar [[r.Streaming.LimitPoolSizeToVRAM:0]]
[2021.12.24-05.06.37:548][  0]LogConfig: Setting CVar [[r.Streaming.PoolSize:1000]]
[2021.12.24-05.06.37:548][  0]LogConfig: Setting CVar [[r.Streaming.MaxEffectiveScreenSize:0]]
[2021.12.24-05.06.37:548][  0]LogConfig: Applying CVar settings from Section [EffectsQuality@3] File [C:/Users/willi/OneDrive/Documents/Unreal Projects/Abstraction/Abstraction/Saved/Config/Windows/Scalability.ini]
[2021.12.24-05.06.37:548][  0]LogConfig: Setting CVar [[r.TranslucencyLightingVolumeDim:64]]
[2021.12.24-05.06.37:548][  0]LogConfig: Setting CVar [[r.RefractionQuality:2]]
[2021.12.24-05.06.37:548][  0]LogConfig: Setting CVar [[r.SSR.Quality:3]]
[2021.12.24-05.06.37:548][  0]LogConfig: Setting CVar [[r.SSR.HalfResSceneColor:0]]
[2021.12.24-05.06.37:549][  0]LogConfig: Setting CVar [[r.SceneColorFormat:4]]
[2021.12.24-05.06.37:549][  0]LogConfig: Setting CVar [[r.DetailMode:2]]
[2021.12.24-05.06.37:549][  0]LogConfig: Setting CVar [[r.TranslucencyVolumeBlur:1]]
[2021.12.24-05.06.37:549][  0]LogConfig: Setting CVar [[r.MaterialQualityLevel:1 ; High quality]]
[2021.12.24-05.06.37:549][  0]LogConfig: Setting CVar [[r.AnisotropicMaterials:1]]
[2021.12.24-05.06.37:549][  0]LogConfig: Setting CVar [[r.SSS.Scale:1]]
[2021.12.24-05.06.37:549][  0]LogConfig: Setting CVar [[r.SSS.SampleSet:2]]
[2021.12.24-05.06.37:549][  0]LogConfig: Setting CVar [[r.SSS.Quality:1]]
[2021.12.24-05.06.37:550][  0]LogConfig: Setting CVar [[r.SSS.HalfRes:0]]
[2021.12.24-05.06.37:550][  0]LogConfig: Setting CVar [[r.SSGI.Quality:3]]
[2021.12.24-05.06.37:550][  0]LogConfig: Setting CVar [[r.EmitterSpawnRateScale:1.0]]
[2021.12.24-05.06.37:550][  0]LogConfig: Setting CVar [[r.ParticleLightQuality:2]]
[2021.12.24-05.06.37:551][  0]LogConfig: Setting CVar [[r.SkyAtmosphere.AerialPerspectiveLUT.FastApplyOnOpaque:1 ; Always have FastSkyLUT 1 in this case to avoid wrong sky]]
[2021.12.24-05.06.37:551][  0]LogConfig: Setting CVar [[r.SkyAtmosphere.AerialPerspectiveLUT.SampleCountMaxPerSlice:4]]
[2021.12.24-05.06.37:551][  0]LogConfig: Setting CVar [[r.SkyAtmosphere.AerialPerspectiveLUT.DepthResolution:16.0]]
[2021.12.24-05.06.37:551][  0]LogConfig: Setting CVar [[r.SkyAtmosphere.FastSkyLUT:1]]
[2021.12.24-05.06.37:552][  0]LogConfig: Setting CVar [[r.SkyAtmosphere.FastSkyLUT.SampleCountMin:4.0]]
[2021.12.24-05.06.37:552][  0]LogConfig: Setting CVar [[r.SkyAtmosphere.FastSkyLUT.SampleCountMax:128.0]]
[2021.12.24-05.06.37:552][  0]LogConfig: Setting CVar [[r.SkyAtmosphere.SampleCountMin:4.0]]
[2021.12.24-05.06.37:552][  0]LogConfig: Setting CVar [[r.SkyAtmosphere.SampleCountMax:128.0]]
[2021.12.24-05.06.37:552][  0]LogConfig: Setting CVar [[r.SkyAtmosphere.TransmittanceLUT.UseSmallFormat:0]]
[2021.12.24-05.06.37:553][  0]LogConfig: Setting CVar [[r.SkyAtmosphere.TransmittanceLUT.SampleCount:10.0]]
[2021.12.24-05.06.37:553][  0]LogConfig: Setting CVar [[r.SkyAtmosphere.MultiScatteringLUT.SampleCount:15.0]]
[2021.12.24-05.06.37:553][  0]LogConfig: Setting CVar [[r.SkyLight.RealTimeReflectionCapture:1]]
[2021.12.24-05.06.37:553][  0]LogConfig: Applying CVar settings from Section [FoliageQuality@3] File [C:/Users/willi/OneDrive/Documents/Unreal Projects/Abstraction/Abstraction/Saved/Config/Windows/Scalability.ini]
[2021.12.24-05.06.37:553][  0]LogConfig: Setting CVar [[foliage.DensityScale:1.0]]
[2021.12.24-05.06.37:554][  0]LogConfig: Setting CVar [[grass.DensityScale:1.0]]
[2021.12.24-05.06.37:554][  0]LogConfig: Applying CVar settings from Section [ShadingQuality@3] File [C:/Users/willi/OneDrive/Documents/Unreal Projects/Abstraction/Abstraction/Saved/Config/Windows/Scalability.ini]
[2021.12.24-05.06.37:554][  0]LogConfig: Setting CVar [[r.HairStrands.SkyLighting.IntegrationType:2]]
[2021.12.24-05.06.37:554][  0]LogConfig: Setting CVar [[r.HairStrands.SkyAO.SampleCount:4]]
[2021.12.24-05.06.37:554][  0]LogConfig: Setting CVar [[r.HairStrands.Visibility.MSAA.SamplePerPixel:4]]
[2021.12.24-05.06.37:554][  0]LogInit: Selected Device Profile: [Windows]
[2021.12.24-05.06.37:554][  0]LogInit: Applying CVar settings loaded from the selected device profile: [Windows]
[2021.12.24-05.06.37:555][  0]LogHAL: Display: Platform has ~ 16 GB [16540934144 / 17179869184 / 16], which maps to Larger [LargestMinGB=32, LargerMinGB=12, DefaultMinGB=8, SmallerMinGB=6, SmallestMinGB=0)
[2021.12.24-05.06.37:555][  0]LogInit: Going up to parent DeviceProfile []
[2021.12.24-05.06.37:557][  0]LogConfig: Applying CVar settings from Section [ViewDistanceQuality@3] File [C:/Users/willi/OneDrive/Documents/Unreal Projects/Abstraction/Abstraction/Saved/Config/Windows/Scalability.ini]
[2021.12.24-05.06.37:558][  0]LogConfig: Setting CVar [[r.SkeletalMeshLODBias:0]]
[2021.12.24-05.06.37:559][  0]LogConfig: Setting CVar [[r.ViewDistanceScale:1.0]]
[2021.12.24-05.06.37:559][  0]LogConfig: Applying CVar settings from Section [AntiAliasingQuality@3] File [C:/Users/willi/OneDrive/Documents/Unreal Projects/Abstraction/Abstraction/Saved/Config/Windows/Scalability.ini]
[2021.12.24-05.06.37:559][  0]LogConfig: Setting CVar [[r.PostProcessAAQuality:4]]
[2021.12.24-05.06.37:559][  0]LogConfig: Applying CVar settings from Section [ShadowQuality@3] File [C:/Users/willi/OneDrive/Documents/Unreal Projects/Abstraction/Abstraction/Saved/Config/Windows/Scalability.ini]
[2021.12.24-05.06.37:559][  0]LogConfig: Setting CVar [[r.LightFunctionQuality:1]]
[2021.12.24-05.06.37:559][  0]LogConfig: Setting CVar [[r.ShadowQuality:5]]
[2021.12.24-05.06.37:560][  0]LogConfig: Setting CVar [[r.Shadow.CSM.MaxCascades:10]]
[2021.12.24-05.06.37:560][  0]LogConfig: Setting CVar [[r.Shadow.MaxResolution:2048]]
[2021.12.24-05.06.37:560][  0]LogConfig: Setting CVar [[r.Shadow.MaxCSMResolution:2048]]
[2021.12.24-05.06.37:560][  0]LogConfig: Setting CVar [[r.Shadow.RadiusThreshold:0.01]]
[2021.12.24-05.06.37:560][  0]LogConfig: Setting CVar [[r.Shadow.DistanceScale:1.0]]
[2021.12.24-05.06.37:560][  0]LogConfig: Setting CVar [[r.Shadow.CSM.TransitionScale:1.0]]
[2021.12.24-05.06.37:560][  0]LogConfig: Setting CVar [[r.Shadow.PreShadowResolutionFactor:1.0]]
[2021.12.24-05.06.37:560][  0]LogConfig: Setting CVar [[r.DistanceFieldShadowing:1]]
[2021.12.24-05.06.37:561][  0]LogConfig: Setting CVar [[r.DistanceFieldAO:1]]
[2021.12.24-05.06.37:561][  0]LogConfig: Setting CVar [[r.AOQuality:2]]
[2021.12.24-05.06.37:561][  0]LogConfig: Setting CVar [[r.VolumetricFog:1]]
[2021.12.24-05.06.37:561][  0]LogConfig: Setting CVar [[r.VolumetricFog.GridPixelSize:8]]
[2021.12.24-05.06.37:561][  0]LogConfig: Setting CVar [[r.VolumetricFog.GridSizeZ:128]]
[2021.12.24-05.06.37:561][  0]LogConfig: Setting CVar [[r.VolumetricFog.HistoryMissSupersampleCount:4]]
[2021.12.24-05.06.37:561][  0]LogConfig: Setting CVar [[r.LightMaxDrawDistanceScale:1]]
[2021.12.24-05.06.37:562][  0]LogConfig: Setting CVar [[r.CapsuleShadows:1]]
[2021.12.24-05.06.37:562][  0]LogConfig: Applying CVar settings from Section [PostProcessQuality@3] File [C:/Users/willi/OneDrive/Documents/Unreal Projects/Abstraction/Abstraction/Saved/Config/Windows/Scalability.ini]
[2021.12.24-05.06.37:562][  0]LogConfig: Setting CVar [[r.MotionBlurQuality:4]]
[2021.12.24-05.06.37:562][  0]LogConfig: Setting CVar [[r.AmbientOcclusionMipLevelFactor:0.4]]
[2021.12.24-05.06.37:562][  0]LogConfig: Setting CVar [[r.AmbientOcclusionMaxQuality:100]]
[2021.12.24-05.06.37:562][  0]LogConfig: Setting CVar [[r.AmbientOcclusionLevels:-1]]
[2021.12.24-05.06.37:562][  0]LogConfig: Setting CVar [[r.AmbientOcclusionRadiusScale:1.0]]
[2021.12.24-05.06.37:562][  0]LogConfig: Setting CVar [[r.DepthOfFieldQuality:2]]
[2021.12.24-05.06.37:562][  0]LogConfig: Setting CVar [[r.RenderTargetPoolMin:400]]
[2021.12.24-05.06.37:563][  0]LogConfig: Setting CVar [[r.LensFlareQuality:2]]
[2021.12.24-05.06.37:563][  0]LogConfig: Setting CVar [[r.SceneColorFringeQuality:1]]
[2021.12.24-05.06.37:563][  0]LogConfig: Setting CVar [[r.EyeAdaptationQuality:2]]
[2021.12.24-05.06.37:563][  0]LogConfig: Setting CVar [[r.BloomQuality:5]]
[2021.12.24-05.06.37:563][  0]LogConfig: Setting CVar [[r.FastBlurThreshold:100]]
[2021.12.24-05.06.37:563][  0]LogConfig: Setting CVar [[r.Upscale.Quality:3]]
[2021.12.24-05.06.37:563][  0]LogConfig: Setting CVar [[r.Tonemapper.GrainQuantization:1]]
[2021.12.24-05.06.37:563][  0]LogConfig: Setting CVar [[r.LightShaftQuality:1]]
[2021.12.24-05.06.37:563][  0]LogConfig: Setting CVar [[r.Filter.SizeScale:1]]
[2021.12.24-05.06.37:564][  0]LogConfig: Setting CVar [[r.Tonemapper.Quality:5]]
[2021.12.24-05.06.37:564][  0]LogConfig: Setting CVar [[r.DOF.Gather.AccumulatorQuality:1        ; higher gathering accumulator quality]]
[2021.12.24-05.06.37:564][  0]LogConfig: Setting CVar [[r.DOF.Gather.PostfilterMethod:1          ; Median3x3 postfilering method]]
[2021.12.24-05.06.37:564][  0]LogConfig: Setting CVar [[r.DOF.Gather.EnableBokehSettings:0       ; no bokeh simulation when gathering]]
[2021.12.24-05.06.37:564][  0]LogConfig: Setting CVar [[r.DOF.Gather.RingCount:4                 ; medium number of samples when gathering]]
[2021.12.24-05.06.37:564][  0]LogConfig: Setting CVar [[r.DOF.Scatter.ForegroundCompositing:1    ; additive foreground scattering]]
[2021.12.24-05.06.37:564][  0]LogConfig: Setting CVar [[r.DOF.Scatter.BackgroundCompositing:2    ; additive background scattering]]
[2021.12.24-05.06.37:564][  0]LogConfig: Setting CVar [[r.DOF.Scatter.EnableBokehSettings:1      ; bokeh simulation when scattering]]
[2021.12.24-05.06.37:565][  0]LogConfig: Setting CVar [[r.DOF.Scatter.MaxSpriteRatio:0.1         ; only a maximum of 10% of scattered bokeh]]
[2021.12.24-05.06.37:565][  0]LogConfig: Setting CVar [[r.DOF.Recombine.Quality:1                ; cheap slight out of focus]]
[2021.12.24-05.06.37:565][  0]LogConfig: Setting CVar [[r.DOF.Recombine.EnableBokehSettings:0    ; no bokeh simulation on slight out of focus]]
[2021.12.24-05.06.37:565][  0]LogConfig: Setting CVar [[r.DOF.TemporalAAQuality:1                ; more stable temporal accumulation]]
[2021.12.24-05.06.37:566][  0]LogConfig: Setting CVar [[r.DOF.Kernel.MaxForegroundRadius:0.025]]
[2021.12.24-05.06.37:566][  0]LogConfig: Setting CVar [[r.DOF.Kernel.MaxBackgroundRadius:0.025]]
[2021.12.24-05.06.37:566][  0]LogConfig: Applying CVar settings from Section [TextureQuality@3] File [C:/Users/willi/OneDrive/Documents/Unreal Projects/Abstraction/Abstraction/Saved/Config/Windows/Scalability.ini]
[2021.12.24-05.06.37:566][  0]LogConfig: Setting CVar [[r.Streaming.MipBias:0]]
[2021.12.24-05.06.37:566][  0]LogConfig: Setting CVar [[r.Streaming.AmortizeCPUToGPUCopy:0]]
[2021.12.24-05.06.37:566][  0]LogConfig: Setting CVar [[r.Streaming.MaxNumTexturesToStreamPerFrame:0]]
[2021.12.24-05.06.37:567][  0]LogConfig: Setting CVar [[r.Streaming.Boost:1]]
[2021.12.24-05.06.37:567][  0]LogConfig: Setting CVar [[r.MaxAnisotropy:8]]
[2021.12.24-05.06.37:567][  0]LogConfig: Setting CVar [[r.VT.MaxAnisotropy:8]]
[2021.12.24-05.06.37:567][  0]LogConfig: Setting CVar [[r.Streaming.LimitPoolSizeToVRAM:0]]
[2021.12.24-05.06.37:567][  0]LogConfig: Setting CVar [[r.Streaming.PoolSize:1000]]
[2021.12.24-05.06.37:567][  0]LogConfig: Setting CVar [[r.Streaming.MaxEffectiveScreenSize:0]]
[2021.12.24-05.06.37:567][  0]LogConfig: Applying CVar settings from Section [EffectsQuality@3] File [C:/Users/willi/OneDrive/Documents/Unreal Projects/Abstraction/Abstraction/Saved/Config/Windows/Scalability.ini]
[2021.12.24-05.06.37:567][  0]LogConfig: Setting CVar [[r.TranslucencyLightingVolumeDim:64]]
[2021.12.24-05.06.37:568][  0]LogConfig: Setting CVar [[r.RefractionQuality:2]]
[2021.12.24-05.06.37:568][  0]LogConfig: Setting CVar [[r.SSR.Quality:3]]
[2021.12.24-05.06.37:568][  0]LogConfig: Setting CVar [[r.SSR.HalfResSceneColor:0]]
[2021.12.24-05.06.37:568][  0]LogConfig: Setting CVar [[r.SceneColorFormat:4]]
[2021.12.24-05.06.37:568][  0]LogConfig: Setting CVar [[r.DetailMode:2]]
[2021.12.24-05.06.37:568][  0]LogConfig: Setting CVar [[r.TranslucencyVolumeBlur:1]]
[2021.12.24-05.06.37:568][  0]LogConfig: Setting CVar [[r.MaterialQualityLevel:1 ; High quality]]
[2021.12.24-05.06.37:568][  0]LogConfig: Setting CVar [[r.AnisotropicMaterials:1]]
[2021.12.24-05.06.37:569][  0]LogConfig: Setting CVar [[r.SSS.Scale:1]]
[2021.12.24-05.06.37:569][  0]LogConfig: Setting CVar [[r.SSS.SampleSet:2]]
[2021.12.24-05.06.37:569][  0]LogConfig: Setting CVar [[r.SSS.Quality:1]]
[2021.12.24-05.06.37:569][  0]LogConfig: Setting CVar [[r.SSS.HalfRes:0]]
[2021.12.24-05.06.37:569][  0]LogConfig: Setting CVar [[r.SSGI.Quality:3]]
[2021.12.24-05.06.37:569][  0]LogConfig: Setting CVar [[r.EmitterSpawnRateScale:1.0]]
[2021.12.24-05.06.37:569][  0]LogConfig: Setting CVar [[r.ParticleLightQuality:2]]
[2021.12.24-05.06.37:569][  0]LogConfig: Setting CVar [[r.SkyAtmosphere.AerialPerspectiveLUT.FastApplyOnOpaque:1 ; Always have FastSkyLUT 1 in this case to avoid wrong sky]]
[2021.12.24-05.06.37:570][  0]LogConfig: Setting CVar [[r.SkyAtmosphere.AerialPerspectiveLUT.SampleCountMaxPerSlice:4]]
[2021.12.24-05.06.37:570][  0]LogConfig: Setting CVar [[r.SkyAtmosphere.AerialPerspectiveLUT.DepthResolution:16.0]]
[2021.12.24-05.06.37:570][  0]LogConfig: Setting CVar [[r.SkyAtmosphere.FastSkyLUT:1]]
[2021.12.24-05.06.37:570][  0]LogConfig: Setting CVar [[r.SkyAtmosphere.FastSkyLUT.SampleCountMin:4.0]]
[2021.12.24-05.06.37:570][  0]LogConfig: Setting CVar [[r.SkyAtmosphere.FastSkyLUT.SampleCountMax:128.0]]
[2021.12.24-05.06.37:570][  0]LogConfig: Setting CVar [[r.SkyAtmosphere.SampleCountMin:4.0]]
[2021.12.24-05.06.37:570][  0]LogConfig: Setting CVar [[r.SkyAtmosphere.SampleCountMax:128.0]]
[2021.12.24-05.06.37:571][  0]LogConfig: Setting CVar [[r.SkyAtmosphere.TransmittanceLUT.UseSmallFormat:0]]
[2021.12.24-05.06.37:571][  0]LogConfig: Setting CVar [[r.SkyAtmosphere.TransmittanceLUT.SampleCount:10.0]]
[2021.12.24-05.06.37:571][  0]LogConfig: Setting CVar [[r.SkyAtmosphere.MultiScatteringLUT.SampleCount:15.0]]
[2021.12.24-05.06.37:571][  0]LogConfig: Setting CVar [[r.SkyLight.RealTimeReflectionCapture:1]]
[2021.12.24-05.06.37:571][  0]LogConfig: Applying CVar settings from Section [FoliageQuality@3] File [C:/Users/willi/OneDrive/Documents/Unreal Projects/Abstraction/Abstraction/Saved/Config/Windows/Scalability.ini]
[2021.12.24-05.06.37:571][  0]LogConfig: Setting CVar [[foliage.DensityScale:1.0]]
[2021.12.24-05.06.37:571][  0]LogConfig: Setting CVar [[grass.DensityScale:1.0]]
[2021.12.24-05.06.37:571][  0]LogConfig: Applying CVar settings from Section [ShadingQuality@3] File [C:/Users/willi/OneDrive/Documents/Unreal Projects/Abstraction/Abstraction/Saved/Config/Windows/Scalability.ini]
[2021.12.24-05.06.37:571][  0]LogConfig: Setting CVar [[r.HairStrands.SkyLighting.IntegrationType:2]]
[2021.12.24-05.06.37:572][  0]LogConfig: Setting CVar [[r.HairStrands.SkyAO.SampleCount:4]]
[2021.12.24-05.06.37:572][  0]LogConfig: Setting CVar [[r.HairStrands.Visibility.MSAA.SamplePerPixel:4]]
[2021.12.24-05.06.37:572][  0]LogConfig: Applying CVar settings from Section [Startup] File [../../../Engine/Config/ConsoleVariables.ini]
[2021.12.24-05.06.37:574][  0]LogConfig: Setting CVar [[net.UseAdaptiveNetUpdateFrequency:0]]
[2021.12.24-05.06.37:574][  0]LogConfig: Setting CVar [[p.chaos.AllowCreatePhysxBodies:1]]
[2021.12.24-05.06.37:574][  0]LogConfig: Setting CVar [[fx.SkipVectorVMBackendOptimizations:1]]
[2021.12.24-05.06.37:574][  0]LogConfig: Applying CVar settings from Section [ConsoleVariables] File [C:/Users/willi/OneDrive/Documents/Unreal Projects/Abstraction/Abstraction/Saved/Config/Windows/Engine.ini]
[2021.12.24-05.06.37:574][  0]LogConfig: Applying CVar settings from Section [ConsoleVariables] File [C:/Users/willi/OneDrive/Documents/Unreal Projects/Abstraction/Abstraction/Saved/Config/Windows/Editor.ini]
[2021.12.24-05.06.37:575][  0]LogInit: Computer: LAPTOP-0U3AVAT7
[2021.12.24-05.06.37:575][  0]LogInit: User: willi
[2021.12.24-05.06.37:575][  0]LogInit: CPU Page size=4096, Cores=8
[2021.12.24-05.06.37:575][  0]LogInit: High frequency timer resolution =10.000000 MHz
[2021.12.24-05.06.37:575][  0]LogMemory: Memory total: Physical=15.4GB (16GB approx)
[2021.12.24-05.06.37:575][  0]LogMemory: Platform Memory Stats for Windows
[2021.12.24-05.06.37:575][  0]LogMemory: Process Physical Memory: 145.11 MB used, 145.11 MB peak
[2021.12.24-05.06.37:576][  0]LogMemory: Process Virtual Memory: 127.38 MB used, 127.38 MB peak
[2021.12.24-05.06.37:576][  0]LogMemory: Physical Memory: 10908.28 MB used,  4866.38 MB free, 15774.66 MB total
[2021.12.24-05.06.37:576][  0]LogMemory: Virtual Memory: 134212912.00 MB used,  4815.68 MB free, 134217728.00 MB total
[2021.12.24-05.06.38:441][  0]LogWindows: WindowsPlatformFeatures enabled
[2021.12.24-05.06.41:559][  0]LogInit: Physics initialised using underlying interface: PhysX
[2021.12.24-05.06.41:560][  0]LogInit: Using OS detected language (en-US).
[2021.12.24-05.06.41:560][  0]LogInit: Using OS detected locale (en-US).
[2021.12.24-05.06.41:569][  0]LogTextLocalizationManager: No specific localization for 'en-US' exists, so the 'en' localization will be used.
[2021.12.24-05.06.41:955][  0]LogInit: Setting process to per monitor DPI aware
[2021.12.24-05.06.44:416][  0]LogWindowsTextInputMethodSystem: Display: IME system deactivated.
[2021.12.24-05.06.45:375][  0]LogSlate: New Slate User Created.  User Index 0, Is Virtual User: 0
[2021.12.24-05.06.45:375][  0]LogSlate: Slate User Registered.  User Index 0, Is Virtual User: 0
[2021.12.24-05.06.45:872][  0]LogD3D11RHI: Loaded GFSDK_Aftermath_Lib.x64.dll
[2021.12.24-05.06.47:203][  0]LogHMD: Failed to initialize OpenVR with code 110
[2021.12.24-05.06.47:204][  0]LogD3D11RHI: D3D11 min allowed feature level: 11_0
[2021.12.24-05.06.47:204][  0]LogD3D11RHI: D3D11 max allowed feature level: 11_0
[2021.12.24-05.06.47:204][  0]LogD3D11RHI: D3D11 adapters:
[2021.12.24-05.06.49:293][  0]LogD3D11RHI:    0. 'NVIDIA GeForce RTX 3050 Ti Laptop GPU' (Feature Level 11_0)
[2021.12.24-05.06.49:293][  0]LogD3D11RHI:       3990/0/7887 MB DedicatedVideo/DedicatedSystem/SharedSystem, Outputs:1, VendorId:0x10de
[2021.12.24-05.06.52:156][  0]LogD3D11RHI:    1. 'AMD Radeon(TM) Graphics' (Feature Level 11_0)
[2021.12.24-05.06.52:156][  0]LogD3D11RHI:       496/0/7887 MB DedicatedVideo/DedicatedSystem/SharedSystem, Outputs:0, VendorId:0x1002
[2021.12.24-05.06.53:375][  0]LogD3D11RHI:    2. 'Microsoft Basic Render Driver' (Feature Level 11_0)
[2021.12.24-05.06.53:375][  0]LogD3D11RHI:       0/0/7887 MB DedicatedVideo/DedicatedSystem/SharedSystem, Outputs:0, VendorId:0x1414
[2021.12.24-05.06.53:375][  0]LogD3D11RHI: Chosen D3D11 Adapter:
[2021.12.24-05.06.53:376][  0]LogD3D11RHI:     Description : NVIDIA GeForce RTX 3050 Ti Laptop GPU
[2021.12.24-05.06.53:376][  0]LogD3D11RHI:     VendorId    : 10de
[2021.12.24-05.06.53:376][  0]LogD3D11RHI:     DeviceId    : 25a0
[2021.12.24-05.06.53:376][  0]LogD3D11RHI:     SubSysId    : 125c1043
[2021.12.24-05.06.53:376][  0]LogD3D11RHI:     Revision    : 00a1
[2021.12.24-05.06.53:376][  0]LogD3D11RHI:     DedicatedVideoMemory : 4183818240 bytes
[2021.12.24-05.06.53:376][  0]LogD3D11RHI:     DedicatedSystemMemory : 0 bytes
[2021.12.24-05.06.53:377][  0]LogD3D11RHI:     SharedSystemMemory : 8270467072 bytes
[2021.12.24-05.06.53:377][  0]LogD3D11RHI:     AdapterLuid : 0 60626
[2021.12.24-05.06.53:409][  0]LogD3D11RHI: Creating new Direct3DDevice
[2021.12.24-05.06.53:410][  0]LogD3D11RHI:     GPU DeviceId: 0x25a0 (for the marketing name, search the web for "GPU Device Id")
[2021.12.24-05.06.53:410][  0]LogWindows: EnumDisplayDevices:
[2021.12.24-05.06.53:411][  0]LogWindows:    0. 'AMD Radeon(TM) Graphics' (P:1 D:1)
[2021.12.24-05.06.53:412][  0]LogWindows:    1. 'AMD Radeon(TM) Graphics' (P:0 D:0)
[2021.12.24-05.06.53:413][  0]LogWindows:    2. 'AMD Radeon(TM) Graphics' (P:0 D:0)
[2021.12.24-05.06.53:414][  0]LogWindows:    3. 'AMD Radeon(TM) Graphics' (P:0 D:0)
[2021.12.24-05.06.53:416][  0]LogWindows:    4. 'NVIDIA GeForce RTX 3050 Ti Laptop GPU' (P:0 D:0)
[2021.12.24-05.06.53:417][  0]LogWindows:    5. 'NVIDIA GeForce RTX 3050 Ti Laptop GPU' (P:0 D:0)
[2021.12.24-05.06.53:418][  0]LogWindows:    6. 'NVIDIA GeForce RTX 3050 Ti Laptop GPU' (P:0 D:0)
[2021.12.24-05.06.53:419][  0]LogWindows:    7. 'NVIDIA GeForce RTX 3050 Ti Laptop GPU' (P:0 D:0)
[2021.12.24-05.06.53:420][  0]LogWindows: DebugString: PrimaryIsNotTheChoosenAdapter PrimaryIsNotTheChoosenAdapter PrimaryIsNotTheChoosenAdapter PrimaryIsNotTheChoosenAdapter FoundDriverCount:4 
[2021.12.24-05.06.53:421][  0]LogD3D11RHI:     Adapter Name: NVIDIA GeForce RTX 3050 Ti Laptop GPU
[2021.12.24-05.06.53:421][  0]LogD3D11RHI:   Driver Version: 496.76 (internal:30.0.14.9676, unified:496.76)
[2021.12.24-05.06.53:421][  0]LogD3D11RHI:      Driver Date: 11-9-2021
[2021.12.24-05.06.53:421][  0]LogRHI: Texture pool is 2793 MB (70% of 3990 MB)
[2021.12.24-05.06.53:421][  0]LogD3D11RHI: Creating D3DDevice using adapter:
[2021.12.24-05.06.53:422][  0]LogD3D11RHI:     Description : NVIDIA GeForce RTX 3050 Ti Laptop GPU
[2021.12.24-05.06.53:422][  0]LogD3D11RHI:     VendorId    : 10de
[2021.12.24-05.06.53:422][  0]LogD3D11RHI:     DeviceId    : 25a0
[2021.12.24-05.06.53:422][  0]LogD3D11RHI:     SubSysId    : 125c1043
[2021.12.24-05.06.53:422][  0]LogD3D11RHI:     Revision    : 00a1
[2021.12.24-05.06.53:422][  0]LogD3D11RHI:     DedicatedVideoMemory : 4183818240 bytes
[2021.12.24-05.06.53:422][  0]LogD3D11RHI:     DedicatedSystemMemory : 0 bytes
[2021.12.24-05.06.53:423][  0]LogD3D11RHI:     SharedSystemMemory : 8270467072 bytes
[2021.12.24-05.06.53:423][  0]LogD3D11RHI:     AdapterLuid : 0 60626
[2021.12.24-05.06.53:675][  0]LogD3D11RHI: RHI has support for 64 bit atomics
[2021.12.24-05.06.53:679][  0]LogD3D11RHI: Async texture creation enabled
[2021.12.24-05.06.53:680][  0]LogD3D11RHI: Array index from any shader is supported
[2021.12.24-05.06.53:769][  0]LogD3D11RHI: GPU Timing Frequency: 1000.000000 (Debug: 2 1)
[2021.12.24-05.06.55:197][  0]LogRHI: GeForceNow SDK initialized: 1
[2021.12.24-05.06.56:238][  0]LogTargetPlatformManager: Display: Loaded TargetPlatform 'AllDesktop'
[2021.12.24-05.06.56:609][  0]LogTargetPlatformManager: Display: Loaded TargetPlatform 'Android'
[2021.12.24-05.06.56:609][  0]LogTargetPlatformManager: Display: Loaded TargetPlatform 'Android_ASTC'
[2021.12.24-05.06.56:609][  0]LogTargetPlatformManager: Display: Loaded TargetPlatform 'Android_DXT'
[2021.12.24-05.06.56:609][  0]LogTargetPlatformManager: Display: Loaded TargetPlatform 'Android_ETC2'
[2021.12.24-05.06.56:611][  0]LogTargetPlatformManager: Display: Loaded TargetPlatform 'AndroidClient'
[2021.12.24-05.06.56:613][  0]LogTargetPlatformManager: Display: Loaded TargetPlatform 'Android_ASTCClient'
[2021.12.24-05.06.56:613][  0]LogTargetPlatformManager: Display: Loaded TargetPlatform 'Android_DXTClient'
[2021.12.24-05.06.56:614][  0]LogTargetPlatformManager: Display: Loaded TargetPlatform 'Android_ETC2Client'
[2021.12.24-05.06.56:614][  0]LogTargetPlatformManager: Display: Loaded TargetPlatform 'Android_Multi'
[2021.12.24-05.06.56:614][  0]LogTargetPlatformManager: Display: Loaded TargetPlatform 'Android_MultiClient'
[2021.12.24-05.06.57:517][  0]LogTargetPlatformManager: Display: Loaded TargetPlatform 'IOSClient'
[2021.12.24-05.06.57:517][  0]LogTargetPlatformManager: Display: Loaded TargetPlatform 'IOS'
[2021.12.24-05.06.57:828][  0]LogTargetPlatformManager: Display: Loaded TargetPlatform 'Linux'
[2021.12.24-05.06.58:085][  0]LogTargetPlatformManager: Display: Loaded TargetPlatform 'LinuxNoEditor'
[2021.12.24-05.06.58:384][  0]LogTargetPlatformManager: Display: Loaded TargetPlatform 'LinuxClient'
[2021.12.24-05.06.58:667][  0]LogTargetPlatformManager: Display: Loaded TargetPlatform 'LinuxServer'
[2021.12.24-05.06.59:016][  0]LogTargetPlatformManager: Display: Loaded TargetPlatform 'LinuxAArch64NoEditor'
[2021.12.24-05.06.59:404][  0]LogTargetPlatformManager: Display: Loaded TargetPlatform 'LinuxAArch64Client'
[2021.12.24-05.06.59:955][  0]LogTargetPlatformManager: Display: Loaded TargetPlatform 'LinuxAArch64Server'
[2021.12.24-05.07.00:264][  0]LogTargetPlatformManager: Display: Loaded TargetPlatform 'Lumin'
[2021.12.24-05.07.00:264][  0]LogTargetPlatformManager: Display: Loaded TargetPlatform 'LuminClient'
[2021.12.24-05.07.00:546][  0]LogTargetPlatformManager: Display: Loaded TargetPlatform 'MacNoEditor'
[2021.12.24-05.07.00:835][  0]LogTargetPlatformManager: Display: Loaded TargetPlatform 'Mac'
[2021.12.24-05.07.01:104][  0]LogTargetPlatformManager: Display: Loaded TargetPlatform 'MacClient'
[2021.12.24-05.07.01:444][  0]LogTargetPlatformManager: Display: Loaded TargetPlatform 'MacServer'
[2021.12.24-05.07.01:793][  0]LogTargetPlatformManager: Display: Loaded TargetPlatform 'TVOSClient'
[2021.12.24-05.07.01:793][  0]LogTargetPlatformManager: Display: Loaded TargetPlatform 'TVOS'
[2021.12.24-05.07.02:088][  0]LogTargetPlatformManager: Display: Loaded TargetPlatform 'WindowsNoEditor'
[2021.12.24-05.07.02:369][  0]LogTargetPlatformManager: Display: Loaded TargetPlatform 'Windows'
[2021.12.24-05.07.02:669][  0]LogTargetPlatformManager: Display: Loaded TargetPlatform 'WindowsClient'
[2021.12.24-05.07.02:948][  0]LogTargetPlatformManager: Display: Loaded TargetPlatform 'WindowsServer'
[2021.12.24-05.07.02:948][  0]LogTargetPlatformManager: Display: Building Assets For Windows
[2021.12.24-05.07.04:068][  0]LogAudioDebug: Display: Lib vorbis DLL was dynamically loaded.
[2021.12.24-05.07.08:754][  0]LogTextureFormatOodle: Display: Oodle Texture 2.9.0 init RDO Off
[2021.12.24-05.07.12:047][  0]LogRendererCore: Ray tracing is disabled. Reason: r.RayTracing=0.
[2021.12.24-05.07.12:047][  0]LogShaderCompilers: Guid format shader working directory is -43 characters bigger than the processId version (../../../../../../Users/willi/OneDrive/Documents/Unreal Projects/Abstraction/Abstraction/Intermediate/Shaders/WorkingDirectory/24320/).
[2021.12.24-05.07.12:047][  0]LogShaderCompilers: Cleaned the shader compiler working directory 'C:/Users/willi/AppData/Local/Temp/UnrealShaderWorkingDir/92DDE6B543BD9DA0599DE8B7ADC10F9A/'.
[2021.12.24-05.07.12:051][  0]LogShaderCompilers: Display: Using XGE Controller for Shader Compilation.
[2021.12.24-05.07.13:754][  0]LogDerivedDataCache: Display: Max Cache Size: 512 MB
[2021.12.24-05.07.13:879][  0]LogDerivedDataCache: Loaded boot cache 0.12s 94MB C:/Users/willi/AppData/Local/UnrealEngine/4.27/DerivedDataCache/Boot.ddc.
[2021.12.24-05.07.13:880][  0]LogDerivedDataCache: Display: Loaded Boot cache: C:/Users/willi/AppData/Local/UnrealEngine/4.27/DerivedDataCache/Boot.ddc
[2021.12.24-05.07.13:880][  0]LogDerivedDataCache: FDerivedDataBackendGraph:  Pak pak cache file ../../../../../../Users/willi/OneDrive/Documents/Unreal Projects/Abstraction/Abstraction/DerivedDataCache/DDC.ddp not found, will not use a pak cache.
[2021.12.24-05.07.13:880][  0]LogDerivedDataCache: Unable to find inner node Pak for hierarchical cache Hierarchy.
[2021.12.24-05.07.13:880][  0]LogDerivedDataCache: FDerivedDataBackendGraph:  CompressedPak pak cache file ../../../../../../Users/willi/OneDrive/Documents/Unreal Projects/Abstraction/Abstraction/DerivedDataCache/Compressed.ddp not found, will not use a pak cache.
[2021.12.24-05.07.13:881][  0]LogDerivedDataCache: Unable to find inner node CompressedPak for hierarchical cache Hierarchy.
[2021.12.24-05.07.13:939][  0]LogDerivedDataCache: Display: Pak cache opened for reading ../../../Engine/DerivedDataCache/Compressed.ddp.
[2021.12.24-05.07.13:940][  0]LogDerivedDataCache: FDerivedDataBackendGraph:  EnterprisePak pak cache file ../../../Enterprise/DerivedDataCache/Compressed.ddp not found, will not use a pak cache.
[2021.12.24-05.07.13:940][  0]LogDerivedDataCache: Unable to find inner node EnterprisePak for hierarchical cache Hierarchy.
[2021.12.24-05.07.13:975][  0]LogDerivedDataCache: Speed tests for C:/Users/willi/AppData/Local/UnrealEngine/Common/DerivedDataCache took 0.03 seconds
[2021.12.24-05.07.13:975][  0]LogDerivedDataCache: Display: Performance to C:/Users/willi/AppData/Local/UnrealEngine/Common/DerivedDataCache: Latency=0.10ms. RandomReadSpeed=54.26MBs, RandomWriteSpeed=58.40MBs. Assigned SpeedClass 'Local'
[2021.12.24-05.07.13:985][  0]LogDerivedDataCache: Using Local data cache path C:/Users/willi/AppData/Local/UnrealEngine/Common/DerivedDataCache: Writable
[2021.12.24-05.07.13:986][  0]LogDerivedDataCache: Shared data cache path not found in *engine.ini, will not use an Shared cache.
[2021.12.24-05.07.13:986][  0]LogDerivedDataCache: Unable to find inner node Shared for hierarchical cache Hierarchy.
[2021.12.24-05.07.14:119][  0]LogSlate: Using FreeType 2.10.0
[2021.12.24-05.07.14:120][  0]LogSlate: SlateFontServices - WITH_FREETYPE: 1, WITH_HARFBUZZ: 1
[2021.12.24-05.07.14:500][  0]LogAssetRegistry: FAssetRegistry took 0.0112 seconds to start up
[2021.12.24-05.07.15:142][  0]LogInit: Selected Device Profile: [Windows]
[2021.12.24-05.07.15:143][  0]LogInit: Active device profile: [00000171DCE65100][00000171DCDF2380 49] Windows
[2021.12.24-05.07.15:143][  0]LogInit: Profiles: [00000171DCE65100][00000171DCDF2380 49] Windows, [00000171DCE26700][00000171DCDFA640 49] WindowsNoEditor, [00000171DCE66200][00000171D4970900 49] WindowsServer, [00000171DCE25900][00000171DCDF6B80 49] WindowsClient, [00000171DCE65700][00000171D4978E40 49] IOS, [00000171DCE26900][00000171D497D100 49] iPadAir, [00000171DCE67C00][00000171DC9D33C0 49] iPadAir2, [00000171DDDD9400][00000171DC9E7900 49] IPadPro, [00000171DDDD9500][00000171DC9D7940 49] iPadAir3, [00000171DCE27A00][00000171DC9DFC00 49] iPadAir4, [00000171DDDDA300][00000171DC9DA340 49] iPadMini2, [00000171DCE27100][00000171DC9E2600 49] iPadMini3, [00000171DDDDAF00][00000171DC9EA8C0 49] iPadMini4, [00000171DCE25D00][00000171D4974B40 49] iPadMini5, [00000171DDDED000][00000171DC8CF040 49] iPhone6, [00000171DDDED100][00000171DC8BB080 49] iPodTouch6, [00000171DCE67900][00000171DC8D75C0 49] iPhone7, [00000171DCE66900][00000171DC8C7600 49] iPodTouch7, [00000171DDDD9000][00000171DC8CB8C0 49] iPhone5S, [00000171DCE66F00][00000171DC8C3B80 49] iPhone6Plus, [00000171DDDDB600][00000171DC8D22C0 49] iPhone6S, [00000171DCE64C00][00000171DC8DA580 49] iPhone6SPlus, [00000171DCE65D00][00000171DC8DE840 49] iPhone7Plus, [00000171DDDEC800][00000171DC8E2B00 49] iPhoneSE, [00000171DCE64400][00000171DC8BED80 49] iPhone8, [00000171DDDEC900][00000171DC8E7000 49] iPhone8Plus, [00000171DDDEEE00][00000171DC8EF2C0 49] iPhoneX, [00000171DDDD9D00][00000171DC8F3580 49] iPhoneXS, [00000171DDDEE700][00000171DC8F7840 49] iPhoneXSMax, [00000171DDDD9C00][00000171DC8FBB00 49] iPhoneXR, [00000171DDDEE800][00000171DC8FE240 49] iPhone11, [00000171DDDD8F00][00000171DC902500 49] iPhone11Pro, [00000171DDDECB00][00000171DC9067C0 49] iPhone11ProMax, [00000171DDDD8C00][00000171DC90AA80 49] iPhoneSE2, [00000171DDDECE00][00000171DC90ED40 49] iPhone12Mini, [00000171DCE67800][00000171DC8EAFC0 49] iPhone12, [00000171DDDEF100][00000171DC913240 49] iPhone12Pro, [00000171DCE67700][00000171DC91B500 49] iPhone12ProMax, [00000171DDDEDE00][00000171DC91F7C0 49] iPadPro105, [00000171DCE65400][00000171DC923A80 49] iPadPro129, [00000171DDDEFE00][00000171DC9261C0 49] iPadPro97, [00000171DCE66800][00000171DC79A480 49] iPadPro2_129, [00000171DDDEE000][00000171DC79E740 49] iPad5, [00000171DCE66300][00000171DC7A2A00 49] iPad6, [00000171DDDEFB00][00000171DC7A6CC0 49] iPad7, [00000171DCE65E00][00000171DC7AAF80 49] iPad8, [00000171DDDECA00][00000171DC917200 49] iPadPro11, [00000171DCE67E00][00000171DC7AF480 49] iPadPro2_11, [00000171DDDED800][00000171DC7B7740 49] iPadPro3_129, [00000171DCE66700][00000171DC7BBA00 49] iPadPro4_129, [00000171DDDEC200][00000171DC7BE140 49] AppleTV, [00000171DCE67F00][00000171DC7C2400 49] AppleTV4K, [00000171DDDEE400][00000171DC7C66C0 49] TVOS, [00000171DCE64100][00000171DC7CA980 49] Mac, [00000171DDDEDD00][00000171DC7CEC40 49] MacClient, [00000171DCE66A00][00000171DC7D2F00 49] MacNoEditor, [00000171DDDEFA00][00000171DC7D71C0 49] MacServer, [00000171DCE66000][00000171DC7B3440 49] Linux, [00000171DDDED600][00000171DC7DB6C0 49] LinuxAArch64, [00000171DCE64800][00000171DC7E3980 49] LinuxNoEditor, [00000171DDDECC00][00000171DC7E60C0 49] LinuxAArch64NoEditor, [00000171DCE67B00][00000171DC7EA380 49] LinuxClient, [00000171DDDEF400][00000171DC7EE640 49] LinuxAArch64Client, [00000171DCE67A00][00000171DC7F2900 49] LinuxServer, [00000171DDDEC700][00000171DC7F6BC0 49] LinuxAArch64Server, [00000171DCE66D00][00000171DC7FAE80 49] Android, [00000171DDDEEA00][00000171DC7FF140 49] Android_Low, [00000171DCE65F00][00000171DC803400 49] Android_Mid, [00000171DDDEDF00][00000171DC7DF680 49] Android_High, [00000171DCE65900][00000171DC807900 49] Android_Default, [00000171DDDEFC00][00000171DC80FBC0 49] Android_Adreno4xx, [00000171DCE67600][00000171DC812300 49] Android_Adreno5xx_Low, [00000171DDDEF200][00000171DC8165C0 49] Android_Adreno5xx, [00000171DCE65000][00000171DC81A880 49] Android_Adreno6xx, [00000171DDDEE500][00000171DC81EB40 49] Android_Adreno6xx_Vulkan, [00000171DCE64A00][00000171DC822E00 49] Android_Mali_T6xx, [00000171DDDEE900][00000171DC8270C0 49] Android_Mali_T7xx, [00000171DCE67D00][00000171DC82B380 49] Android_Mali_T8xx, [00000171DDDEED00][00000171DC82F640 49] Android_Mali_G71, [00000171DDDDB100][00000171DC80B8C0 49] Android_Mali_G72, [00000171DCE26F00][00000171DCBD7B40 49] Android_Mali_G72_Vulkan, [00000171DDDDAB00][00000171DCBDE280 49] Android_Mali_G76, [00000171DCE24500][00000171DCBE2540 49] Android_Mali_G76_Vulkan, [00000171DDDDA600][00000171DCBE6800 49] Android_Mali_G77, [00000171DCE27E00][00000171DCBEAAC0 49] Android_Mali_G77_Vulkan, [00000171DDDDA400][00000171DCBEED80 49] Android_Mali_G78, [00000171DCE24D00][00000171DCBF3040 49] Android_Mali_G78_Vulkan, [00000171DDDDB500][00000171DCBF7300 49] Android_Mali_G710, [00000171DCE26B00][00000171DCBFB5C0 49] Android_Mali_G710_Vulkan, [00000171DDDDBE00][00000171DCBFF880 49] Android_Vulkan_SM5, [00000171DCE25A00][00000171DCBDBB00 49] Android_PowerVR_G6xxx, [00000171DDDD8500][00000171DCC02200 49] Android_PowerVR_GT7xxx, [00000171DCE24200][00000171DCC0A4C0 49] Android_PowerVR_GE8xxx, [00000171DDDDBB00][00000171DCC0E780 49] Android_PowerVR_GM9xxx, [00000171DCE26100][00000171DCC12A40 49] Android_PowerVR_GM9xxx_Vulkan, [00000171DDDD9F00][00000171DCC16D00 49] Android_TegraK1, [00000171DCE24A00][00000171DCC1AFC0 49] Android_Unknown_Vulkan, [00000171DDDDB900][00000171DCC1F280 49] Lumin, [00000171DCE25200][00000171DCC23540 49] Lumin_Desktop, [00000171DDDD9E00][00000171DCC27800 49] HoloLens, 
[2021.12.24-05.07.18:359][  0]LogMeshReduction: Using QuadricMeshReduction for automatic static mesh reduction
[2021.12.24-05.07.18:359][  0]LogMeshReduction: Using SimplygonMeshReduction for automatic skeletal mesh reduction
[2021.12.24-05.07.18:359][  0]LogMeshReduction: Using ProxyLODMeshReduction for automatic mesh merging
[2021.12.24-05.07.18:360][  0]LogMeshReduction: No distributed automatic mesh merging module available
[2021.12.24-05.07.18:360][  0]LogMeshMerging: No distributed automatic mesh merging module available
[2021.12.24-05.07.18:625][  0]LogNetVersion: Abstraction 1.0.0, NetCL: 17155196, EngineNetVer: 17, GameNetVer: 0 (Checksum: 179617256)
[2021.12.24-05.07.19:243][  0]LogTexture: Default maximum texture size for cubemaps generated from long-lat sources has been changed from 512 to unlimited. In order to preserve old behaiour for '/Engine/MapTemplates/Sky/DaylightAmbientCubemap.DaylightAmbientCubemap', its maximum texture size has been explicitly set to 512.
[2021.12.24-05.07.19:320][  0]LogHMD: PokeAHoleMaterial loaded successfully
[2021.12.24-05.07.19:327][  0]LogUObjectArray: 17178 objects as part of root set at end of initial load.
[2021.12.24-05.07.19:328][  0]LogUObjectAllocator: 4302048 out of 0 bytes used by permanent object pool.
[2021.12.24-05.07.19:328][  0]LogUObjectArray: CloseDisregardForGC: 0/0 objects in disregard for GC pool
[2021.12.24-05.07.34:430][  0]LogPython: Using Python 3.7.7
[2021.12.24-05.07.40:184][  0]LogTcpMessaging: Initializing TcpMessaging bridge
[2021.12.24-05.07.40:485][  0]LogUdpMessaging: Initializing bridge on interface 0.0.0.0:0 to multicast group 230.0.0.1:6666.
[2021.12.24-05.07.42:187][  0]LogNiagaraDebuggerClient: Niagara Debugger Client Initialized | Session: 047ABB6545F15C300CEC17A3E8A2E4F4 | Instance: 9A26FAE2493ED40E2DE57189A0B1C3E0 (LAPTOP-0U3AVAT7-24320).
[2021.12.24-05.07.44:837][  0]LogTemp: Error: Abstract Component created
[2021.12.24-05.07.53:322][  0]SourceControl: Source control is disabled
[2021.12.24-05.07.53:323][  0]SourceControl: Source control is disabled
[2021.12.24-05.07.53:609][  0]SourceControl: Source control is disabled
[2021.12.24-05.07.53:878][  0]SourceControl: Source control is disabled
[2021.12.24-05.07.54:907][  0]SourceControl: Source control is disabled
[2021.12.24-05.07.55:968][  0]LogUProjectInfo: Found projects:
[2021.12.24-05.08.06:335][  0]LogOpenImageDenoise: OIDN starting up
[2021.12.24-05.08.09:420][  0]LogAndroidPermission: UAndroidPermissionCallbackProxy::GetInstance
[2021.12.24-05.08.11:168][  0]LogAudioCaptureCore: Display: No Audio Capture implementations found. Audio input will be silent.
[2021.12.24-05.08.11:168][  0]LogAudioCaptureCore: Display: No Audio Capture implementations found. Audio input will be silent.
[2021.12.24-05.08.16:199][  0]LogCollectionManager: Loaded 0 collections in 0.004860 seconds
[2021.12.24-05.08.16:697][  0]LogFileCache: Scanning file cache for directory 'C:/Users/willi/OneDrive/Documents/Unreal Projects/Abstraction/Abstraction/Saved/Collections/' took 0.01s
[2021.12.24-05.08.16:697][  0]LogFileCache: Scanning file cache for directory 'C:/Users/willi/OneDrive/Documents/Unreal Projects/Abstraction/Abstraction/Content/Developers/willi/Collections/' took 0.00s
[2021.12.24-05.08.16:697][  0]LogFileCache: Scanning file cache for directory 'C:/Users/willi/OneDrive/Documents/Unreal Projects/Abstraction/Abstraction/Content/Collections/' took 0.00s
[2021.12.24-05.08.17:209][  0]LogOcInput: OculusInput pre-init called
[2021.12.24-05.08.19:220][  0]LogEngine: Initializing Engine...
[2021.12.24-05.08.19:226][  0]LogHMD: Failed to enumerate extensions. Please check that you have a valid OpenXR runtime installed.
[2021.12.24-05.08.19:227][  0]LogHMD: Failed to initialize OpenVR with code 110
[2021.12.24-05.08.19:227][  0]LogMagicLeap: Warning: VR disabled because ZI is not enabled.  To enable, in the editor, Edit -> Project Settings -> Plugins -> Magic Leap Plugin -> Enable Zero Iteration
[2021.12.24-05.08.19:228][  0]LogStats: UGameplayTagsManager::InitializeManager -  0.000 s
[2021.12.24-05.08.19:474][  0]LogInit: Initializing FReadOnlyCVARCache
[2021.12.24-05.08.19:747][  0]LogAIModule: Creating AISystem for world Untitled
[2021.12.24-05.08.19:748][  0]LogAudio: Display: Initializing Audio Device Manager...
[2021.12.24-05.08.20:044][  0]LogAudio: Display: Loading Default Audio Settings Objects...
[2021.12.24-05.08.20:046][  0]LogAudio: Display: No default SoundConcurrencyObject specified (or failed to load).
[2021.12.24-05.08.20:047][  0]LogAudio: Display: Audio Device Manager Initialized
[2021.12.24-05.08.20:047][  0]LogAudio: Display: Creating Audio Device:                 Id: 1, Scope: Shared, Realtime: True
[2021.12.24-05.08.20:047][  0]LogAudioMixer: Display: Audio Mixer Platform Settings:
[2021.12.24-05.08.20:047][  0]LogAudioMixer: Display: 	Sample Rate:						  48000
[2021.12.24-05.08.20:047][  0]LogAudioMixer: Display: 	Callback Buffer Frame Size Requested: 1024
[2021.12.24-05.08.20:047][  0]LogAudioMixer: Display: 	Callback Buffer Frame Size To Use:	  1024
[2021.12.24-05.08.20:047][  0]LogAudioMixer: Display: 	Number of buffers to queue:			  2
[2021.12.24-05.08.20:048][  0]LogAudioMixer: Display: 	Max Channels (voices):				  32
[2021.12.24-05.08.20:048][  0]LogAudioMixer: Display: 	Number of Async Source Workers:		  0
[2021.12.24-05.08.20:048][  0]LogAudio: Display: AudioDevice MaxSources: 32
[2021.12.24-05.08.20:048][  0]LogAudio: Display: Audio Spatialization Plugin: None (built-in).
[2021.12.24-05.08.20:048][  0]LogAudio: Display: Audio Reverb Plugin: None (built-in).
[2021.12.24-05.08.20:049][  0]LogAudio: Display: Audio Occlusion Plugin: None (built-in).
[2021.12.24-05.08.20:049][  0]LogAudioMixer: Display: Initializing audio mixer.
[2021.12.24-05.08.22:079][  0]LogAudioMixer: Display: 0: FrontLeft
[2021.12.24-05.08.22:079][  0]LogAudioMixer: Display: 1: FrontRight
[2021.12.24-05.08.23:933][  0]LogAudioMixer: Display: Using Audio Device AI Noise-cancelling Output (ASUS Utility)
[2021.12.24-05.08.23:934][  0]LogAudioMixer: Display: Initializing Sound Submixes...
[2021.12.24-05.08.23:940][  0]LogAudioMixer: Display: Creating Master Submix 'MasterSubmixDefault'
[2021.12.24-05.08.23:942][  0]LogAudioMixer: Display: Creating Master Submix 'MasterReverbSubmixDefault'
[2021.12.24-05.08.23:944][  0]LogAudioMixer: Display: Creating Master Submix 'MasterEQSubmixDefault'
[2021.12.24-05.08.23:945][  0]LogAudioMixer: FMixerPlatformXAudio2::StartAudioStream() called
[2021.12.24-05.08.23:945][  0]LogAudioMixer: Display: Output buffers initialized: Frames=1024, Channels=2, Samples=2048
[2021.12.24-05.08.23:950][  0]LogAudioMixer: Display: Starting AudioMixerPlatformInterface::RunInternal()
[2021.12.24-05.08.23:950][  0]LogAudioMixer: Display: FMixerPlatformXAudio2::SubmitBuffer() called for the first time
[2021.12.24-05.08.23:950][  0]LogInit: FAudioDevice initialized.
[2021.12.24-05.08.23:951][  0]LogAudio: Display: Audio Device (ID: 1) registered with world 'Untitled'.
[2021.12.24-05.08.23:951][  0]LogNetVersion: Set ProjectVersion to 1.0.0.0. Version Checksum will be recalculated on next use.
[2021.12.24-05.08.24:090][  0]LogDerivedDataCache: Saved boot cache 0.14s 94MB C:/Users/willi/AppData/Local/UnrealEngine/4.27/DerivedDataCache/Boot.ddc.
[2021.12.24-05.08.24:091][  0]LogInit: Texture streaming: Enabled
[2021.12.24-05.08.24:960][  0]LogAnalytics: Display: [UEEditor.Rocket.Release] APIServer = https://datarouter.ol.epicgames.com/. AppVersion = 4.27.2-18319896+++UE4+Release-4.27
[2021.12.24-05.08.25:261][  0]LogEngineSessionManager: EngineSessionManager initialized
[2021.12.24-05.08.25:262][  0]LogEditorSessionSummary: Verbose: Initializing EditorSessionSummaryWriter for editor session tracking
[2021.12.24-05.08.25:266][  0]LogEditorSessionSummary: EditorSessionSummaryWriter initialized
[2021.12.24-05.08.25:868][  0]LogInit: Transaction tracking system initialized
[2021.12.24-05.08.27:567][  0]BlueprintLog: New page: Editor Load
[2021.12.24-05.08.31:622][  0]LocalizationService: Localization service is disabled
[2021.12.24-05.08.33:332][  0]TimingProfiler: Initialize
[2021.12.24-05.08.33:333][  0]TimingProfiler: OnSessionChanged
[2021.12.24-05.08.33:333][  0]LoadingProfiler: Initialize
[2021.12.24-05.08.33:333][  0]LoadingProfiler: OnSessionChanged
[2021.12.24-05.08.33:333][  0]NetworkingProfiler: Initialize
[2021.12.24-05.08.33:333][  0]NetworkingProfiler: OnSessionChanged
[2021.12.24-05.08.33:333][  0]MemoryProfiler: Initialize
[2021.12.24-05.08.33:334][  0]MemoryProfiler: OnSessionChanged
[2021.12.24-05.08.39:597][  0]LogSlate: Took 0.001763 seconds to synchronously load lazily loaded font '../../../Engine/Content/Slate/Fonts/Roboto-Regular.ttf' (155K)
[2021.12.24-05.08.45:449][  0]LogSlate: Window 'Low drive space warning' being destroyed
[2021.12.24-05.08.45:450][  0]LogWindowsTextInputMethodSystem: Display: IME system deactivated.
[2021.12.24-05.08.45:457][  0]Message dialog closed, result: Ok, title: Low drive space warning, text: The following drive locations have limited free space.
It is recommended that you free some space to avoid issues such as crashed and data loss due to files not being able to be written and saved.

  3,737 MB Free 		 C:/Program Files/Epic Games/UE_4.27/Engine/Binaries/Win64/
 				 The base engine directory. 

  3,737 MB Free 		 C:/Users/willi/OneDrive/Documents/Unreal Projects/Abstraction/Abstraction/
 				 The project directory. 

[2021.12.24-05.08.45:898][  0]LogCook: Display: CookSettings for Memory: MemoryMaxUsedVirtual 0MiB, MemoryMaxUsedPhysical 16384MiB, MemoryMinFreeVirtual 0MiB, MemoryMinFreePhysical 1024MiB
[2021.12.24-05.08.45:898][  0]LogCook: Display: Mobile HDR setting 1
[2021.12.24-05.08.47:552][  0]LogFileCache: Scanning file cache for directory 'C:/Users/willi/OneDrive/Documents/Unreal Projects/Abstraction/Abstraction/Content/' took 0.23s
[2021.12.24-05.08.55:013][  0]LogInit: Display: Engine is initialized. Leaving FEngineLoop::Init()
[2021.12.24-05.08.55:024][  0]SourceControl: Source control is disabled
[2021.12.24-05.08.55:024][  0]LogUnrealEdMisc: Loading editor; pre map load, took 184.066
[2021.12.24-05.08.55:024][  0]Cmd: MAP LOAD FILE="../../../../../../Users/willi/OneDrive/Documents/Unreal Projects/Abstraction/Abstraction/Content/StarterContent/Maps/Minimal_Default.umap" TEMPLATE=0 SHOWPROGRESS=1 FEATURELEVEL=3
[2021.12.24-05.08.55:026][  0]LightingResults: New page: Lighting Build
[2021.12.24-05.08.55:031][  0]LogWorld: UWorld::CleanupWorld for Untitled, bSessionEnded=true, bCleanupResources=true
[2021.12.24-05.08.55:031][  0]LogSlate: InvalidateAllWidgets triggered.  All widgets were invalidated
[2021.12.24-05.08.55:031][  0]MapCheck: New page: Map Check
[2021.12.24-05.08.55:032][  0]LightingResults: New page: Lighting Build
[2021.12.24-05.08.55:043][  0]LogAudio: Display: Audio Device unregistered from world 'None'.
[2021.12.24-05.08.55:051][  0]LogUObjectHash: Compacting FUObjectHashTables data took   1.66ms
[2021.12.24-05.08.55:188][  0]LogTemp: Error: Abstract Component created
[2021.12.24-05.08.55:341][  0]LogAudio: Display: Audio Device (ID: 1) registered with world 'Minimal_Default'.
[2021.12.24-05.08.55:343][  0]LogAIModule: Creating AISystem for world Minimal_Default
[2021.12.24-05.08.55:356][  0]LogEditorServer: Finished looking for orphan Actors (0.000 secs)
[2021.12.24-05.08.55:369][  0]LogUObjectHash: Compacting FUObjectHashTables data took   1.56ms
[2021.12.24-05.08.55:369][  0]Cmd: MAP CHECKDEP NOCLEARLOG
[2021.12.24-05.08.55:370][  0]MapCheck: Map check complete: 0 Error(s), 0 Warning(s), took 0.296ms to complete.
[2021.12.24-05.08.55:370][  0]LogFileHelpers: Loading map 'Minimal_Default' took 0.345
[2021.12.24-05.08.55:376][  0]LogUnrealEdMisc: Total Editor Startup Time, took 184.417
[2021.12.24-05.09.00:156][  0]LogWindowsTextInputMethodSystem: Display: IME system deactivated.
[2021.12.24-05.09.00:211][  0]LogSlate: Updating window title bar state: overlay mode, drag disabled, window buttons hidden, title bar hidden
[2021.12.24-05.09.00:224][  0]LogSlate: Updating window title bar state: overlay mode, drag disabled, window buttons hidden, title bar hidden
[2021.12.24-05.09.00:236][  0]LogSlate: Updating window title bar state: overlay mode, drag disabled, window buttons hidden, title bar hidden
[2021.12.24-05.09.00:247][  0]LogSlate: Updating window title bar state: overlay mode, drag disabled, window buttons hidden, title bar hidden
[2021.12.24-05.09.00:272][  0]LogNativeClassHierarchy: Verbose: Native class hierarchy populated in 0.0177 seconds. Added 3824 classes and 931 folders.
[2021.12.24-05.09.00:280][  0]LogNativeClassHierarchy: Verbose: Native class hierarchy updated for 'WidgetCarousel' in 0.0006 seconds. Added 0 classes and 0 folders.
[2021.12.24-05.09.00:282][  0]LogPakFile: PakFile PrimaryIndexSize=187
[2021.12.24-05.09.00:283][  0]LogPakFile: PakFile PathHashIndexSize=101
[2021.12.24-05.09.00:283][  0]LogPakFile: PakFile FullDirectoryIndexSize=148
[2021.12.24-05.09.00:283][  0]LogShaderLibrary: Display: ShaderCodeLibraryPakFileMountedCallback: PakFile 'C:/Program Files/Epic Games/UE_4.27/FeaturePacks/FP_FirstPerson.upack' (chunk index -1, root 'root:/') mounted
[2021.12.24-05.09.00:283][  0]LogShaderLibrary: Display: ShaderCodeLibraryPakFileMountedCallback: pending pak file info (ChunkID:-1 Root:root:/ File:C:/Program Files/Epic Games/UE_4.27/FeaturePacks/FP_FirstPerson.upack)
[2021.12.24-05.09.00:283][  0]LogPakFile: OnPakFileMounted2Time == 0.000321
[2021.12.24-05.09.00:285][  0]LogPakFile: PakFile PrimaryIndexSize=189
[2021.12.24-05.09.00:285][  0]LogPakFile: PakFile PathHashIndexSize=101
[2021.12.24-05.09.00:285][  0]LogPakFile: PakFile FullDirectoryIndexSize=152
[2021.12.24-05.09.00:286][  0]LogShaderLibrary: Display: ShaderCodeLibraryPakFileMountedCallback: PakFile 'C:/Program Files/Epic Games/UE_4.27/FeaturePacks/FP_FirstPersonBP.upack' (chunk index -1, root 'root:/') mounted
[2021.12.24-05.09.00:286][  0]LogShaderLibrary: Display: ShaderCodeLibraryPakFileMountedCallback: pending pak file info (ChunkID:-1 Root:root:/ File:C:/Program Files/Epic Games/UE_4.27/FeaturePacks/FP_FirstPersonBP.upack)
[2021.12.24-05.09.00:286][  0]LogPakFile: OnPakFileMounted2Time == 0.000282
[2021.12.24-05.09.00:288][  0]LogPakFile: PakFile PrimaryIndexSize=191
[2021.12.24-05.09.00:288][  0]LogPakFile: PakFile PathHashIndexSize=101
[2021.12.24-05.09.00:288][  0]LogPakFile: PakFile FullDirectoryIndexSize=160
[2021.12.24-05.09.00:288][  0]LogShaderLibrary: Display: ShaderCodeLibraryPakFileMountedCallback: PakFile 'C:/Program Files/Epic Games/UE_4.27/FeaturePacks/MobileStarterContent.upack' (chunk index -1, root 'root:/') mounted
[2021.12.24-05.09.00:288][  0]LogShaderLibrary: Display: ShaderCodeLibraryPakFileMountedCallback: pending pak file info (ChunkID:-1 Root:root:/ File:C:/Program Files/Epic Games/UE_4.27/FeaturePacks/MobileStarterContent.upack)
[2021.12.24-05.09.00:288][  0]LogPakFile: OnPakFileMounted2Time == 0.000249
[2021.12.24-05.09.00:290][  0]LogPakFile: PakFile PrimaryIndexSize=185
[2021.12.24-05.09.00:291][  0]LogPakFile: PakFile PathHashIndexSize=101
[2021.12.24-05.09.00:291][  0]LogPakFile: PakFile FullDirectoryIndexSize=148
[2021.12.24-05.09.00:291][  0]LogShaderLibrary: Display: ShaderCodeLibraryPakFileMountedCallback: PakFile 'C:/Program Files/Epic Games/UE_4.27/FeaturePacks/StarterContent.upack' (chunk index -1, root 'root:/') mounted
[2021.12.24-05.09.00:291][  0]LogShaderLibrary: Display: ShaderCodeLibraryPakFileMountedCallback: pending pak file info (ChunkID:-1 Root:root:/ File:C:/Program Files/Epic Games/UE_4.27/FeaturePacks/StarterContent.upack)
[2021.12.24-05.09.00:291][  0]LogPakFile: OnPakFileMounted2Time == 0.000287
[2021.12.24-05.09.00:293][  0]LogPakFile: PakFile PrimaryIndexSize=190
[2021.12.24-05.09.00:293][  0]LogPakFile: PakFile PathHashIndexSize=101
[2021.12.24-05.09.00:293][  0]LogPakFile: PakFile FullDirectoryIndexSize=154
[2021.12.24-05.09.00:294][  0]LogShaderLibrary: Display: ShaderCodeLibraryPakFileMountedCallback: PakFile 'C:/Program Files/Epic Games/UE_4.27/FeaturePacks/TP_2DSideScroller.upack' (chunk index -1, root 'root:/') mounted
[2021.12.24-05.09.00:294][  0]LogShaderLibrary: Display: ShaderCodeLibraryPakFileMountedCallback: pending pak file info (ChunkID:-1 Root:root:/ File:C:/Program Files/Epic Games/UE_4.27/FeaturePacks/TP_2DSideScroller.upack)
[2021.12.24-05.09.00:294][  0]LogPakFile: OnPakFileMounted2Time == 0.000221
[2021.12.24-05.09.00:296][  0]LogPakFile: PakFile PrimaryIndexSize=192
[2021.12.24-05.09.00:296][  0]LogPakFile: PakFile PathHashIndexSize=101
[2021.12.24-05.09.00:296][  0]LogPakFile: PakFile FullDirectoryIndexSize=158
[2021.12.24-05.09.00:296][  0]LogShaderLibrary: Display: ShaderCodeLibraryPakFileMountedCallback: PakFile 'C:/Program Files/Epic Games/UE_4.27/FeaturePacks/TP_2DSideScrollerBP.upack' (chunk index -1, root 'root:/') mounted
[2021.12.24-05.09.00:297][  0]LogShaderLibrary: Display: ShaderCodeLibraryPakFileMountedCallback: pending pak file info (ChunkID:-1 Root:root:/ File:C:/Program Files/Epic Games/UE_4.27/FeaturePacks/TP_2DSideScrollerBP.upack)
[2021.12.24-05.09.00:297][  0]LogPakFile: OnPakFileMounted2Time == 0.000474
[2021.12.24-05.09.00:299][  0]LogPakFile: PakFile PrimaryIndexSize=182
[2021.12.24-05.09.00:299][  0]LogPakFile: PakFile PathHashIndexSize=101
[2021.12.24-05.09.00:299][  0]LogPakFile: PakFile FullDirectoryIndexSize=138
[2021.12.24-05.09.00:299][  0]LogShaderLibrary: Display: ShaderCodeLibraryPakFileMountedCallback: PakFile 'C:/Program Files/Epic Games/UE_4.27/FeaturePacks/TP_Flying.upack' (chunk index -1, root 'root:/') mounted
[2021.12.24-05.09.00:300][  0]LogShaderLibrary: Display: ShaderCodeLibraryPakFileMountedCallback: pending pak file info (ChunkID:-1 Root:root:/ File:C:/Program Files/Epic Games/UE_4.27/FeaturePacks/TP_Flying.upack)
[2021.12.24-05.09.00:300][  0]LogPakFile: OnPakFileMounted2Time == 0.000343
[2021.12.24-05.09.00:302][  0]LogPakFile: PakFile PrimaryIndexSize=184
[2021.12.24-05.09.00:302][  0]LogPakFile: PakFile PathHashIndexSize=101
[2021.12.24-05.09.00:302][  0]LogPakFile: PakFile FullDirectoryIndexSize=142
[2021.12.24-05.09.00:302][  0]LogShaderLibrary: Display: ShaderCodeLibraryPakFileMountedCallback: PakFile 'C:/Program Files/Epic Games/UE_4.27/FeaturePacks/TP_FlyingBP.upack' (chunk index -1, root 'root:/') mounted
[2021.12.24-05.09.00:302][  0]LogShaderLibrary: Display: ShaderCodeLibraryPakFileMountedCallback: pending pak file info (ChunkID:-1 Root:root:/ File:C:/Program Files/Epic Games/UE_4.27/FeaturePacks/TP_FlyingBP.upack)
[2021.12.24-05.09.00:302][  0]LogPakFile: OnPakFileMounted2Time == 0.000234
[2021.12.24-05.09.00:304][  0]LogPakFile: PakFile PrimaryIndexSize=188
[2021.12.24-05.09.00:305][  0]LogPakFile: PakFile PathHashIndexSize=101
[2021.12.24-05.09.00:305][  0]LogPakFile: PakFile FullDirectoryIndexSize=150
[2021.12.24-05.09.00:305][  0]LogShaderLibrary: Display: ShaderCodeLibraryPakFileMountedCallback: PakFile 'C:/Program Files/Epic Games/UE_4.27/FeaturePacks/TP_HandheldARBP.upack' (chunk index -1, root 'root:/') mounted
[2021.12.24-05.09.00:305][  0]LogShaderLibrary: Display: ShaderCodeLibraryPakFileMountedCallback: pending pak file info (ChunkID:-1 Root:root:/ File:C:/Program Files/Epic Games/UE_4.27/FeaturePacks/TP_HandheldARBP.upack)
[2021.12.24-05.09.00:305][  0]LogPakFile: OnPakFileMounted2Time == 0.000313
[2021.12.24-05.09.00:308][  0]LogPakFile: PakFile PrimaryIndexSize=182
[2021.12.24-05.09.00:308][  0]LogPakFile: PakFile PathHashIndexSize=101
[2021.12.24-05.09.00:308][  0]LogPakFile: PakFile FullDirectoryIndexSize=138
[2021.12.24-05.09.00:309][  0]LogShaderLibrary: Display: ShaderCodeLibraryPakFileMountedCallback: PakFile 'C:/Program Files/Epic Games/UE_4.27/FeaturePacks/TP_Puzzle.upack' (chunk index -1, root 'root:/') mounted
[2021.12.24-05.09.00:309][  0]LogShaderLibrary: Display: ShaderCodeLibraryPakFileMountedCallback: pending pak file info (ChunkID:-1 Root:root:/ File:C:/Program Files/Epic Games/UE_4.27/FeaturePacks/TP_Puzzle.upack)
[2021.12.24-05.09.00:309][  0]LogPakFile: OnPakFileMounted2Time == 0.000224
[2021.12.24-05.09.00:311][  0]LogPakFile: PakFile PrimaryIndexSize=184
[2021.12.24-05.09.00:311][  0]LogPakFile: PakFile PathHashIndexSize=101
[2021.12.24-05.09.00:311][  0]LogPakFile: PakFile FullDirectoryIndexSize=142
[2021.12.24-05.09.00:311][  0]LogShaderLibrary: Display: ShaderCodeLibraryPakFileMountedCallback: PakFile 'C:/Program Files/Epic Games/UE_4.27/FeaturePacks/TP_PuzzleBP.upack' (chunk index -1, root 'root:/') mounted
[2021.12.24-05.09.00:311][  0]LogShaderLibrary: Display: ShaderCodeLibraryPakFileMountedCallback: pending pak file info (ChunkID:-1 Root:root:/ File:C:/Program Files/Epic Games/UE_4.27/FeaturePacks/TP_PuzzleBP.upack)
[2021.12.24-05.09.00:311][  0]LogPakFile: OnPakFileMounted2Time == 0.000224
[2021.12.24-05.09.00:313][  0]LogPakFile: PakFile PrimaryIndexSize=183
[2021.12.24-05.09.00:313][  0]LogPakFile: PakFile PathHashIndexSize=101
[2021.12.24-05.09.00:313][  0]LogPakFile: PakFile FullDirectoryIndexSize=140
[2021.12.24-05.09.00:314][  0]LogShaderLibrary: Display: ShaderCodeLibraryPakFileMountedCallback: PakFile 'C:/Program Files/Epic Games/UE_4.27/FeaturePacks/TP_Rolling.upack' (chunk index -1, root 'root:/') mounted
[2021.12.24-05.09.00:314][  0]LogShaderLibrary: Display: ShaderCodeLibraryPakFileMountedCallback: pending pak file info (ChunkID:-1 Root:root:/ File:C:/Program Files/Epic Games/UE_4.27/FeaturePacks/TP_Rolling.upack)
[2021.12.24-05.09.00:314][  0]LogPakFile: OnPakFileMounted2Time == 0.000306
[2021.12.24-05.09.00:316][  0]LogPakFile: PakFile PrimaryIndexSize=185
[2021.12.24-05.09.00:316][  0]LogPakFile: PakFile PathHashIndexSize=101
[2021.12.24-05.09.00:316][  0]LogPakFile: PakFile FullDirectoryIndexSize=144
[2021.12.24-05.09.00:316][  0]LogShaderLibrary: Display: ShaderCodeLibraryPakFileMountedCallback: PakFile 'C:/Program Files/Epic Games/UE_4.27/FeaturePacks/TP_RollingBP.upack' (chunk index -1, root 'root:/') mounted
[2021.12.24-05.09.00:316][  0]LogShaderLibrary: Display: ShaderCodeLibraryPakFileMountedCallback: pending pak file info (ChunkID:-1 Root:root:/ File:C:/Program Files/Epic Games/UE_4.27/FeaturePacks/TP_RollingBP.upack)
[2021.12.24-05.09.00:317][  0]LogPakFile: OnPakFileMounted2Time == 0.000289
[2021.12.24-05.09.00:319][  0]LogPakFile: PakFile PrimaryIndexSize=188
[2021.12.24-05.09.00:319][  0]LogPakFile: PakFile PathHashIndexSize=101
[2021.12.24-05.09.00:319][  0]LogPakFile: PakFile FullDirectoryIndexSize=150
[2021.12.24-05.09.00:319][  0]LogShaderLibrary: Display: ShaderCodeLibraryPakFileMountedCallback: PakFile 'C:/Program Files/Epic Games/UE_4.27/FeaturePacks/TP_SideScroller.upack' (chunk index -1, root 'root:/') mounted
[2021.12.24-05.09.00:319][  0]LogShaderLibrary: Display: ShaderCodeLibraryPakFileMountedCallback: pending pak file info (ChunkID:-1 Root:root:/ File:C:/Program Files/Epic Games/UE_4.27/FeaturePacks/TP_SideScroller.upack)
[2021.12.24-05.09.00:319][  0]LogPakFile: OnPakFileMounted2Time == 0.000276
[2021.12.24-05.09.00:321][  0]LogPakFile: PakFile PrimaryIndexSize=190
[2021.12.24-05.09.00:321][  0]LogPakFile: PakFile PathHashIndexSize=101
[2021.12.24-05.09.00:321][  0]LogPakFile: PakFile FullDirectoryIndexSize=154
[2021.12.24-05.09.00:321][  0]LogShaderLibrary: Display: ShaderCodeLibraryPakFileMountedCallback: PakFile 'C:/Program Files/Epic Games/UE_4.27/FeaturePacks/TP_SideScrollerBP.upack' (chunk index -1, root 'root:/') mounted
[2021.12.24-05.09.00:322][  0]LogShaderLibrary: Display: ShaderCodeLibraryPakFileMountedCallback: pending pak file info (ChunkID:-1 Root:root:/ File:C:/Program Files/Epic Games/UE_4.27/FeaturePacks/TP_SideScrollerBP.upack)
[2021.12.24-05.09.00:322][  0]LogPakFile: OnPakFileMounted2Time == 0.000308
[2021.12.24-05.09.00:324][  0]LogPakFile: PakFile PrimaryIndexSize=187
[2021.12.24-05.09.00:324][  0]LogPakFile: PakFile PathHashIndexSize=101
[2021.12.24-05.09.00:324][  0]LogPakFile: PakFile FullDirectoryIndexSize=148
[2021.12.24-05.09.00:324][  0]LogShaderLibrary: Display: ShaderCodeLibraryPakFileMountedCallback: PakFile 'C:/Program Files/Epic Games/UE_4.27/FeaturePacks/TP_ThirdPerson.upack' (chunk index -1, root 'root:/') mounted
[2021.12.24-05.09.00:324][  0]LogShaderLibrary: Display: ShaderCodeLibraryPakFileMountedCallback: pending pak file info (ChunkID:-1 Root:root:/ File:C:/Program Files/Epic Games/UE_4.27/FeaturePacks/TP_ThirdPerson.upack)
[2021.12.24-05.09.00:324][  0]LogPakFile: OnPakFileMounted2Time == 0.000226
[2021.12.24-05.09.00:326][  0]LogPakFile: PakFile PrimaryIndexSize=189
[2021.12.24-05.09.00:326][  0]LogPakFile: PakFile PathHashIndexSize=101
[2021.12.24-05.09.00:326][  0]LogPakFile: PakFile FullDirectoryIndexSize=152
[2021.12.24-05.09.00:326][  0]LogShaderLibrary: Display: ShaderCodeLibraryPakFileMountedCallback: PakFile 'C:/Program Files/Epic Games/UE_4.27/FeaturePacks/TP_ThirdPersonBP.upack' (chunk index -1, root 'root:/') mounted
[2021.12.24-05.09.00:326][  0]LogShaderLibrary: Display: ShaderCodeLibraryPakFileMountedCallback: pending pak file info (ChunkID:-1 Root:root:/ File:C:/Program Files/Epic Games/UE_4.27/FeaturePacks/TP_ThirdPersonBP.upack)
[2021.12.24-05.09.00:326][  0]LogPakFile: OnPakFileMounted2Time == 0.000234
[2021.12.24-05.09.00:329][  0]LogPakFile: PakFile PrimaryIndexSize=183
[2021.12.24-05.09.00:329][  0]LogPakFile: PakFile PathHashIndexSize=101
[2021.12.24-05.09.00:329][  0]LogPakFile: PakFile FullDirectoryIndexSize=140
[2021.12.24-05.09.00:329][  0]LogShaderLibrary: Display: ShaderCodeLibraryPakFileMountedCallback: PakFile 'C:/Program Files/Epic Games/UE_4.27/FeaturePacks/TP_TopDown.upack' (chunk index -1, root 'root:/') mounted
[2021.12.24-05.09.00:329][  0]LogShaderLibrary: Display: ShaderCodeLibraryPakFileMountedCallback: pending pak file info (ChunkID:-1 Root:root:/ File:C:/Program Files/Epic Games/UE_4.27/FeaturePacks/TP_TopDown.upack)
[2021.12.24-05.09.00:329][  0]LogPakFile: OnPakFileMounted2Time == 0.000278
[2021.12.24-05.09.00:331][  0]LogPakFile: PakFile PrimaryIndexSize=185
[2021.12.24-05.09.00:332][  0]LogPakFile: PakFile PathHashIndexSize=101
[2021.12.24-05.09.00:332][  0]LogPakFile: PakFile FullDirectoryIndexSize=144
[2021.12.24-05.09.00:332][  0]LogShaderLibrary: Display: ShaderCodeLibraryPakFileMountedCallback: PakFile 'C:/Program Files/Epic Games/UE_4.27/FeaturePacks/TP_TopDownBP.upack' (chunk index -1, root 'root:/') mounted
[2021.12.24-05.09.00:332][  0]LogShaderLibrary: Display: ShaderCodeLibraryPakFileMountedCallback: pending pak file info (ChunkID:-1 Root:root:/ File:C:/Program Files/Epic Games/UE_4.27/FeaturePacks/TP_TopDownBP.upack)
[2021.12.24-05.09.00:333][  0]LogPakFile: OnPakFileMounted2Time == 0.000282
[2021.12.24-05.09.00:334][  0]LogPakFile: PakFile PrimaryIndexSize=185
[2021.12.24-05.09.00:335][  0]LogPakFile: PakFile PathHashIndexSize=101
[2021.12.24-05.09.00:335][  0]LogPakFile: PakFile FullDirectoryIndexSize=144
[2021.12.24-05.09.00:335][  0]LogShaderLibrary: Display: ShaderCodeLibraryPakFileMountedCallback: PakFile 'C:/Program Files/Epic Games/UE_4.27/FeaturePacks/TP_TwinStick.upack' (chunk index -1, root 'root:/') mounted
[2021.12.24-05.09.00:335][  0]LogShaderLibrary: Display: ShaderCodeLibraryPakFileMountedCallback: pending pak file info (ChunkID:-1 Root:root:/ File:C:/Program Files/Epic Games/UE_4.27/FeaturePacks/TP_TwinStick.upack)
[2021.12.24-05.09.00:335][  0]LogPakFile: OnPakFileMounted2Time == 0.000191
[2021.12.24-05.09.00:337][  0]LogPakFile: PakFile PrimaryIndexSize=187
[2021.12.24-05.09.00:337][  0]LogPakFile: PakFile PathHashIndexSize=101
[2021.12.24-05.09.00:337][  0]LogPakFile: PakFile FullDirectoryIndexSize=148
[2021.12.24-05.09.00:337][  0]LogShaderLibrary: Display: ShaderCodeLibraryPakFileMountedCallback: PakFile 'C:/Program Files/Epic Games/UE_4.27/FeaturePacks/TP_TwinStickBP.upack' (chunk index -1, root 'root:/') mounted
[2021.12.24-05.09.00:337][  0]LogShaderLibrary: Display: ShaderCodeLibraryPakFileMountedCallback: pending pak file info (ChunkID:-1 Root:root:/ File:C:/Program Files/Epic Games/UE_4.27/FeaturePacks/TP_TwinStickBP.upack)
[2021.12.24-05.09.00:337][  0]LogPakFile: OnPakFileMounted2Time == 0.000364
[2021.12.24-05.09.00:340][  0]LogPakFile: PakFile PrimaryIndexSize=183
[2021.12.24-05.09.00:340][  0]LogPakFile: PakFile PathHashIndexSize=101
[2021.12.24-05.09.00:340][  0]LogPakFile: PakFile FullDirectoryIndexSize=140
[2021.12.24-05.09.00:341][  0]LogShaderLibrary: Display: ShaderCodeLibraryPakFileMountedCallback: PakFile 'C:/Program Files/Epic Games/UE_4.27/FeaturePacks/TP_Vehicle.upack' (chunk index -1, root 'root:/') mounted
[2021.12.24-05.09.00:341][  0]LogShaderLibrary: Display: ShaderCodeLibraryPakFileMountedCallback: pending pak file info (ChunkID:-1 Root:root:/ File:C:/Program Files/Epic Games/UE_4.27/FeaturePacks/TP_Vehicle.upack)
[2021.12.24-05.09.00:341][  0]LogPakFile: OnPakFileMounted2Time == 0.000341
[2021.12.24-05.09.00:343][  0]LogPakFile: PakFile PrimaryIndexSize=186
[2021.12.24-05.09.00:343][  0]LogPakFile: PakFile PathHashIndexSize=101
[2021.12.24-05.09.00:343][  0]LogPakFile: PakFile FullDirectoryIndexSize=146
[2021.12.24-05.09.00:343][  0]LogShaderLibrary: Display: ShaderCodeLibraryPakFileMountedCallback: PakFile 'C:/Program Files/Epic Games/UE_4.27/FeaturePacks/TP_VehicleAdv.upack' (chunk index -1, root 'root:/') mounted
[2021.12.24-05.09.00:343][  0]LogShaderLibrary: Display: ShaderCodeLibraryPakFileMountedCallback: pending pak file info (ChunkID:-1 Root:root:/ File:C:/Program Files/Epic Games/UE_4.27/FeaturePacks/TP_VehicleAdv.upack)
[2021.12.24-05.09.00:343][  0]LogPakFile: OnPakFileMounted2Time == 0.000205
[2021.12.24-05.09.00:345][  0]LogPakFile: PakFile PrimaryIndexSize=188
[2021.12.24-05.09.00:345][  0]LogPakFile: PakFile PathHashIndexSize=101
[2021.12.24-05.09.00:345][  0]LogPakFile: PakFile FullDirectoryIndexSize=150
[2021.12.24-05.09.00:346][  0]LogShaderLibrary: Display: ShaderCodeLibraryPakFileMountedCallback: PakFile 'C:/Program Files/Epic Games/UE_4.27/FeaturePacks/TP_VehicleAdvBP.upack' (chunk index -1, root 'root:/') mounted
[2021.12.24-05.09.00:346][  0]LogShaderLibrary: Display: ShaderCodeLibraryPakFileMountedCallback: pending pak file info (ChunkID:-1 Root:root:/ File:C:/Program Files/Epic Games/UE_4.27/FeaturePacks/TP_VehicleAdvBP.upack)
[2021.12.24-05.09.00:346][  0]LogPakFile: OnPakFileMounted2Time == 0.000275
[2021.12.24-05.09.00:348][  0]LogPakFile: PakFile PrimaryIndexSize=185
[2021.12.24-05.09.00:348][  0]LogPakFile: PakFile PathHashIndexSize=101
[2021.12.24-05.09.00:348][  0]LogPakFile: PakFile FullDirectoryIndexSize=144
[2021.12.24-05.09.00:348][  0]LogShaderLibrary: Display: ShaderCodeLibraryPakFileMountedCallback: PakFile 'C:/Program Files/Epic Games/UE_4.27/FeaturePacks/TP_VehicleBP.upack' (chunk index -1, root 'root:/') mounted
[2021.12.24-05.09.00:348][  0]LogShaderLibrary: Display: ShaderCodeLibraryPakFileMountedCallback: pending pak file info (ChunkID:-1 Root:root:/ File:C:/Program Files/Epic Games/UE_4.27/FeaturePacks/TP_VehicleBP.upack)
[2021.12.24-05.09.00:348][  0]LogPakFile: OnPakFileMounted2Time == 0.000255
[2021.12.24-05.09.00:351][  0]LogPakFile: PakFile PrimaryIndexSize=192
[2021.12.24-05.09.00:351][  0]LogPakFile: PakFile PathHashIndexSize=101
[2021.12.24-05.09.00:351][  0]LogPakFile: PakFile FullDirectoryIndexSize=158
[2021.12.24-05.09.00:351][  0]LogShaderLibrary: Display: ShaderCodeLibraryPakFileMountedCallback: PakFile 'C:/Program Files/Epic Games/UE_4.27/FeaturePacks/TP_VirtualRealityBP.upack' (chunk index -1, root 'root:/') mounted
[2021.12.24-05.09.00:351][  0]LogShaderLibrary: Display: ShaderCodeLibraryPakFileMountedCallback: pending pak file info (ChunkID:-1 Root:root:/ File:C:/Program Files/Epic Games/UE_4.27/FeaturePacks/TP_VirtualRealityBP.upack)
[2021.12.24-05.09.00:352][  0]LogPakFile: OnPakFileMounted2Time == 0.000240
[2021.12.24-05.09.00:478][  0]LogNativeClassHierarchy: Verbose: Native class hierarchy updated for 'AddContentDialog' in 0.0004 seconds. Added 0 classes and 0 folders.
[2021.12.24-05.09.00:481][  0]LogNativeClassHierarchy: Verbose: Native class hierarchy updated for 'SceneOutliner' in 0.0005 seconds. Added 2 classes and 0 folders.
[2021.12.24-05.09.00:532][  0]LogSlate: Took 0.000802 seconds to synchronously load lazily loaded font '../../../Engine/Content/Editor/Slate/Fonts/FontAwesome.ttf' (139K)
[2021.12.24-05.09.00:535][  0]LogSlate: Took 0.000799 seconds to synchronously load lazily loaded font '../../../Engine/Content/Slate/Fonts/Roboto-Bold.ttf' (160K)
[2021.12.24-05.09.00:629][  0]LogRenderer: Reallocating scene render targets to support 1208x568 Format 10 NumSamples 1 (Frame:1).
[2021.12.24-05.09.00:704][  0]LogSlate: Took 0.000421 seconds to synchronously load lazily loaded font '../../../Engine/Content/Slate/Fonts/Roboto-Light.ttf' (167K)
[2021.12.24-05.09.01:061][  0]LogNativeClassHierarchy: Verbose: Native class hierarchy updated for 'HierarchicalLODOutliner' in 0.0005 seconds. Added 0 classes and 0 folders.
[2021.12.24-05.09.01:061][  0]LogLoad: (Engine Initialization) Total time: 190.10 seconds
[2021.12.24-05.09.01:061][  0]LogLoad: (Engine Initialization) Total Blueprint compile time: 0.00 seconds
[2021.12.24-05.09.01:147][  0]LogContentStreaming: Texture pool size now 1000 MB
[2021.12.24-05.09.01:224][  1]LogAssetRegistry: Asset discovery search completed in 106.7305 seconds
[2021.12.24-05.09.01:237][  1]LogCollectionManager: Fixed up redirectors for 0 collections in 0.000004 seconds (updated 0 objects)
